{"/Users/julliansamado/Proyectos/gestiónOficina/GestionTareasOficina/backend/src/config/database.js": {"path":"/Users/julliansamado/Proyectos/gestiónOficina/GestionTareasOficina/backend/src/config/database.js","statementMap":{"0":{"start":{"line":1,"column":17},"end":{"line":1,"column":30}},"1":{"start":{"line":2,"column":12},"end":{"line":2,"column":28}},"2":{"start":{"line":4,"column":15},"end":{"line":12,"column":5}},"3":{"start":{"line":14,"column":13},"end":{"line":14,"column":102}},"4":{"start":{"line":16,"column":0},"end":{"line":19,"column":3}},"5":{"start":{"line":17,"column":2},"end":{"line":17,"column":56}},"6":{"start":{"line":18,"column":2},"end":{"line":18,"column":19}},"7":{"start":{"line":21,"column":11},"end":{"line":25,"column":1}},"8":{"start":{"line":22,"column":27},"end":{"line":22,"column":51}},"9":{"start":{"line":23,"column":19},"end":{"line":23,"column":33}},"10":{"start":{"line":27,"column":0},"end":{"line":27,"column":20}}},"fnMap":{"0":{"name":"(anonymous_0)","decl":{"start":{"line":16,"column":17},"end":{"line":16,"column":18}},"loc":{"start":{"line":16,"column":26},"end":{"line":19,"column":1}},"line":16},"1":{"name":"(anonymous_1)","decl":{"start":{"line":22,"column":9},"end":{"line":22,"column":10}},"loc":{"start":{"line":22,"column":27},"end":{"line":22,"column":51}},"line":22},"2":{"name":"(anonymous_2)","decl":{"start":{"line":23,"column":13},"end":{"line":23,"column":14}},"loc":{"start":{"line":23,"column":19},"end":{"line":23,"column":33}},"line":23}},"branchMap":{"0":{"loc":{"start":{"line":4,"column":15},"end":{"line":12,"column":5}},"type":"cond-expr","locations":[{"start":{"line":5,"column":4},"end":{"line":5,"column":118}},{"start":{"line":6,"column":4},"end":{"line":12,"column":5}}],"line":4},"1":{"loc":{"start":{"line":5,"column":47},"end":{"line":5,"column":116}},"type":"cond-expr","locations":[{"start":{"line":5,"column":79},"end":{"line":5,"column":108}},{"start":{"line":5,"column":111},"end":{"line":5,"column":116}}],"line":5},"2":{"loc":{"start":{"line":9,"column":16},"end":{"line":9,"column":72}},"type":"cond-expr","locations":[{"start":{"line":9,"column":42},"end":{"line":9,"column":58}},{"start":{"line":9,"column":61},"end":{"line":9,"column":72}}],"line":9}},"s":{"0":6,"1":6,"2":6,"3":6,"4":6,"5":0,"6":0,"7":6,"8":0,"9":0,"10":6},"f":{"0":0,"1":0,"2":0},"b":{"0":[0,6],"1":[0,0],"2":[5,1]},"_coverageSchema":"1a1c01bbd47fc00a2c39e90264f33305004495a9","hash":"f5f27ca11645cc9737aa00af7ec1fab72cd2a84b"}
,"/Users/julliansamado/Proyectos/gestiónOficina/GestionTareasOficina/backend/src/config/env.js": {"path":"/Users/julliansamado/Proyectos/gestiónOficina/GestionTareasOficina/backend/src/config/env.js","statementMap":{"0":{"start":{"line":1,"column":0},"end":{"line":1,"column":27}},"1":{"start":{"line":3,"column":0},"end":{"line":33,"column":2}}},"fnMap":{},"branchMap":{"0":{"loc":{"start":{"line":4,"column":8},"end":{"line":4,"column":32}},"type":"binary-expr","locations":[{"start":{"line":4,"column":8},"end":{"line":4,"column":24}},{"start":{"line":4,"column":28},"end":{"line":4,"column":32}}],"line":4},"1":{"loc":{"start":{"line":5,"column":12},"end":{"line":5,"column":49}},"type":"binary-expr","locations":[{"start":{"line":5,"column":12},"end":{"line":5,"column":32}},{"start":{"line":5,"column":36},"end":{"line":5,"column":49}}],"line":5},"2":{"loc":{"start":{"line":6,"column":14},"end":{"line":6,"column":63}},"type":"binary-expr","locations":[{"start":{"line":6,"column":14},"end":{"line":6,"column":36}},{"start":{"line":6,"column":40},"end":{"line":6,"column":63}}],"line":6},"3":{"loc":{"start":{"line":8,"column":16},"end":{"line":8,"column":46}},"type":"binary-expr","locations":[{"start":{"line":8,"column":16},"end":{"line":8,"column":40}},{"start":{"line":8,"column":44},"end":{"line":8,"column":46}}],"line":8},"4":{"loc":{"start":{"line":9,"column":11},"end":{"line":9,"column":45}},"type":"binary-expr","locations":[{"start":{"line":9,"column":11},"end":{"line":9,"column":30}},{"start":{"line":9,"column":34},"end":{"line":9,"column":45}}],"line":9},"5":{"loc":{"start":{"line":10,"column":11},"end":{"line":10,"column":38}},"type":"binary-expr","locations":[{"start":{"line":10,"column":11},"end":{"line":10,"column":30}},{"start":{"line":10,"column":34},"end":{"line":10,"column":38}}],"line":10},"6":{"loc":{"start":{"line":11,"column":11},"end":{"line":11,"column":44}},"type":"binary-expr","locations":[{"start":{"line":11,"column":11},"end":{"line":11,"column":30}},{"start":{"line":11,"column":34},"end":{"line":11,"column":44}}],"line":11},"7":{"loc":{"start":{"line":12,"column":11},"end":{"line":12,"column":44}},"type":"binary-expr","locations":[{"start":{"line":12,"column":11},"end":{"line":12,"column":30}},{"start":{"line":12,"column":34},"end":{"line":12,"column":44}}],"line":12},"8":{"loc":{"start":{"line":13,"column":15},"end":{"line":13,"column":52}},"type":"binary-expr","locations":[{"start":{"line":13,"column":15},"end":{"line":13,"column":38}},{"start":{"line":13,"column":42},"end":{"line":13,"column":52}}],"line":13},"9":{"loc":{"start":{"line":14,"column":16},"end":{"line":14,"column":59}},"type":"binary-expr","locations":[{"start":{"line":14,"column":16},"end":{"line":14,"column":40}},{"start":{"line":14,"column":44},"end":{"line":14,"column":59}}],"line":14},"10":{"loc":{"start":{"line":16,"column":14},"end":{"line":16,"column":73}},"type":"binary-expr","locations":[{"start":{"line":16,"column":14},"end":{"line":16,"column":36}},{"start":{"line":16,"column":40},"end":{"line":16,"column":73}}],"line":16},"11":{"loc":{"start":{"line":17,"column":18},"end":{"line":17,"column":52}},"type":"binary-expr","locations":[{"start":{"line":17,"column":18},"end":{"line":17,"column":44}},{"start":{"line":17,"column":48},"end":{"line":17,"column":52}}],"line":17},"12":{"loc":{"start":{"line":18,"column":22},"end":{"line":18,"column":97}},"type":"binary-expr","locations":[{"start":{"line":18,"column":22},"end":{"line":18,"column":52}},{"start":{"line":18,"column":56},"end":{"line":18,"column":97}}],"line":18},"13":{"loc":{"start":{"line":19,"column":26},"end":{"line":19,"column":68}},"type":"binary-expr","locations":[{"start":{"line":19,"column":26},"end":{"line":19,"column":60}},{"start":{"line":19,"column":64},"end":{"line":19,"column":68}}],"line":19},"14":{"loc":{"start":{"line":21,"column":20},"end":{"line":21,"column":54}},"type":"binary-expr","locations":[{"start":{"line":21,"column":20},"end":{"line":21,"column":48}},{"start":{"line":21,"column":52},"end":{"line":21,"column":54}}],"line":21},"15":{"loc":{"start":{"line":22,"column":14},"end":{"line":22,"column":62}},"type":"binary-expr","locations":[{"start":{"line":22,"column":14},"end":{"line":22,"column":36}},{"start":{"line":22,"column":40},"end":{"line":22,"column":62}}],"line":22},"16":{"loc":{"start":{"line":23,"column":21},"end":{"line":23,"column":56}},"type":"binary-expr","locations":[{"start":{"line":23,"column":21},"end":{"line":23,"column":50}},{"start":{"line":23,"column":54},"end":{"line":23,"column":56}}],"line":23},"17":{"loc":{"start":{"line":25,"column":13},"end":{"line":25,"column":40}},"type":"binary-expr","locations":[{"start":{"line":25,"column":13},"end":{"line":25,"column":34}},{"start":{"line":25,"column":38},"end":{"line":25,"column":40}}],"line":25},"18":{"loc":{"start":{"line":26,"column":13},"end":{"line":26,"column":42}},"type":"binary-expr","locations":[{"start":{"line":26,"column":13},"end":{"line":26,"column":34}},{"start":{"line":26,"column":38},"end":{"line":26,"column":42}}],"line":26},"19":{"loc":{"start":{"line":28,"column":13},"end":{"line":28,"column":40}},"type":"binary-expr","locations":[{"start":{"line":28,"column":13},"end":{"line":28,"column":34}},{"start":{"line":28,"column":38},"end":{"line":28,"column":40}}],"line":28},"20":{"loc":{"start":{"line":29,"column":13},"end":{"line":29,"column":40}},"type":"binary-expr","locations":[{"start":{"line":29,"column":13},"end":{"line":29,"column":34}},{"start":{"line":29,"column":38},"end":{"line":29,"column":40}}],"line":29}},"s":{"0":9,"1":9},"f":{},"b":{"0":[9,0],"1":[9,0],"2":[9,0],"3":[9,9],"4":[9,0],"5":[9,0],"6":[9,0],"7":[9,0],"8":[9,0],"9":[9,0],"10":[9,0],"11":[9,0],"12":[9,0],"13":[9,0],"14":[9,9],"15":[9,0],"16":[9,9],"17":[9,0],"18":[9,0],"19":[9,9],"20":[9,9]},"_coverageSchema":"1a1c01bbd47fc00a2c39e90264f33305004495a9","hash":"161e4c6a2acb7a75e14152345fb2b6f510bd670c"}
,"/Users/julliansamado/Proyectos/gestiónOficina/GestionTareasOficina/backend/src/controllers/authController.js": {"path":"/Users/julliansamado/Proyectos/gestiónOficina/GestionTareasOficina/backend/src/controllers/authController.js","statementMap":{"0":{"start":{"line":1,"column":15},"end":{"line":1,"column":32}},"1":{"start":{"line":2,"column":15},"end":{"line":2,"column":32}},"2":{"start":{"line":3,"column":23},"end":{"line":3,"column":38}},"3":{"start":{"line":4,"column":11},"end":{"line":4,"column":40}},"4":{"start":{"line":5,"column":53},"end":{"line":5,"column":76}},"5":{"start":{"line":6,"column":35},"end":{"line":6,"column":60}},"6":{"start":{"line":7,"column":15},"end":{"line":7,"column":41}},"7":{"start":{"line":8,"column":12},"end":{"line":8,"column":36}},"8":{"start":{"line":10,"column":18},"end":{"line":10,"column":84}},"9":{"start":{"line":10,"column":29},"end":{"line":10,"column":84}},"10":{"start":{"line":12,"column":17},"end":{"line":45,"column":1}},"11":{"start":{"line":13,"column":2},"end":{"line":44,"column":3}},"12":{"start":{"line":14,"column":38},"end":{"line":14,"column":46}},"13":{"start":{"line":16,"column":21},"end":{"line":16,"column":99}},"14":{"start":{"line":17,"column":4},"end":{"line":19,"column":5}},"15":{"start":{"line":18,"column":6},"end":{"line":18,"column":76}},"16":{"start":{"line":21,"column":25},"end":{"line":21,"column":56}},"17":{"start":{"line":22,"column":15},"end":{"line":22,"column":23}},"18":{"start":{"line":24,"column":19},"end":{"line":29,"column":5}},"19":{"start":{"line":30,"column":17},"end":{"line":30,"column":31}},"20":{"start":{"line":32,"column":18},"end":{"line":32,"column":79}},"21":{"start":{"line":33,"column":25},"end":{"line":33,"column":57}},"22":{"start":{"line":35,"column":4},"end":{"line":38,"column":6}},"23":{"start":{"line":40,"column":4},"end":{"line":40,"column":56}},"24":{"start":{"line":41,"column":4},"end":{"line":41,"column":56}},"25":{"start":{"line":43,"column":4},"end":{"line":43,"column":14}},"26":{"start":{"line":47,"column":14},"end":{"line":79,"column":1}},"27":{"start":{"line":48,"column":2},"end":{"line":78,"column":3}},"28":{"start":{"line":49,"column":32},"end":{"line":49,"column":40}},"29":{"start":{"line":51,"column":19},"end":{"line":54,"column":5}},"30":{"start":{"line":55,"column":17},"end":{"line":55,"column":31}},"31":{"start":{"line":56,"column":4},"end":{"line":58,"column":5}},"32":{"start":{"line":57,"column":6},"end":{"line":57,"column":79}},"33":{"start":{"line":60,"column":18},"end":{"line":60,"column":68}},"34":{"start":{"line":61,"column":4},"end":{"line":63,"column":5}},"35":{"start":{"line":62,"column":6},"end":{"line":62,"column":79}},"36":{"start":{"line":65,"column":18},"end":{"line":65,"column":79}},"37":{"start":{"line":66,"column":25},"end":{"line":66,"column":57}},"38":{"start":{"line":68,"column":4},"end":{"line":71,"column":6}},"39":{"start":{"line":73,"column":43},"end":{"line":73,"column":47}},"40":{"start":{"line":74,"column":4},"end":{"line":74,"column":55}},"41":{"start":{"line":75,"column":4},"end":{"line":75,"column":54}},"42":{"start":{"line":77,"column":4},"end":{"line":77,"column":14}},"43":{"start":{"line":81,"column":16},"end":{"line":116,"column":1}},"44":{"start":{"line":82,"column":2},"end":{"line":115,"column":3}},"45":{"start":{"line":83,"column":29},"end":{"line":83,"column":37}},"46":{"start":{"line":84,"column":4},"end":{"line":84,"column":88}},"47":{"start":{"line":84,"column":23},"end":{"line":84,"column":88}},"48":{"start":{"line":86,"column":19},"end":{"line":89,"column":5}},"49":{"start":{"line":90,"column":4},"end":{"line":92,"column":5}},"50":{"start":{"line":91,"column":6},"end":{"line":91,"column":82}},"51":{"start":{"line":94,"column":20},"end":{"line":94,"column":47}},"52":{"start":{"line":95,"column":23},"end":{"line":98,"column":5}},"53":{"start":{"line":99,"column":17},"end":{"line":99,"column":35}},"54":{"start":{"line":100,"column":4},"end":{"line":100,"column":79}},"55":{"start":{"line":100,"column":15},"end":{"line":100,"column":79}},"56":{"start":{"line":102,"column":4},"end":{"line":102,"column":96}},"57":{"start":{"line":104,"column":21},"end":{"line":104,"column":82}},"58":{"start":{"line":105,"column":28},"end":{"line":105,"column":60}},"59":{"start":{"line":107,"column":4},"end":{"line":110,"column":6}},"60":{"start":{"line":112,"column":4},"end":{"line":112,"column":65}},"61":{"start":{"line":114,"column":4},"end":{"line":114,"column":14}},"62":{"start":{"line":118,"column":15},"end":{"line":135,"column":1}},"63":{"start":{"line":119,"column":2},"end":{"line":134,"column":3}},"64":{"start":{"line":120,"column":29},"end":{"line":120,"column":37}},"65":{"start":{"line":122,"column":4},"end":{"line":125,"column":6}},"66":{"start":{"line":126,"column":4},"end":{"line":128,"column":5}},"67":{"start":{"line":127,"column":6},"end":{"line":127,"column":98}},"68":{"start":{"line":130,"column":4},"end":{"line":130,"column":64}},"69":{"start":{"line":131,"column":4},"end":{"line":131,"column":32}},"70":{"start":{"line":133,"column":4},"end":{"line":133,"column":14}},"71":{"start":{"line":137,"column":11},"end":{"line":148,"column":1}},"72":{"start":{"line":138,"column":2},"end":{"line":147,"column":3}},"73":{"start":{"line":139,"column":19},"end":{"line":142,"column":5}},"74":{"start":{"line":143,"column":4},"end":{"line":143,"column":89}},"75":{"start":{"line":143,"column":25},"end":{"line":143,"column":89}},"76":{"start":{"line":144,"column":4},"end":{"line":144,"column":39}},"77":{"start":{"line":146,"column":4},"end":{"line":146,"column":14}},"78":{"start":{"line":150,"column":17},"end":{"line":194,"column":1}},"79":{"start":{"line":151,"column":2},"end":{"line":193,"column":3}},"80":{"start":{"line":152,"column":58},"end":{"line":152,"column":66}},"81":{"start":{"line":153,"column":19},"end":{"line":153,"column":34}},"82":{"start":{"line":155,"column":19},"end":{"line":155,"column":103}},"83":{"start":{"line":156,"column":20},"end":{"line":156,"column":34}},"84":{"start":{"line":157,"column":4},"end":{"line":157,"column":82}},"85":{"start":{"line":157,"column":18},"end":{"line":157,"column":82}},"86":{"start":{"line":159,"column":4},"end":{"line":164,"column":5}},"87":{"start":{"line":160,"column":23},"end":{"line":160,"column":122}},"88":{"start":{"line":161,"column":6},"end":{"line":163,"column":7}},"89":{"start":{"line":162,"column":8},"end":{"line":162,"column":78}},"90":{"start":{"line":167,"column":4},"end":{"line":176,"column":5}},"91":{"start":{"line":168,"column":6},"end":{"line":170,"column":7}},"92":{"start":{"line":169,"column":8},"end":{"line":169,"column":85}},"93":{"start":{"line":171,"column":20},"end":{"line":171,"column":80}},"94":{"start":{"line":172,"column":6},"end":{"line":174,"column":7}},"95":{"start":{"line":173,"column":8},"end":{"line":173,"column":85}},"96":{"start":{"line":175,"column":6},"end":{"line":175,"column":56}},"97":{"start":{"line":178,"column":20},"end":{"line":187,"column":5}},"98":{"start":{"line":189,"column":4},"end":{"line":189,"column":59}},"99":{"start":{"line":190,"column":4},"end":{"line":190,"column":40}},"100":{"start":{"line":192,"column":4},"end":{"line":192,"column":14}},"101":{"start":{"line":196,"column":23},"end":{"line":225,"column":1}},"102":{"start":{"line":197,"column":2},"end":{"line":224,"column":3}},"103":{"start":{"line":198,"column":22},"end":{"line":198,"column":30}},"104":{"start":{"line":200,"column":19},"end":{"line":200,"column":97}},"105":{"start":{"line":201,"column":17},"end":{"line":201,"column":31}},"106":{"start":{"line":205,"column":4},"end":{"line":219,"column":5}},"107":{"start":{"line":206,"column":23},"end":{"line":206,"column":61}},"108":{"start":{"line":207,"column":24},"end":{"line":207,"column":43}},"109":{"start":{"line":209,"column":6},"end":{"line":212,"column":8}},"110":{"start":{"line":214,"column":6},"end":{"line":214,"column":66}},"111":{"start":{"line":215,"column":6},"end":{"line":215,"column":68}},"112":{"start":{"line":218,"column":6},"end":{"line":218,"column":52}},"113":{"start":{"line":218,"column":32},"end":{"line":218,"column":52}},"114":{"start":{"line":221,"column":4},"end":{"line":221,"column":141}},"115":{"start":{"line":223,"column":4},"end":{"line":223,"column":14}},"116":{"start":{"line":227,"column":22},"end":{"line":252,"column":1}},"117":{"start":{"line":228,"column":2},"end":{"line":251,"column":3}},"118":{"start":{"line":229,"column":32},"end":{"line":229,"column":40}},"119":{"start":{"line":230,"column":22},"end":{"line":230,"column":38}},"120":{"start":{"line":232,"column":19},"end":{"line":235,"column":5}},"121":{"start":{"line":236,"column":21},"end":{"line":236,"column":35}},"122":{"start":{"line":237,"column":4},"end":{"line":239,"column":5}},"123":{"start":{"line":238,"column":6},"end":{"line":238,"column":74}},"124":{"start":{"line":241,"column":25},"end":{"line":241,"column":56}},"125":{"start":{"line":243,"column":4},"end":{"line":243,"column":106}},"126":{"start":{"line":244,"column":4},"end":{"line":244,"column":102}},"127":{"start":{"line":245,"column":4},"end":{"line":245,"column":102}},"128":{"start":{"line":247,"column":4},"end":{"line":247,"column":68}},"129":{"start":{"line":248,"column":4},"end":{"line":248,"column":66}},"130":{"start":{"line":250,"column":4},"end":{"line":250,"column":14}},"131":{"start":{"line":254,"column":0},"end":{"line":254,"column":99}}},"fnMap":{"0":{"name":"(anonymous_0)","decl":{"start":{"line":10,"column":18},"end":{"line":10,"column":19}},"loc":{"start":{"line":10,"column":29},"end":{"line":10,"column":84}},"line":10},"1":{"name":"(anonymous_1)","decl":{"start":{"line":12,"column":17},"end":{"line":12,"column":18}},"loc":{"start":{"line":12,"column":43},"end":{"line":45,"column":1}},"line":12},"2":{"name":"(anonymous_2)","decl":{"start":{"line":47,"column":14},"end":{"line":47,"column":15}},"loc":{"start":{"line":47,"column":40},"end":{"line":79,"column":1}},"line":47},"3":{"name":"(anonymous_3)","decl":{"start":{"line":81,"column":16},"end":{"line":81,"column":17}},"loc":{"start":{"line":81,"column":42},"end":{"line":116,"column":1}},"line":81},"4":{"name":"(anonymous_4)","decl":{"start":{"line":118,"column":15},"end":{"line":118,"column":16}},"loc":{"start":{"line":118,"column":41},"end":{"line":135,"column":1}},"line":118},"5":{"name":"(anonymous_5)","decl":{"start":{"line":137,"column":11},"end":{"line":137,"column":12}},"loc":{"start":{"line":137,"column":37},"end":{"line":148,"column":1}},"line":137},"6":{"name":"(anonymous_6)","decl":{"start":{"line":150,"column":17},"end":{"line":150,"column":18}},"loc":{"start":{"line":150,"column":43},"end":{"line":194,"column":1}},"line":150},"7":{"name":"(anonymous_7)","decl":{"start":{"line":196,"column":23},"end":{"line":196,"column":24}},"loc":{"start":{"line":196,"column":49},"end":{"line":225,"column":1}},"line":196},"8":{"name":"(anonymous_8)","decl":{"start":{"line":227,"column":22},"end":{"line":227,"column":23}},"loc":{"start":{"line":227,"column":48},"end":{"line":252,"column":1}},"line":227}},"branchMap":{"0":{"loc":{"start":{"line":17,"column":4},"end":{"line":19,"column":5}},"type":"if","locations":[{"start":{"line":17,"column":4},"end":{"line":19,"column":5}},{"start":{},"end":{}}],"line":17},"1":{"loc":{"start":{"line":56,"column":4},"end":{"line":58,"column":5}},"type":"if","locations":[{"start":{"line":56,"column":4},"end":{"line":58,"column":5}},{"start":{},"end":{}}],"line":56},"2":{"loc":{"start":{"line":61,"column":4},"end":{"line":63,"column":5}},"type":"if","locations":[{"start":{"line":61,"column":4},"end":{"line":63,"column":5}},{"start":{},"end":{}}],"line":61},"3":{"loc":{"start":{"line":84,"column":4},"end":{"line":84,"column":88}},"type":"if","locations":[{"start":{"line":84,"column":4},"end":{"line":84,"column":88}},{"start":{},"end":{}}],"line":84},"4":{"loc":{"start":{"line":90,"column":4},"end":{"line":92,"column":5}},"type":"if","locations":[{"start":{"line":90,"column":4},"end":{"line":92,"column":5}},{"start":{},"end":{}}],"line":90},"5":{"loc":{"start":{"line":100,"column":4},"end":{"line":100,"column":79}},"type":"if","locations":[{"start":{"line":100,"column":4},"end":{"line":100,"column":79}},{"start":{},"end":{}}],"line":100},"6":{"loc":{"start":{"line":126,"column":4},"end":{"line":128,"column":5}},"type":"if","locations":[{"start":{"line":126,"column":4},"end":{"line":128,"column":5}},{"start":{},"end":{}}],"line":126},"7":{"loc":{"start":{"line":143,"column":4},"end":{"line":143,"column":89}},"type":"if","locations":[{"start":{"line":143,"column":4},"end":{"line":143,"column":89}},{"start":{},"end":{}}],"line":143},"8":{"loc":{"start":{"line":157,"column":4},"end":{"line":157,"column":82}},"type":"if","locations":[{"start":{"line":157,"column":4},"end":{"line":157,"column":82}},{"start":{},"end":{}}],"line":157},"9":{"loc":{"start":{"line":159,"column":4},"end":{"line":164,"column":5}},"type":"if","locations":[{"start":{"line":159,"column":4},"end":{"line":164,"column":5}},{"start":{},"end":{}}],"line":159},"10":{"loc":{"start":{"line":159,"column":8},"end":{"line":159,"column":54}},"type":"binary-expr","locations":[{"start":{"line":159,"column":8},"end":{"line":159,"column":13}},{"start":{"line":159,"column":17},"end":{"line":159,"column":54}}],"line":159},"11":{"loc":{"start":{"line":161,"column":6},"end":{"line":163,"column":7}},"type":"if","locations":[{"start":{"line":161,"column":6},"end":{"line":163,"column":7}},{"start":{},"end":{}}],"line":161},"12":{"loc":{"start":{"line":167,"column":4},"end":{"line":176,"column":5}},"type":"if","locations":[{"start":{"line":167,"column":4},"end":{"line":176,"column":5}},{"start":{},"end":{}}],"line":167},"13":{"loc":{"start":{"line":168,"column":6},"end":{"line":170,"column":7}},"type":"if","locations":[{"start":{"line":168,"column":6},"end":{"line":170,"column":7}},{"start":{},"end":{}}],"line":168},"14":{"loc":{"start":{"line":172,"column":6},"end":{"line":174,"column":7}},"type":"if","locations":[{"start":{"line":172,"column":6},"end":{"line":174,"column":7}},{"start":{},"end":{}}],"line":172},"15":{"loc":{"start":{"line":186,"column":7},"end":{"line":186,"column":27}},"type":"binary-expr","locations":[{"start":{"line":186,"column":7},"end":{"line":186,"column":19}},{"start":{"line":186,"column":23},"end":{"line":186,"column":27}}],"line":186},"16":{"loc":{"start":{"line":186,"column":29},"end":{"line":186,"column":57}},"type":"binary-expr","locations":[{"start":{"line":186,"column":29},"end":{"line":186,"column":49}},{"start":{"line":186,"column":53},"end":{"line":186,"column":57}}],"line":186},"17":{"loc":{"start":{"line":186,"column":59},"end":{"line":186,"column":79}},"type":"binary-expr","locations":[{"start":{"line":186,"column":59},"end":{"line":186,"column":71}},{"start":{"line":186,"column":75},"end":{"line":186,"column":79}}],"line":186},"18":{"loc":{"start":{"line":205,"column":4},"end":{"line":219,"column":5}},"type":"if","locations":[{"start":{"line":205,"column":4},"end":{"line":219,"column":5}},{"start":{},"end":{}}],"line":205},"19":{"loc":{"start":{"line":218,"column":6},"end":{"line":218,"column":52}},"type":"if","locations":[{"start":{"line":218,"column":6},"end":{"line":218,"column":52}},{"start":{},"end":{}}],"line":218},"20":{"loc":{"start":{"line":221,"column":108},"end":{"line":221,"column":136}},"type":"cond-expr","locations":[{"start":{"line":221,"column":119},"end":{"line":221,"column":131}},{"start":{"line":221,"column":134},"end":{"line":221,"column":136}}],"line":221},"21":{"loc":{"start":{"line":237,"column":4},"end":{"line":239,"column":5}},"type":"if","locations":[{"start":{"line":237,"column":4},"end":{"line":239,"column":5}},{"start":{},"end":{}}],"line":237}},"s":{"0":2,"1":2,"2":2,"3":2,"4":2,"5":2,"6":2,"7":2,"8":2,"9":3,"10":2,"11":3,"12":3,"13":3,"14":2,"15":1,"16":1,"17":1,"18":1,"19":1,"20":1,"21":1,"22":1,"23":1,"24":1,"25":1,"26":2,"27":4,"28":4,"29":4,"30":3,"31":3,"32":1,"33":2,"34":2,"35":1,"36":1,"37":1,"38":1,"39":1,"40":1,"41":1,"42":1,"43":2,"44":4,"45":4,"46":4,"47":1,"48":3,"49":3,"50":1,"51":2,"52":2,"53":2,"54":2,"55":1,"56":1,"57":1,"58":1,"59":1,"60":1,"61":0,"62":2,"63":3,"64":3,"65":3,"66":2,"67":1,"68":2,"69":2,"70":1,"71":2,"72":2,"73":2,"74":2,"75":1,"76":1,"77":0,"78":2,"79":6,"80":6,"81":6,"82":6,"83":6,"84":6,"85":1,"86":5,"87":1,"88":1,"89":1,"90":4,"91":3,"92":1,"93":2,"94":2,"95":1,"96":1,"97":2,"98":2,"99":2,"100":0,"101":2,"102":3,"103":3,"104":3,"105":2,"106":2,"107":1,"108":1,"109":1,"110":1,"111":1,"112":1,"113":0,"114":2,"115":1,"116":2,"117":2,"118":2,"119":2,"120":2,"121":2,"122":2,"123":1,"124":1,"125":1,"126":1,"127":1,"128":1,"129":1,"130":0,"131":2},"f":{"0":3,"1":3,"2":4,"3":4,"4":3,"5":2,"6":6,"7":3,"8":2},"b":{"0":[1,1],"1":[1,2],"2":[1,1],"3":[1,3],"4":[1,2],"5":[1,1],"6":[1,1],"7":[1,1],"8":[1,5],"9":[1,4],"10":[5,1],"11":[1,0],"12":[3,1],"13":[1,2],"14":[1,1],"15":[2,1],"16":[2,2],"17":[2,1],"18":[1,1],"19":[0,1],"20":[0,2],"21":[1,1]},"_coverageSchema":"1a1c01bbd47fc00a2c39e90264f33305004495a9","hash":"4b04248f137c3bd1b38814b1d386e64acf3f9a33"}
,"/Users/julliansamado/Proyectos/gestiónOficina/GestionTareasOficina/backend/src/controllers/groupController.js": {"path":"/Users/julliansamado/Proyectos/gestiónOficina/GestionTareasOficina/backend/src/controllers/groupController.js","statementMap":{"0":{"start":{"line":1,"column":23},"end":{"line":1,"column":38}},"1":{"start":{"line":2,"column":11},"end":{"line":2,"column":40}},"2":{"start":{"line":4,"column":18},"end":{"line":19,"column":1}},"3":{"start":{"line":5,"column":2},"end":{"line":18,"column":3}},"4":{"start":{"line":6,"column":19},"end":{"line":14,"column":5}},"5":{"start":{"line":15,"column":4},"end":{"line":15,"column":26}},"6":{"start":{"line":17,"column":4},"end":{"line":17,"column":14}},"7":{"start":{"line":21,"column":20},"end":{"line":44,"column":1}},"8":{"start":{"line":22,"column":2},"end":{"line":43,"column":3}},"9":{"start":{"line":23,"column":57},"end":{"line":23,"column":65}},"10":{"start":{"line":24,"column":15},"end":{"line":24,"column":23}},"11":{"start":{"line":26,"column":19},"end":{"line":29,"column":5}},"12":{"start":{"line":30,"column":18},"end":{"line":30,"column":32}},"13":{"start":{"line":32,"column":4},"end":{"line":32,"column":107}},"14":{"start":{"line":33,"column":4},"end":{"line":37,"column":6}},"15":{"start":{"line":34,"column":30},"end":{"line":34,"column":53}},"16":{"start":{"line":35,"column":8},"end":{"line":35,"column":92}},"17":{"start":{"line":39,"column":4},"end":{"line":39,"column":41}},"18":{"start":{"line":40,"column":4},"end":{"line":40,"column":32}},"19":{"start":{"line":42,"column":4},"end":{"line":42,"column":14}},"20":{"start":{"line":46,"column":20},"end":{"line":67,"column":1}},"21":{"start":{"line":47,"column":2},"end":{"line":66,"column":3}},"22":{"start":{"line":48,"column":19},"end":{"line":48,"column":29}},"23":{"start":{"line":49,"column":41},"end":{"line":49,"column":49}},"24":{"start":{"line":51,"column":19},"end":{"line":59,"column":5}},"25":{"start":{"line":60,"column":4},"end":{"line":60,"column":87}},"26":{"start":{"line":60,"column":25},"end":{"line":60,"column":87}},"27":{"start":{"line":62,"column":4},"end":{"line":62,"column":50}},"28":{"start":{"line":63,"column":4},"end":{"line":63,"column":29}},"29":{"start":{"line":65,"column":4},"end":{"line":65,"column":14}},"30":{"start":{"line":69,"column":20},"end":{"line":78,"column":1}},"31":{"start":{"line":70,"column":2},"end":{"line":77,"column":3}},"32":{"start":{"line":71,"column":19},"end":{"line":71,"column":29}},"33":{"start":{"line":72,"column":4},"end":{"line":72,"column":61}},"34":{"start":{"line":73,"column":4},"end":{"line":73,"column":42}},"35":{"start":{"line":74,"column":4},"end":{"line":74,"column":36}},"36":{"start":{"line":76,"column":4},"end":{"line":76,"column":14}},"37":{"start":{"line":80,"column":18},"end":{"line":92,"column":1}},"38":{"start":{"line":81,"column":2},"end":{"line":91,"column":3}},"39":{"start":{"line":82,"column":19},"end":{"line":82,"column":29}},"40":{"start":{"line":83,"column":23},"end":{"line":83,"column":31}},"41":{"start":{"line":84,"column":4},"end":{"line":87,"column":6}},"42":{"start":{"line":88,"column":4},"end":{"line":88,"column":32}},"43":{"start":{"line":90,"column":4},"end":{"line":90,"column":14}},"44":{"start":{"line":94,"column":21},"end":{"line":102,"column":1}},"45":{"start":{"line":95,"column":2},"end":{"line":101,"column":3}},"46":{"start":{"line":96,"column":27},"end":{"line":96,"column":37}},"47":{"start":{"line":97,"column":4},"end":{"line":97,"column":99}},"48":{"start":{"line":98,"column":4},"end":{"line":98,"column":32}},"49":{"start":{"line":100,"column":4},"end":{"line":100,"column":14}},"50":{"start":{"line":104,"column":0},"end":{"line":104,"column":95}}},"fnMap":{"0":{"name":"(anonymous_0)","decl":{"start":{"line":4,"column":18},"end":{"line":4,"column":19}},"loc":{"start":{"line":4,"column":44},"end":{"line":19,"column":1}},"line":4},"1":{"name":"(anonymous_1)","decl":{"start":{"line":21,"column":20},"end":{"line":21,"column":21}},"loc":{"start":{"line":21,"column":46},"end":{"line":44,"column":1}},"line":21},"2":{"name":"(anonymous_2)","decl":{"start":{"line":34,"column":23},"end":{"line":34,"column":24}},"loc":{"start":{"line":34,"column":30},"end":{"line":34,"column":53}},"line":34},"3":{"name":"(anonymous_3)","decl":{"start":{"line":34,"column":59},"end":{"line":34,"column":60}},"loc":{"start":{"line":35,"column":8},"end":{"line":35,"column":92}},"line":35},"4":{"name":"(anonymous_4)","decl":{"start":{"line":46,"column":20},"end":{"line":46,"column":21}},"loc":{"start":{"line":46,"column":46},"end":{"line":67,"column":1}},"line":46},"5":{"name":"(anonymous_5)","decl":{"start":{"line":69,"column":20},"end":{"line":69,"column":21}},"loc":{"start":{"line":69,"column":46},"end":{"line":78,"column":1}},"line":69},"6":{"name":"(anonymous_6)","decl":{"start":{"line":80,"column":18},"end":{"line":80,"column":19}},"loc":{"start":{"line":80,"column":44},"end":{"line":92,"column":1}},"line":80},"7":{"name":"(anonymous_7)","decl":{"start":{"line":94,"column":21},"end":{"line":94,"column":22}},"loc":{"start":{"line":94,"column":47},"end":{"line":102,"column":1}},"line":94}},"branchMap":{"0":{"loc":{"start":{"line":23,"column":38},"end":{"line":23,"column":52}},"type":"default-arg","locations":[{"start":{"line":23,"column":50},"end":{"line":23,"column":52}}],"line":23},"1":{"loc":{"start":{"line":28,"column":34},"end":{"line":28,"column":53}},"type":"binary-expr","locations":[{"start":{"line":28,"column":34},"end":{"line":28,"column":45}},{"start":{"line":28,"column":49},"end":{"line":28,"column":53}}],"line":28},"2":{"loc":{"start":{"line":28,"column":55},"end":{"line":28,"column":73}},"type":"binary-expr","locations":[{"start":{"line":28,"column":55},"end":{"line":28,"column":60}},{"start":{"line":28,"column":64},"end":{"line":28,"column":73}}],"line":28},"3":{"loc":{"start":{"line":60,"column":4},"end":{"line":60,"column":87}},"type":"if","locations":[{"start":{"line":60,"column":4},"end":{"line":60,"column":87}},{"start":{},"end":{}}],"line":60}},"s":{"0":2,"1":2,"2":2,"3":2,"4":2,"5":1,"6":1,"7":2,"8":3,"9":3,"10":3,"11":3,"12":2,"13":2,"14":2,"15":1,"16":1,"17":2,"18":2,"19":1,"20":2,"21":3,"22":3,"23":3,"24":3,"25":2,"26":1,"27":1,"28":1,"29":1,"30":2,"31":2,"32":2,"33":2,"34":1,"35":1,"36":1,"37":2,"38":2,"39":2,"40":2,"41":2,"42":1,"43":1,"44":2,"45":2,"46":2,"47":2,"48":1,"49":1,"50":2},"f":{"0":2,"1":3,"2":1,"3":1,"4":3,"5":2,"6":2,"7":2},"b":{"0":[2],"1":[3,2],"2":[3,3],"3":[1,1]},"_coverageSchema":"1a1c01bbd47fc00a2c39e90264f33305004495a9","hash":"27107b2dd1da2de39115d8772bfd3c54a5aff1d7"}
,"/Users/julliansamado/Proyectos/gestiónOficina/GestionTareasOficina/backend/src/controllers/statsController.js": {"path":"/Users/julliansamado/Proyectos/gestiónOficina/GestionTareasOficina/backend/src/controllers/statsController.js","statementMap":{"0":{"start":{"line":1,"column":11},"end":{"line":1,"column":40}},"1":{"start":{"line":3,"column":17},"end":{"line":43,"column":1}},"2":{"start":{"line":4,"column":2},"end":{"line":42,"column":3}},"3":{"start":{"line":5,"column":58},"end":{"line":32,"column":6}},"4":{"start":{"line":34,"column":4},"end":{"line":39,"column":7}},"5":{"start":{"line":41,"column":4},"end":{"line":41,"column":14}},"6":{"start":{"line":45,"column":20},"end":{"line":71,"column":1}},"7":{"start":{"line":46,"column":2},"end":{"line":70,"column":3}},"8":{"start":{"line":47,"column":71},"end":{"line":47,"column":80}},"9":{"start":{"line":48,"column":19},"end":{"line":48,"column":37}},"10":{"start":{"line":49,"column":19},"end":{"line":49,"column":21}},"11":{"start":{"line":50,"column":12},"end":{"line":50,"column":13}},"12":{"start":{"line":51,"column":16},"end":{"line":51,"column":27}},"13":{"start":{"line":53,"column":4},"end":{"line":53,"column":78}},"14":{"start":{"line":53,"column":18},"end":{"line":53,"column":55}},"15":{"start":{"line":53,"column":56},"end":{"line":53,"column":76}},"16":{"start":{"line":54,"column":4},"end":{"line":54,"column":77}},"17":{"start":{"line":54,"column":18},"end":{"line":54,"column":54}},"18":{"start":{"line":54,"column":55},"end":{"line":54,"column":75}},"19":{"start":{"line":55,"column":4},"end":{"line":55,"column":87}},"20":{"start":{"line":55,"column":21},"end":{"line":55,"column":61}},"21":{"start":{"line":55,"column":62},"end":{"line":55,"column":85}},"22":{"start":{"line":57,"column":26},"end":{"line":65,"column":6}},"23":{"start":{"line":67,"column":4},"end":{"line":67,"column":99}},"24":{"start":{"line":69,"column":4},"end":{"line":69,"column":14}},"25":{"start":{"line":73,"column":0},"end":{"line":73,"column":43}}},"fnMap":{"0":{"name":"(anonymous_0)","decl":{"start":{"line":3,"column":17},"end":{"line":3,"column":18}},"loc":{"start":{"line":3,"column":43},"end":{"line":43,"column":1}},"line":3},"1":{"name":"(anonymous_1)","decl":{"start":{"line":45,"column":20},"end":{"line":45,"column":21}},"loc":{"start":{"line":45,"column":46},"end":{"line":71,"column":1}},"line":45}},"branchMap":{"0":{"loc":{"start":{"line":47,"column":12},"end":{"line":47,"column":20}},"type":"default-arg","locations":[{"start":{"line":47,"column":19},"end":{"line":47,"column":20}}],"line":47},"1":{"loc":{"start":{"line":47,"column":22},"end":{"line":47,"column":32}},"type":"default-arg","locations":[{"start":{"line":47,"column":30},"end":{"line":47,"column":32}}],"line":47},"2":{"loc":{"start":{"line":53,"column":4},"end":{"line":53,"column":78}},"type":"if","locations":[{"start":{"line":53,"column":4},"end":{"line":53,"column":78}},{"start":{},"end":{}}],"line":53},"3":{"loc":{"start":{"line":54,"column":4},"end":{"line":54,"column":77}},"type":"if","locations":[{"start":{"line":54,"column":4},"end":{"line":54,"column":77}},{"start":{},"end":{}}],"line":54},"4":{"loc":{"start":{"line":55,"column":4},"end":{"line":55,"column":87}},"type":"if","locations":[{"start":{"line":55,"column":4},"end":{"line":55,"column":87}},{"start":{},"end":{}}],"line":55}},"s":{"0":2,"1":2,"2":2,"3":2,"4":1,"5":1,"6":2,"7":3,"8":3,"9":3,"10":3,"11":3,"12":3,"13":3,"14":1,"15":1,"16":3,"17":1,"18":1,"19":3,"20":1,"21":1,"22":3,"23":2,"24":1,"25":2},"f":{"0":2,"1":3},"b":{"0":[2],"1":[2],"2":[1,2],"3":[1,2],"4":[1,2]},"_coverageSchema":"1a1c01bbd47fc00a2c39e90264f33305004495a9","hash":"dff4f76a848729666980a3b43191329de7c0cc58"}
,"/Users/julliansamado/Proyectos/gestiónOficina/GestionTareasOficina/backend/src/controllers/taskController.js": {"path":"/Users/julliansamado/Proyectos/gestiónOficina/GestionTareasOficina/backend/src/controllers/taskController.js","statementMap":{"0":{"start":{"line":1,"column":23},"end":{"line":1,"column":38}},"1":{"start":{"line":2,"column":11},"end":{"line":2,"column":40}},"2":{"start":{"line":3,"column":15},"end":{"line":3,"column":41}},"3":{"start":{"line":5,"column":17},"end":{"line":14,"column":1}},"4":{"start":{"line":6,"column":2},"end":{"line":13,"column":3}},"5":{"start":{"line":7,"column":4},"end":{"line":10,"column":6}},"6":{"start":{"line":12,"column":4},"end":{"line":12,"column":46}},"7":{"start":{"line":16,"column":22},"end":{"line":20,"column":1}},"8":{"start":{"line":17,"column":2},"end":{"line":17,"column":18}},"9":{"start":{"line":17,"column":11},"end":{"line":17,"column":18}},"10":{"start":{"line":18,"column":2},"end":{"line":18,"column":23}},"11":{"start":{"line":19,"column":2},"end":{"line":19,"column":59}},"12":{"start":{"line":19,"column":15},"end":{"line":19,"column":59}},"13":{"start":{"line":22,"column":17},"end":{"line":70,"column":1}},"14":{"start":{"line":23,"column":2},"end":{"line":69,"column":3}},"15":{"start":{"line":24,"column":84},"end":{"line":24,"column":93}},"16":{"start":{"line":25,"column":19},"end":{"line":25,"column":37}},"17":{"start":{"line":26,"column":19},"end":{"line":26,"column":21}},"18":{"start":{"line":27,"column":12},"end":{"line":27,"column":13}},"19":{"start":{"line":28,"column":16},"end":{"line":28,"column":27}},"20":{"start":{"line":30,"column":4},"end":{"line":30,"column":76}},"21":{"start":{"line":30,"column":18},"end":{"line":30,"column":53}},"22":{"start":{"line":30,"column":54},"end":{"line":30,"column":74}},"23":{"start":{"line":31,"column":4},"end":{"line":31,"column":82}},"24":{"start":{"line":31,"column":20},"end":{"line":31,"column":57}},"25":{"start":{"line":31,"column":58},"end":{"line":31,"column":80}},"26":{"start":{"line":32,"column":4},"end":{"line":32,"column":89}},"27":{"start":{"line":32,"column":22},"end":{"line":32,"column":62}},"28":{"start":{"line":32,"column":63},"end":{"line":32,"column":87}},"29":{"start":{"line":33,"column":4},"end":{"line":33,"column":80}},"30":{"start":{"line":33,"column":19},"end":{"line":33,"column":56}},"31":{"start":{"line":33,"column":57},"end":{"line":33,"column":78}},"32":{"start":{"line":34,"column":4},"end":{"line":37,"column":5}},"33":{"start":{"line":35,"column":6},"end":{"line":35,"column":131}},"34":{"start":{"line":36,"column":6},"end":{"line":36,"column":26}},"35":{"start":{"line":39,"column":23},"end":{"line":52,"column":5}},"36":{"start":{"line":53,"column":4},"end":{"line":53,"column":31}},"37":{"start":{"line":55,"column":23},"end":{"line":55,"column":62}},"38":{"start":{"line":56,"column":39},"end":{"line":59,"column":6}},"39":{"start":{"line":61,"column":4},"end":{"line":66,"column":7}},"40":{"start":{"line":68,"column":4},"end":{"line":68,"column":14}},"41":{"start":{"line":72,"column":24},"end":{"line":83,"column":1}},"42":{"start":{"line":85,"column":22},"end":{"line":88,"column":1}},"43":{"start":{"line":86,"column":17},"end":{"line":86,"column":54}},"44":{"start":{"line":87,"column":2},"end":{"line":87,"column":63}},"45":{"start":{"line":90,"column":16},"end":{"line":98,"column":1}},"46":{"start":{"line":91,"column":2},"end":{"line":97,"column":3}},"47":{"start":{"line":92,"column":17},"end":{"line":92,"column":51}},"48":{"start":{"line":93,"column":4},"end":{"line":93,"column":77}},"49":{"start":{"line":93,"column":15},"end":{"line":93,"column":77}},"50":{"start":{"line":94,"column":4},"end":{"line":94,"column":19}},"51":{"start":{"line":96,"column":4},"end":{"line":96,"column":14}},"52":{"start":{"line":100,"column":19},"end":{"line":144,"column":1}},"53":{"start":{"line":101,"column":2},"end":{"line":143,"column":3}},"54":{"start":{"line":102,"column":99},"end":{"line":102,"column":107}},"55":{"start":{"line":103,"column":15},"end":{"line":103,"column":23}},"56":{"start":{"line":105,"column":19},"end":{"line":110,"column":5}},"57":{"start":{"line":111,"column":17},"end":{"line":111,"column":31}},"58":{"start":{"line":113,"column":4},"end":{"line":117,"column":5}},"59":{"start":{"line":114,"column":6},"end":{"line":116,"column":9}},"60":{"start":{"line":115,"column":8},"end":{"line":115,"column":98}},"61":{"start":{"line":119,"column":4},"end":{"line":119,"column":92}},"62":{"start":{"line":121,"column":4},"end":{"line":135,"column":5}},"63":{"start":{"line":122,"column":20},"end":{"line":122,"column":93}},"64":{"start":{"line":123,"column":24},"end":{"line":123,"column":56}},"65":{"start":{"line":124,"column":24},"end":{"line":124,"column":79}},"66":{"start":{"line":125,"column":22},"end":{"line":125,"column":30}},"67":{"start":{"line":126,"column":23},"end":{"line":126,"column":67}},"68":{"start":{"line":127,"column":6},"end":{"line":130,"column":8}},"69":{"start":{"line":131,"column":6},"end":{"line":134,"column":9}},"70":{"start":{"line":137,"column":17},"end":{"line":137,"column":79}},"71":{"start":{"line":138,"column":4},"end":{"line":138,"column":57}},"72":{"start":{"line":139,"column":4},"end":{"line":139,"column":73}},"73":{"start":{"line":140,"column":4},"end":{"line":140,"column":31}},"74":{"start":{"line":142,"column":4},"end":{"line":142,"column":14}},"75":{"start":{"line":146,"column":19},"end":{"line":227,"column":1}},"76":{"start":{"line":147,"column":2},"end":{"line":226,"column":3}},"77":{"start":{"line":148,"column":19},"end":{"line":148,"column":29}},"78":{"start":{"line":149,"column":20},"end":{"line":149,"column":77}},"79":{"start":{"line":150,"column":4},"end":{"line":150,"column":88}},"80":{"start":{"line":150,"column":26},"end":{"line":150,"column":88}},"81":{"start":{"line":152,"column":16},"end":{"line":152,"column":31}},"82":{"start":{"line":153,"column":91},"end":{"line":153,"column":99}},"83":{"start":{"line":155,"column":19},"end":{"line":167,"column":5}},"84":{"start":{"line":168,"column":17},"end":{"line":168,"column":31}},"85":{"start":{"line":170,"column":4},"end":{"line":175,"column":5}},"86":{"start":{"line":171,"column":6},"end":{"line":171,"column":81}},"87":{"start":{"line":172,"column":6},"end":{"line":174,"column":9}},"88":{"start":{"line":173,"column":8},"end":{"line":173,"column":98}},"89":{"start":{"line":177,"column":20},"end":{"line":177,"column":22}},"90":{"start":{"line":178,"column":4},"end":{"line":178,"column":85}},"91":{"start":{"line":178,"column":38},"end":{"line":178,"column":85}},"92":{"start":{"line":179,"column":4},"end":{"line":179,"column":91}},"93":{"start":{"line":179,"column":41},"end":{"line":179,"column":91}},"94":{"start":{"line":180,"column":4},"end":{"line":180,"column":103}},"95":{"start":{"line":180,"column":47},"end":{"line":180,"column":103}},"96":{"start":{"line":181,"column":4},"end":{"line":198,"column":5}},"97":{"start":{"line":182,"column":6},"end":{"line":182,"column":69}},"98":{"start":{"line":183,"column":6},"end":{"line":197,"column":7}},"99":{"start":{"line":184,"column":22},"end":{"line":184,"column":95}},"100":{"start":{"line":185,"column":26},"end":{"line":185,"column":58}},"101":{"start":{"line":186,"column":26},"end":{"line":186,"column":81}},"102":{"start":{"line":187,"column":24},"end":{"line":187,"column":32}},"103":{"start":{"line":188,"column":25},"end":{"line":188,"column":74}},"104":{"start":{"line":189,"column":8},"end":{"line":192,"column":10}},"105":{"start":{"line":193,"column":8},"end":{"line":196,"column":11}},"106":{"start":{"line":200,"column":4},"end":{"line":217,"column":5}},"107":{"start":{"line":201,"column":20},"end":{"line":201,"column":93}},"108":{"start":{"line":202,"column":24},"end":{"line":202,"column":56}},"109":{"start":{"line":203,"column":24},"end":{"line":203,"column":102}},"110":{"start":{"line":204,"column":22},"end":{"line":204,"column":125}},"111":{"start":{"line":205,"column":6},"end":{"line":216,"column":10}},"112":{"start":{"line":206,"column":24},"end":{"line":206,"column":32}},"113":{"start":{"line":207,"column":25},"end":{"line":207,"column":57}},"114":{"start":{"line":208,"column":8},"end":{"line":215,"column":11}},"115":{"start":{"line":211,"column":10},"end":{"line":214,"column":13}},"116":{"start":{"line":219,"column":4},"end":{"line":219,"column":68}},"117":{"start":{"line":221,"column":17},"end":{"line":221,"column":40}},"118":{"start":{"line":222,"column":4},"end":{"line":222,"column":62}},"119":{"start":{"line":223,"column":4},"end":{"line":223,"column":19}},"120":{"start":{"line":225,"column":4},"end":{"line":225,"column":14}},"121":{"start":{"line":229,"column":19},"end":{"line":244,"column":1}},"122":{"start":{"line":230,"column":2},"end":{"line":243,"column":3}},"123":{"start":{"line":231,"column":19},"end":{"line":231,"column":29}},"124":{"start":{"line":232,"column":19},"end":{"line":232,"column":76}},"125":{"start":{"line":233,"column":4},"end":{"line":233,"column":87}},"126":{"start":{"line":233,"column":25},"end":{"line":233,"column":87}},"127":{"start":{"line":235,"column":4},"end":{"line":235,"column":60}},"128":{"start":{"line":236,"column":4},"end":{"line":236,"column":63}},"129":{"start":{"line":238,"column":4},"end":{"line":238,"column":41}},"130":{"start":{"line":239,"column":4},"end":{"line":239,"column":73}},"131":{"start":{"line":240,"column":4},"end":{"line":240,"column":36}},"132":{"start":{"line":242,"column":4},"end":{"line":242,"column":14}},"133":{"start":{"line":246,"column":23},"end":{"line":260,"column":1}},"134":{"start":{"line":247,"column":2},"end":{"line":259,"column":3}},"135":{"start":{"line":248,"column":19},"end":{"line":255,"column":5}},"136":{"start":{"line":256,"column":4},"end":{"line":256,"column":39}},"137":{"start":{"line":258,"column":4},"end":{"line":258,"column":14}},"138":{"start":{"line":262,"column":20},"end":{"line":281,"column":1}},"139":{"start":{"line":263,"column":2},"end":{"line":280,"column":3}},"140":{"start":{"line":264,"column":30},"end":{"line":264,"column":39}},"141":{"start":{"line":265,"column":4},"end":{"line":265,"column":76}},"142":{"start":{"line":265,"column":12},"end":{"line":265,"column":76}},"143":{"start":{"line":267,"column":18},"end":{"line":267,"column":28}},"144":{"start":{"line":268,"column":19},"end":{"line":276,"column":5}},"145":{"start":{"line":277,"column":4},"end":{"line":277,"column":96}},"146":{"start":{"line":279,"column":4},"end":{"line":279,"column":14}},"147":{"start":{"line":284,"column":2},"end":{"line":312,"column":4}},"148":{"start":{"line":295,"column":43},"end":{"line":300,"column":5}},"149":{"start":{"line":301,"column":43},"end":{"line":308,"column":5}},"150":{"start":{"line":317,"column":19},"end":{"line":336,"column":1}},"151":{"start":{"line":318,"column":2},"end":{"line":335,"column":3}},"152":{"start":{"line":319,"column":19},"end":{"line":319,"column":29}},"153":{"start":{"line":320,"column":22},"end":{"line":320,"column":30}},"154":{"start":{"line":321,"column":4},"end":{"line":321,"column":100}},"155":{"start":{"line":321,"column":33},"end":{"line":321,"column":100}},"156":{"start":{"line":323,"column":22},"end":{"line":323,"column":30}},"157":{"start":{"line":324,"column":4},"end":{"line":327,"column":6}},"158":{"start":{"line":329,"column":17},"end":{"line":329,"column":40}},"159":{"start":{"line":330,"column":4},"end":{"line":330,"column":77}},"160":{"start":{"line":330,"column":15},"end":{"line":330,"column":77}},"161":{"start":{"line":331,"column":4},"end":{"line":331,"column":62}},"162":{"start":{"line":332,"column":4},"end":{"line":332,"column":31}},"163":{"start":{"line":334,"column":4},"end":{"line":334,"column":14}},"164":{"start":{"line":338,"column":22},"end":{"line":364,"column":1}},"165":{"start":{"line":339,"column":2},"end":{"line":363,"column":3}},"166":{"start":{"line":340,"column":30},"end":{"line":340,"column":40}},"167":{"start":{"line":341,"column":33},"end":{"line":341,"column":41}},"168":{"start":{"line":343,"column":19},"end":{"line":343,"column":21}},"169":{"start":{"line":344,"column":19},"end":{"line":344,"column":21}},"170":{"start":{"line":345,"column":12},"end":{"line":345,"column":13}},"171":{"start":{"line":346,"column":4},"end":{"line":346,"column":91}},"172":{"start":{"line":346,"column":31},"end":{"line":346,"column":62}},"173":{"start":{"line":346,"column":63},"end":{"line":346,"column":89}},"174":{"start":{"line":347,"column":4},"end":{"line":347,"column":96}},"175":{"start":{"line":347,"column":35},"end":{"line":347,"column":70}},"176":{"start":{"line":347,"column":71},"end":{"line":347,"column":94}},"177":{"start":{"line":348,"column":4},"end":{"line":348,"column":86}},"178":{"start":{"line":348,"column":24},"end":{"line":348,"column":86}},"179":{"start":{"line":350,"column":4},"end":{"line":350,"column":38}},"180":{"start":{"line":351,"column":4},"end":{"line":351,"column":31}},"181":{"start":{"line":352,"column":19},"end":{"line":355,"column":5}},"182":{"start":{"line":356,"column":4},"end":{"line":356,"column":91}},"183":{"start":{"line":356,"column":26},"end":{"line":356,"column":91}},"184":{"start":{"line":358,"column":17},"end":{"line":358,"column":40}},"185":{"start":{"line":359,"column":4},"end":{"line":359,"column":62}},"186":{"start":{"line":360,"column":4},"end":{"line":360,"column":19}},"187":{"start":{"line":362,"column":4},"end":{"line":362,"column":14}},"188":{"start":{"line":366,"column":22},"end":{"line":381,"column":1}},"189":{"start":{"line":367,"column":2},"end":{"line":380,"column":3}},"190":{"start":{"line":368,"column":30},"end":{"line":368,"column":40}},"191":{"start":{"line":369,"column":19},"end":{"line":372,"column":5}},"192":{"start":{"line":373,"column":4},"end":{"line":373,"column":91}},"193":{"start":{"line":373,"column":26},"end":{"line":373,"column":91}},"194":{"start":{"line":375,"column":17},"end":{"line":375,"column":40}},"195":{"start":{"line":376,"column":4},"end":{"line":376,"column":62}},"196":{"start":{"line":377,"column":4},"end":{"line":377,"column":19}},"197":{"start":{"line":379,"column":4},"end":{"line":379,"column":14}},"198":{"start":{"line":385,"column":19},"end":{"line":432,"column":1}},"199":{"start":{"line":386,"column":2},"end":{"line":431,"column":3}},"200":{"start":{"line":387,"column":19},"end":{"line":387,"column":29}},"201":{"start":{"line":388,"column":21},"end":{"line":388,"column":29}},"202":{"start":{"line":389,"column":4},"end":{"line":389,"column":97}},"203":{"start":{"line":389,"column":31},"end":{"line":389,"column":97}},"204":{"start":{"line":391,"column":20},"end":{"line":391,"column":94}},"205":{"start":{"line":392,"column":4},"end":{"line":392,"column":88}},"206":{"start":{"line":392,"column":26},"end":{"line":392,"column":88}},"207":{"start":{"line":393,"column":58},"end":{"line":393,"column":73}},"208":{"start":{"line":395,"column":22},"end":{"line":395,"column":30}},"209":{"start":{"line":396,"column":4},"end":{"line":399,"column":6}},"210":{"start":{"line":402,"column":18},"end":{"line":402,"column":91}},"211":{"start":{"line":403,"column":22},"end":{"line":403,"column":54}},"212":{"start":{"line":404,"column":20},"end":{"line":404,"column":90}},"213":{"start":{"line":405,"column":20},"end":{"line":405,"column":74}},"214":{"start":{"line":407,"column":20},"end":{"line":410,"column":5}},"215":{"start":{"line":411,"column":25},"end":{"line":411,"column":61}},"216":{"start":{"line":411,"column":55},"end":{"line":411,"column":59}},"217":{"start":{"line":412,"column":4},"end":{"line":412,"column":83}},"218":{"start":{"line":412,"column":54},"end":{"line":412,"column":83}},"219":{"start":{"line":414,"column":22},"end":{"line":414,"column":51}},"220":{"start":{"line":415,"column":4},"end":{"line":424,"column":7}},"221":{"start":{"line":416,"column":6},"end":{"line":423,"column":8}},"222":{"start":{"line":420,"column":8},"end":{"line":422,"column":11}},"223":{"start":{"line":426,"column":17},"end":{"line":426,"column":40}},"224":{"start":{"line":427,"column":4},"end":{"line":427,"column":62}},"225":{"start":{"line":428,"column":4},"end":{"line":428,"column":31}},"226":{"start":{"line":430,"column":4},"end":{"line":430,"column":14}},"227":{"start":{"line":434,"column":22},"end":{"line":452,"column":1}},"228":{"start":{"line":435,"column":2},"end":{"line":451,"column":3}},"229":{"start":{"line":436,"column":30},"end":{"line":436,"column":40}},"230":{"start":{"line":437,"column":21},"end":{"line":437,"column":29}},"231":{"start":{"line":438,"column":4},"end":{"line":438,"column":97}},"232":{"start":{"line":438,"column":31},"end":{"line":438,"column":97}},"233":{"start":{"line":440,"column":19},"end":{"line":443,"column":5}},"234":{"start":{"line":444,"column":4},"end":{"line":444,"column":107}},"235":{"start":{"line":444,"column":26},"end":{"line":444,"column":107}},"236":{"start":{"line":446,"column":17},"end":{"line":446,"column":40}},"237":{"start":{"line":447,"column":4},"end":{"line":447,"column":62}},"238":{"start":{"line":448,"column":4},"end":{"line":448,"column":19}},"239":{"start":{"line":450,"column":4},"end":{"line":450,"column":14}},"240":{"start":{"line":454,"column":22},"end":{"line":469,"column":1}},"241":{"start":{"line":455,"column":2},"end":{"line":468,"column":3}},"242":{"start":{"line":456,"column":30},"end":{"line":456,"column":40}},"243":{"start":{"line":457,"column":19},"end":{"line":460,"column":5}},"244":{"start":{"line":461,"column":4},"end":{"line":461,"column":107}},"245":{"start":{"line":461,"column":26},"end":{"line":461,"column":107}},"246":{"start":{"line":463,"column":17},"end":{"line":463,"column":40}},"247":{"start":{"line":464,"column":4},"end":{"line":464,"column":62}},"248":{"start":{"line":465,"column":4},"end":{"line":465,"column":19}},"249":{"start":{"line":467,"column":4},"end":{"line":467,"column":14}},"250":{"start":{"line":471,"column":0},"end":{"line":475,"column":2}}},"fnMap":{"0":{"name":"(anonymous_0)","decl":{"start":{"line":5,"column":17},"end":{"line":5,"column":18}},"loc":{"start":{"line":5,"column":78},"end":{"line":14,"column":1}},"line":5},"1":{"name":"(anonymous_1)","decl":{"start":{"line":16,"column":22},"end":{"line":16,"column":23}},"loc":{"start":{"line":16,"column":52},"end":{"line":20,"column":1}},"line":16},"2":{"name":"(anonymous_2)","decl":{"start":{"line":22,"column":17},"end":{"line":22,"column":18}},"loc":{"start":{"line":22,"column":43},"end":{"line":70,"column":1}},"line":22},"3":{"name":"(anonymous_3)","decl":{"start":{"line":85,"column":22},"end":{"line":85,"column":23}},"loc":{"start":{"line":85,"column":36},"end":{"line":88,"column":1}},"line":85},"4":{"name":"(anonymous_4)","decl":{"start":{"line":90,"column":16},"end":{"line":90,"column":17}},"loc":{"start":{"line":90,"column":42},"end":{"line":98,"column":1}},"line":90},"5":{"name":"(anonymous_5)","decl":{"start":{"line":100,"column":19},"end":{"line":100,"column":20}},"loc":{"start":{"line":100,"column":45},"end":{"line":144,"column":1}},"line":100},"6":{"name":"(anonymous_6)","decl":{"start":{"line":114,"column":35},"end":{"line":114,"column":36}},"loc":{"start":{"line":115,"column":8},"end":{"line":115,"column":98}},"line":115},"7":{"name":"(anonymous_7)","decl":{"start":{"line":146,"column":19},"end":{"line":146,"column":20}},"loc":{"start":{"line":146,"column":45},"end":{"line":227,"column":1}},"line":146},"8":{"name":"(anonymous_8)","decl":{"start":{"line":172,"column":35},"end":{"line":172,"column":36}},"loc":{"start":{"line":173,"column":8},"end":{"line":173,"column":98}},"line":173},"9":{"name":"(anonymous_9)","decl":{"start":{"line":205,"column":41},"end":{"line":205,"column":42}},"loc":{"start":{"line":205,"column":46},"end":{"line":216,"column":7}},"line":205},"10":{"name":"(anonymous_10)","decl":{"start":{"line":210,"column":14},"end":{"line":210,"column":15}},"loc":{"start":{"line":210,"column":20},"end":{"line":215,"column":9}},"line":210},"11":{"name":"(anonymous_11)","decl":{"start":{"line":229,"column":19},"end":{"line":229,"column":20}},"loc":{"start":{"line":229,"column":45},"end":{"line":244,"column":1}},"line":229},"12":{"name":"(anonymous_12)","decl":{"start":{"line":246,"column":23},"end":{"line":246,"column":24}},"loc":{"start":{"line":246,"column":49},"end":{"line":260,"column":1}},"line":246},"13":{"name":"(anonymous_13)","decl":{"start":{"line":262,"column":20},"end":{"line":262,"column":21}},"loc":{"start":{"line":262,"column":46},"end":{"line":281,"column":1}},"line":262},"14":{"name":"normalizeTask","decl":{"start":{"line":283,"column":9},"end":{"line":283,"column":22}},"loc":{"start":{"line":283,"column":26},"end":{"line":313,"column":1}},"line":283},"15":{"name":"(anonymous_15)","decl":{"start":{"line":295,"column":37},"end":{"line":295,"column":38}},"loc":{"start":{"line":295,"column":43},"end":{"line":300,"column":5}},"line":295},"16":{"name":"(anonymous_16)","decl":{"start":{"line":301,"column":37},"end":{"line":301,"column":38}},"loc":{"start":{"line":301,"column":43},"end":{"line":308,"column":5}},"line":301},"17":{"name":"(anonymous_17)","decl":{"start":{"line":317,"column":19},"end":{"line":317,"column":20}},"loc":{"start":{"line":317,"column":45},"end":{"line":336,"column":1}},"line":317},"18":{"name":"(anonymous_18)","decl":{"start":{"line":338,"column":22},"end":{"line":338,"column":23}},"loc":{"start":{"line":338,"column":48},"end":{"line":364,"column":1}},"line":338},"19":{"name":"(anonymous_19)","decl":{"start":{"line":366,"column":22},"end":{"line":366,"column":23}},"loc":{"start":{"line":366,"column":48},"end":{"line":381,"column":1}},"line":366},"20":{"name":"(anonymous_20)","decl":{"start":{"line":385,"column":19},"end":{"line":385,"column":20}},"loc":{"start":{"line":385,"column":45},"end":{"line":432,"column":1}},"line":385},"21":{"name":"(anonymous_21)","decl":{"start":{"line":411,"column":50},"end":{"line":411,"column":51}},"loc":{"start":{"line":411,"column":55},"end":{"line":411,"column":59}},"line":411},"22":{"name":"(anonymous_22)","decl":{"start":{"line":415,"column":44},"end":{"line":415,"column":45}},"loc":{"start":{"line":416,"column":6},"end":{"line":423,"column":8}},"line":416},"23":{"name":"(anonymous_23)","decl":{"start":{"line":419,"column":13},"end":{"line":419,"column":14}},"loc":{"start":{"line":419,"column":19},"end":{"line":423,"column":7}},"line":419},"24":{"name":"(anonymous_24)","decl":{"start":{"line":434,"column":22},"end":{"line":434,"column":23}},"loc":{"start":{"line":434,"column":48},"end":{"line":452,"column":1}},"line":434},"25":{"name":"(anonymous_25)","decl":{"start":{"line":454,"column":22},"end":{"line":454,"column":23}},"loc":{"start":{"line":454,"column":48},"end":{"line":469,"column":1}},"line":454}},"branchMap":{"0":{"loc":{"start":{"line":5,"column":61},"end":{"line":5,"column":73}},"type":"default-arg","locations":[{"start":{"line":5,"column":71},"end":{"line":5,"column":73}}],"line":5},"1":{"loc":{"start":{"line":17,"column":2},"end":{"line":17,"column":18}},"type":"if","locations":[{"start":{"line":17,"column":2},"end":{"line":17,"column":18}},{"start":{},"end":{}}],"line":17},"2":{"loc":{"start":{"line":19,"column":2},"end":{"line":19,"column":59}},"type":"if","locations":[{"start":{"line":19,"column":2},"end":{"line":19,"column":59}},{"start":{},"end":{}}],"line":19},"3":{"loc":{"start":{"line":24,"column":59},"end":{"line":24,"column":67}},"type":"default-arg","locations":[{"start":{"line":24,"column":66},"end":{"line":24,"column":67}}],"line":24},"4":{"loc":{"start":{"line":24,"column":69},"end":{"line":24,"column":79}},"type":"default-arg","locations":[{"start":{"line":24,"column":77},"end":{"line":24,"column":79}}],"line":24},"5":{"loc":{"start":{"line":30,"column":4},"end":{"line":30,"column":76}},"type":"if","locations":[{"start":{"line":30,"column":4},"end":{"line":30,"column":76}},{"start":{},"end":{}}],"line":30},"6":{"loc":{"start":{"line":31,"column":4},"end":{"line":31,"column":82}},"type":"if","locations":[{"start":{"line":31,"column":4},"end":{"line":31,"column":82}},{"start":{},"end":{}}],"line":31},"7":{"loc":{"start":{"line":32,"column":4},"end":{"line":32,"column":89}},"type":"if","locations":[{"start":{"line":32,"column":4},"end":{"line":32,"column":89}},{"start":{},"end":{}}],"line":32},"8":{"loc":{"start":{"line":33,"column":4},"end":{"line":33,"column":80}},"type":"if","locations":[{"start":{"line":33,"column":4},"end":{"line":33,"column":80}},{"start":{},"end":{}}],"line":33},"9":{"loc":{"start":{"line":34,"column":4},"end":{"line":37,"column":5}},"type":"if","locations":[{"start":{"line":34,"column":4},"end":{"line":37,"column":5}},{"start":{},"end":{}}],"line":34},"10":{"loc":{"start":{"line":87,"column":9},"end":{"line":87,"column":62}},"type":"cond-expr","locations":[{"start":{"line":87,"column":26},"end":{"line":87,"column":55}},{"start":{"line":87,"column":58},"end":{"line":87,"column":62}}],"line":87},"11":{"loc":{"start":{"line":93,"column":4},"end":{"line":93,"column":77}},"type":"if","locations":[{"start":{"line":93,"column":4},"end":{"line":93,"column":77}},{"start":{},"end":{}}],"line":93},"12":{"loc":{"start":{"line":102,"column":32},"end":{"line":102,"column":51}},"type":"default-arg","locations":[{"start":{"line":102,"column":43},"end":{"line":102,"column":51}}],"line":102},"13":{"loc":{"start":{"line":102,"column":83},"end":{"line":102,"column":94}},"type":"default-arg","locations":[{"start":{"line":102,"column":92},"end":{"line":102,"column":94}}],"line":102},"14":{"loc":{"start":{"line":109,"column":28},"end":{"line":109,"column":43}},"type":"binary-expr","locations":[{"start":{"line":109,"column":28},"end":{"line":109,"column":35}},{"start":{"line":109,"column":39},"end":{"line":109,"column":43}}],"line":109},"15":{"loc":{"start":{"line":109,"column":52},"end":{"line":109,"column":71}},"type":"binary-expr","locations":[{"start":{"line":109,"column":52},"end":{"line":109,"column":63}},{"start":{"line":109,"column":67},"end":{"line":109,"column":71}}],"line":109},"16":{"loc":{"start":{"line":109,"column":83},"end":{"line":109,"column":101}},"type":"binary-expr","locations":[{"start":{"line":109,"column":83},"end":{"line":109,"column":93}},{"start":{"line":109,"column":97},"end":{"line":109,"column":101}}],"line":109},"17":{"loc":{"start":{"line":109,"column":103},"end":{"line":109,"column":118}},"type":"binary-expr","locations":[{"start":{"line":109,"column":103},"end":{"line":109,"column":110}},{"start":{"line":109,"column":114},"end":{"line":109,"column":118}}],"line":109},"18":{"loc":{"start":{"line":113,"column":4},"end":{"line":117,"column":5}},"type":"if","locations":[{"start":{"line":113,"column":4},"end":{"line":117,"column":5}},{"start":{},"end":{}}],"line":113},"19":{"loc":{"start":{"line":121,"column":4},"end":{"line":135,"column":5}},"type":"if","locations":[{"start":{"line":121,"column":4},"end":{"line":135,"column":5}},{"start":{},"end":{}}],"line":121},"20":{"loc":{"start":{"line":121,"column":8},"end":{"line":121,"column":52}},"type":"binary-expr","locations":[{"start":{"line":121,"column":8},"end":{"line":121,"column":18}},{"start":{"line":121,"column":22},"end":{"line":121,"column":52}}],"line":121},"21":{"loc":{"start":{"line":123,"column":24},"end":{"line":123,"column":56}},"type":"binary-expr","locations":[{"start":{"line":123,"column":24},"end":{"line":123,"column":43}},{"start":{"line":123,"column":47},"end":{"line":123,"column":56}}],"line":123},"22":{"loc":{"start":{"line":150,"column":4},"end":{"line":150,"column":88}},"type":"if","locations":[{"start":{"line":150,"column":4},"end":{"line":150,"column":88}},{"start":{},"end":{}}],"line":150},"23":{"loc":{"start":{"line":166,"column":45},"end":{"line":166,"column":74}},"type":"binary-expr","locations":[{"start":{"line":166,"column":45},"end":{"line":166,"column":55}},{"start":{"line":166,"column":59},"end":{"line":166,"column":74}}],"line":166},"24":{"loc":{"start":{"line":166,"column":76},"end":{"line":166,"column":99}},"type":"binary-expr","locations":[{"start":{"line":166,"column":76},"end":{"line":166,"column":83}},{"start":{"line":166,"column":87},"end":{"line":166,"column":99}}],"line":166},"25":{"loc":{"start":{"line":166,"column":101},"end":{"line":166,"column":124}},"type":"binary-expr","locations":[{"start":{"line":166,"column":101},"end":{"line":166,"column":108}},{"start":{"line":166,"column":112},"end":{"line":166,"column":124}}],"line":166},"26":{"loc":{"start":{"line":170,"column":4},"end":{"line":175,"column":5}},"type":"if","locations":[{"start":{"line":170,"column":4},"end":{"line":175,"column":5}},{"start":{},"end":{}}],"line":170},"27":{"loc":{"start":{"line":178,"column":4},"end":{"line":178,"column":85}},"type":"if","locations":[{"start":{"line":178,"column":4},"end":{"line":178,"column":85}},{"start":{},"end":{}}],"line":178},"28":{"loc":{"start":{"line":178,"column":8},"end":{"line":178,"column":36}},"type":"binary-expr","locations":[{"start":{"line":178,"column":8},"end":{"line":178,"column":13}},{"start":{"line":178,"column":17},"end":{"line":178,"column":36}}],"line":178},"29":{"loc":{"start":{"line":179,"column":4},"end":{"line":179,"column":91}},"type":"if","locations":[{"start":{"line":179,"column":4},"end":{"line":179,"column":91}},{"start":{},"end":{}}],"line":179},"30":{"loc":{"start":{"line":179,"column":8},"end":{"line":179,"column":39}},"type":"binary-expr","locations":[{"start":{"line":179,"column":8},"end":{"line":179,"column":14}},{"start":{"line":179,"column":18},"end":{"line":179,"column":39}}],"line":179},"31":{"loc":{"start":{"line":180,"column":4},"end":{"line":180,"column":103}},"type":"if","locations":[{"start":{"line":180,"column":4},"end":{"line":180,"column":103}},{"start":{},"end":{}}],"line":180},"32":{"loc":{"start":{"line":180,"column":8},"end":{"line":180,"column":45}},"type":"binary-expr","locations":[{"start":{"line":180,"column":8},"end":{"line":180,"column":16}},{"start":{"line":180,"column":20},"end":{"line":180,"column":45}}],"line":180},"33":{"loc":{"start":{"line":181,"column":4},"end":{"line":198,"column":5}},"type":"if","locations":[{"start":{"line":181,"column":4},"end":{"line":198,"column":5}},{"start":{},"end":{}}],"line":181},"34":{"loc":{"start":{"line":181,"column":8},"end":{"line":181,"column":66}},"type":"binary-expr","locations":[{"start":{"line":181,"column":8},"end":{"line":181,"column":32}},{"start":{"line":181,"column":36},"end":{"line":181,"column":66}}],"line":181},"35":{"loc":{"start":{"line":183,"column":6},"end":{"line":197,"column":7}},"type":"if","locations":[{"start":{"line":183,"column":6},"end":{"line":197,"column":7}},{"start":{},"end":{}}],"line":183},"36":{"loc":{"start":{"line":183,"column":10},"end":{"line":183,"column":54}},"type":"binary-expr","locations":[{"start":{"line":183,"column":10},"end":{"line":183,"column":20}},{"start":{"line":183,"column":24},"end":{"line":183,"column":54}}],"line":183},"37":{"loc":{"start":{"line":185,"column":26},"end":{"line":185,"column":58}},"type":"binary-expr","locations":[{"start":{"line":185,"column":26},"end":{"line":185,"column":45}},{"start":{"line":185,"column":49},"end":{"line":185,"column":58}}],"line":185},"38":{"loc":{"start":{"line":200,"column":4},"end":{"line":217,"column":5}},"type":"if","locations":[{"start":{"line":200,"column":4},"end":{"line":217,"column":5}},{"start":{},"end":{}}],"line":200},"39":{"loc":{"start":{"line":200,"column":8},"end":{"line":200,"column":60}},"type":"binary-expr","locations":[{"start":{"line":200,"column":8},"end":{"line":200,"column":30}},{"start":{"line":200,"column":34},"end":{"line":200,"column":60}}],"line":200},"40":{"loc":{"start":{"line":202,"column":24},"end":{"line":202,"column":56}},"type":"binary-expr","locations":[{"start":{"line":202,"column":24},"end":{"line":202,"column":43}},{"start":{"line":202,"column":47},"end":{"line":202,"column":56}}],"line":202},"41":{"loc":{"start":{"line":233,"column":4},"end":{"line":233,"column":87}},"type":"if","locations":[{"start":{"line":233,"column":4},"end":{"line":233,"column":87}},{"start":{},"end":{}}],"line":233},"42":{"loc":{"start":{"line":264,"column":15},"end":{"line":264,"column":25}},"type":"default-arg","locations":[{"start":{"line":264,"column":23},"end":{"line":264,"column":25}}],"line":264},"43":{"loc":{"start":{"line":265,"column":4},"end":{"line":265,"column":76}},"type":"if","locations":[{"start":{"line":265,"column":4},"end":{"line":265,"column":76}},{"start":{},"end":{}}],"line":265},"44":{"loc":{"start":{"line":287,"column":17},"end":{"line":287,"column":36}},"type":"binary-expr","locations":[{"start":{"line":287,"column":17},"end":{"line":287,"column":30}},{"start":{"line":287,"column":34},"end":{"line":287,"column":36}}],"line":287},"45":{"loc":{"start":{"line":290,"column":16},"end":{"line":290,"column":37}},"type":"binary-expr","locations":[{"start":{"line":290,"column":16},"end":{"line":290,"column":29}},{"start":{"line":290,"column":33},"end":{"line":290,"column":37}}],"line":290},"46":{"loc":{"start":{"line":291,"column":20},"end":{"line":291,"column":46}},"type":"binary-expr","locations":[{"start":{"line":291,"column":20},"end":{"line":291,"column":38}},{"start":{"line":291,"column":42},"end":{"line":291,"column":46}}],"line":291},"47":{"loc":{"start":{"line":292,"column":13},"end":{"line":292,"column":70}},"type":"cond-expr","locations":[{"start":{"line":292,"column":26},"end":{"line":292,"column":63}},{"start":{"line":292,"column":66},"end":{"line":292,"column":70}}],"line":292},"48":{"loc":{"start":{"line":293,"column":13},"end":{"line":293,"column":31}},"type":"binary-expr","locations":[{"start":{"line":293,"column":13},"end":{"line":293,"column":23}},{"start":{"line":293,"column":27},"end":{"line":293,"column":31}}],"line":293},"49":{"loc":{"start":{"line":294,"column":15},"end":{"line":294,"column":35}},"type":"binary-expr","locations":[{"start":{"line":294,"column":15},"end":{"line":294,"column":27}},{"start":{"line":294,"column":31},"end":{"line":294,"column":35}}],"line":294},"50":{"loc":{"start":{"line":295,"column":15},"end":{"line":295,"column":31}},"type":"binary-expr","locations":[{"start":{"line":295,"column":15},"end":{"line":295,"column":25}},{"start":{"line":295,"column":29},"end":{"line":295,"column":31}}],"line":295},"51":{"loc":{"start":{"line":301,"column":15},"end":{"line":301,"column":31}},"type":"binary-expr","locations":[{"start":{"line":301,"column":15},"end":{"line":301,"column":25}},{"start":{"line":301,"column":29},"end":{"line":301,"column":31}}],"line":301},"52":{"loc":{"start":{"line":309,"column":12},"end":{"line":309,"column":27}},"type":"binary-expr","locations":[{"start":{"line":309,"column":12},"end":{"line":309,"column":21}},{"start":{"line":309,"column":25},"end":{"line":309,"column":27}}],"line":309},"53":{"loc":{"start":{"line":321,"column":4},"end":{"line":321,"column":100}},"type":"if","locations":[{"start":{"line":321,"column":4},"end":{"line":321,"column":100}},{"start":{},"end":{}}],"line":321},"54":{"loc":{"start":{"line":321,"column":8},"end":{"line":321,"column":31}},"type":"binary-expr","locations":[{"start":{"line":321,"column":8},"end":{"line":321,"column":14}},{"start":{"line":321,"column":18},"end":{"line":321,"column":31}}],"line":321},"55":{"loc":{"start":{"line":330,"column":4},"end":{"line":330,"column":77}},"type":"if","locations":[{"start":{"line":330,"column":4},"end":{"line":330,"column":77}},{"start":{},"end":{}}],"line":330},"56":{"loc":{"start":{"line":346,"column":4},"end":{"line":346,"column":91}},"type":"if","locations":[{"start":{"line":346,"column":4},"end":{"line":346,"column":91}},{"start":{},"end":{}}],"line":346},"57":{"loc":{"start":{"line":347,"column":4},"end":{"line":347,"column":96}},"type":"if","locations":[{"start":{"line":347,"column":4},"end":{"line":347,"column":96}},{"start":{},"end":{}}],"line":347},"58":{"loc":{"start":{"line":348,"column":4},"end":{"line":348,"column":86}},"type":"if","locations":[{"start":{"line":348,"column":4},"end":{"line":348,"column":86}},{"start":{},"end":{}}],"line":348},"59":{"loc":{"start":{"line":356,"column":4},"end":{"line":356,"column":91}},"type":"if","locations":[{"start":{"line":356,"column":4},"end":{"line":356,"column":91}},{"start":{},"end":{}}],"line":356},"60":{"loc":{"start":{"line":373,"column":4},"end":{"line":373,"column":91}},"type":"if","locations":[{"start":{"line":373,"column":4},"end":{"line":373,"column":91}},{"start":{},"end":{}}],"line":373},"61":{"loc":{"start":{"line":389,"column":4},"end":{"line":389,"column":97}},"type":"if","locations":[{"start":{"line":389,"column":4},"end":{"line":389,"column":97}},{"start":{},"end":{}}],"line":389},"62":{"loc":{"start":{"line":389,"column":8},"end":{"line":389,"column":29}},"type":"binary-expr","locations":[{"start":{"line":389,"column":8},"end":{"line":389,"column":13}},{"start":{"line":389,"column":17},"end":{"line":389,"column":29}}],"line":389},"63":{"loc":{"start":{"line":392,"column":4},"end":{"line":392,"column":88}},"type":"if","locations":[{"start":{"line":392,"column":4},"end":{"line":392,"column":88}},{"start":{},"end":{}}],"line":392},"64":{"loc":{"start":{"line":403,"column":22},"end":{"line":403,"column":54}},"type":"binary-expr","locations":[{"start":{"line":403,"column":22},"end":{"line":403,"column":41}},{"start":{"line":403,"column":45},"end":{"line":403,"column":54}}],"line":403},"65":{"loc":{"start":{"line":404,"column":20},"end":{"line":404,"column":90}},"type":"cond-expr","locations":[{"start":{"line":404,"column":46},"end":{"line":404,"column":76}},{"start":{"line":404,"column":79},"end":{"line":404,"column":90}}],"line":404},"66":{"loc":{"start":{"line":412,"column":4},"end":{"line":412,"column":83}},"type":"if","locations":[{"start":{"line":412,"column":4},"end":{"line":412,"column":83}},{"start":{},"end":{}}],"line":412},"67":{"loc":{"start":{"line":412,"column":8},"end":{"line":412,"column":52}},"type":"binary-expr","locations":[{"start":{"line":412,"column":8},"end":{"line":412,"column":18}},{"start":{"line":412,"column":22},"end":{"line":412,"column":52}}],"line":412},"68":{"loc":{"start":{"line":438,"column":4},"end":{"line":438,"column":97}},"type":"if","locations":[{"start":{"line":438,"column":4},"end":{"line":438,"column":97}},{"start":{},"end":{}}],"line":438},"69":{"loc":{"start":{"line":438,"column":8},"end":{"line":438,"column":29}},"type":"binary-expr","locations":[{"start":{"line":438,"column":8},"end":{"line":438,"column":13}},{"start":{"line":438,"column":17},"end":{"line":438,"column":29}}],"line":438},"70":{"loc":{"start":{"line":444,"column":4},"end":{"line":444,"column":107}},"type":"if","locations":[{"start":{"line":444,"column":4},"end":{"line":444,"column":107}},{"start":{},"end":{}}],"line":444},"71":{"loc":{"start":{"line":461,"column":4},"end":{"line":461,"column":107}},"type":"if","locations":[{"start":{"line":461,"column":4},"end":{"line":461,"column":107}},{"start":{},"end":{}}],"line":461}},"s":{"0":2,"1":2,"2":2,"3":2,"4":8,"5":8,"6":0,"7":2,"8":13,"9":13,"10":0,"11":0,"12":0,"13":2,"14":3,"15":3,"16":3,"17":3,"18":3,"19":3,"20":3,"21":1,"22":1,"23":3,"24":1,"25":1,"26":3,"27":1,"28":1,"29":3,"30":1,"31":1,"32":3,"33":1,"34":1,"35":3,"36":3,"37":3,"38":3,"39":2,"40":1,"41":2,"42":2,"43":14,"44":13,"45":2,"46":3,"47":3,"48":2,"49":1,"50":1,"51":1,"52":2,"53":4,"54":4,"55":4,"56":4,"57":3,"58":3,"59":1,"60":1,"61":3,"62":3,"63":1,"64":1,"65":1,"66":1,"67":1,"68":1,"69":1,"70":3,"71":3,"72":3,"73":3,"74":1,"75":2,"76":6,"77":6,"78":6,"79":5,"80":1,"81":4,"82":4,"83":4,"84":4,"85":4,"86":1,"87":1,"88":1,"89":4,"90":4,"91":0,"92":4,"93":2,"94":4,"95":0,"96":4,"97":1,"98":1,"99":1,"100":1,"101":1,"102":1,"103":1,"104":1,"105":1,"106":4,"107":1,"108":1,"109":1,"110":1,"111":1,"112":1,"113":1,"114":1,"115":1,"116":4,"117":4,"118":4,"119":4,"120":1,"121":2,"122":3,"123":3,"124":3,"125":2,"126":1,"127":1,"128":1,"129":1,"130":1,"131":1,"132":1,"133":2,"134":2,"135":2,"136":1,"137":1,"138":2,"139":3,"140":3,"141":3,"142":1,"143":2,"144":2,"145":1,"146":1,"147":15,"148":0,"149":0,"150":2,"151":4,"152":4,"153":4,"154":4,"155":1,"156":3,"157":3,"158":2,"159":2,"160":1,"161":1,"162":1,"163":1,"164":2,"165":3,"166":3,"167":3,"168":3,"169":3,"170":3,"171":3,"172":1,"173":1,"174":3,"175":1,"176":1,"177":3,"178":1,"179":2,"180":2,"181":2,"182":2,"183":1,"184":1,"185":1,"186":1,"187":0,"188":2,"189":2,"190":2,"191":2,"192":2,"193":1,"194":1,"195":1,"196":1,"197":0,"198":2,"199":4,"200":4,"201":4,"202":4,"203":1,"204":3,"205":2,"206":1,"207":1,"208":1,"209":1,"210":1,"211":1,"212":1,"213":1,"214":1,"215":1,"216":1,"217":1,"218":1,"219":1,"220":1,"221":2,"222":2,"223":1,"224":1,"225":1,"226":1,"227":2,"228":3,"229":3,"230":3,"231":3,"232":1,"233":2,"234":2,"235":1,"236":1,"237":1,"238":1,"239":0,"240":2,"241":3,"242":3,"243":3,"244":2,"245":1,"246":1,"247":1,"248":1,"249":1,"250":2},"f":{"0":8,"1":13,"2":3,"3":14,"4":3,"5":4,"6":1,"7":6,"8":1,"9":1,"10":1,"11":3,"12":2,"13":3,"14":15,"15":0,"16":0,"17":4,"18":3,"19":2,"20":4,"21":1,"22":2,"23":2,"24":3,"25":3},"b":{"0":[0],"1":[13,0],"2":[0,0],"3":[3],"4":[3],"5":[1,2],"6":[1,2],"7":[1,2],"8":[1,2],"9":[1,2],"10":[11,2],"11":[1,1],"12":[3],"13":[3],"14":[4,4],"15":[4,4],"16":[4,3],"17":[4,4],"18":[1,2],"19":[1,2],"20":[3,1],"21":[1,0],"22":[1,4],"23":[4,3],"24":[4,4],"25":[4,4],"26":[1,3],"27":[0,4],"28":[4,0],"29":[2,2],"30":[4,2],"31":[0,4],"32":[4,0],"33":[1,3],"34":[4,1],"35":[1,0],"36":[1,1],"37":[1,1],"38":[1,3],"39":[4,1],"40":[1,1],"41":[1,1],"42":[3],"43":[1,2],"44":[15,0],"45":[15,14],"46":[15,15],"47":[0,15],"48":[15,15],"49":[15,15],"50":[15,0],"51":[15,0],"52":[15,0],"53":[1,3],"54":[4,3],"55":[1,1],"56":[1,2],"57":[1,2],"58":[1,2],"59":[1,1],"60":[1,1],"61":[1,3],"62":[4,3],"63":[1,1],"64":[1,0],"65":[0,1],"66":[1,0],"67":[1,1],"68":[1,2],"69":[3,2],"70":[1,1],"71":[1,1]},"_coverageSchema":"1a1c01bbd47fc00a2c39e90264f33305004495a9","hash":"21b08867ee1ea1b406cde92ea292da2ac4af1e0b"}
,"/Users/julliansamado/Proyectos/gestiónOficina/GestionTareasOficina/backend/src/middleware/auth.js": {"path":"/Users/julliansamado/Proyectos/gestiónOficina/GestionTareasOficina/backend/src/middleware/auth.js","statementMap":{"0":{"start":{"line":1,"column":19},"end":{"line":1,"column":42}},"1":{"start":{"line":2,"column":11},"end":{"line":2,"column":40}},"2":{"start":{"line":4,"column":23},"end":{"line":25,"column":1}},"3":{"start":{"line":5,"column":21},"end":{"line":5,"column":46}},"4":{"start":{"line":6,"column":2},"end":{"line":8,"column":3}},"5":{"start":{"line":7,"column":4},"end":{"line":7,"column":62}},"6":{"start":{"line":9,"column":16},"end":{"line":9,"column":35}},"7":{"start":{"line":10,"column":2},"end":{"line":24,"column":3}},"8":{"start":{"line":11,"column":24},"end":{"line":14,"column":5}},"9":{"start":{"line":15,"column":4},"end":{"line":17,"column":5}},"10":{"start":{"line":16,"column":6},"end":{"line":16,"column":63}},"11":{"start":{"line":18,"column":20},"end":{"line":18,"column":33}},"12":{"start":{"line":19,"column":4},"end":{"line":19,"column":23}},"13":{"start":{"line":20,"column":4},"end":{"line":20,"column":22}},"14":{"start":{"line":21,"column":4},"end":{"line":21,"column":11}},"15":{"start":{"line":23,"column":4},"end":{"line":23,"column":72}},"16":{"start":{"line":27,"column":23},"end":{"line":33,"column":1}},"17":{"start":{"line":27,"column":37},"end":{"line":33,"column":1}},"18":{"start":{"line":28,"column":2},"end":{"line":28,"column":74}},"19":{"start":{"line":28,"column":17},"end":{"line":28,"column":74}},"20":{"start":{"line":29,"column":2},"end":{"line":31,"column":3}},"21":{"start":{"line":30,"column":4},"end":{"line":30,"column":69}},"22":{"start":{"line":32,"column":2},"end":{"line":32,"column":9}},"23":{"start":{"line":35,"column":16},"end":{"line":41,"column":1}},"24":{"start":{"line":36,"column":2},"end":{"line":36,"column":74}},"25":{"start":{"line":36,"column":17},"end":{"line":36,"column":74}},"26":{"start":{"line":37,"column":2},"end":{"line":39,"column":3}},"27":{"start":{"line":38,"column":4},"end":{"line":38,"column":84}},"28":{"start":{"line":40,"column":2},"end":{"line":40,"column":9}},"29":{"start":{"line":43,
[...]
{"line":3,"column":38}},"3":{"start":{"line":4,"column":11},"end":{"line":4,"column":40}},"4":{"start":{"line":5,"column":43},"end":{"line":5,"column":72}},"5":{"start":{"line":6,"column":21},"end":{"line":6,"column":56}},"6":{"start":{"line":8,"column":15},"end":{"line":8,"column":23}},"7":{"start":{"line":9,"column":0},"end":{"line":9,"column":27}},"8":{"start":{"line":20,"column":0},"end":{"line":25,"column":3}},"9":{"start":{"line":21,"column":2},"end":{"line":24,"column":30}},"10":{"start":{"line":22,"column":19},"end":{"line":22,"column":78}},"11":{"start":{"line":23,"column":4},"end":{"line":23,"column":26}},"12":{"start":{"line":24,"column":18},"end":{"line":24,"column":28}},"13":{"start":{"line":27,"column":0},"end":{"line":42,"column":2}},"14":{"start":{"line":33,"column":4},"end":{"line":40,"column":32}},"15":{"start":{"line":34,"column":42},"end":{"line":34,"column":50}},"16":{"start":{"line":35,"column":21},"end":{"line":38,"column":7}},"17":{"start":{"line":39,"column":6},"end":{"line":39,"column":43}},"18":{"start":{"line":40,"column":20},"end":{"line":40,"column":30}},"19":{"start":{"line":44,"column":0},"end":{"line":59,"column":2}},"20":{"start":{"line":49,"column":4},"end":{"line":57,"column":32}},"21":{"start":{"line":50,"column":30},"end":{"line":50,"column":38}},"22":{"start":{"line":51,"column":21},"end":{"line":54,"column":7}},"23":{"start":{"line":55,"column":6},"end":{"line":55,"column":87}},"24":{"start":{"line":55,"column":27},"end":{"line":55,"column":87}},"25":{"start":{"line":56,"column":6},"end":{"line":56,"column":31}},"26":{"start":{"line":57,"column":20},"end":{"line":57,"column":30}},"27":{"start":{"line":61,"column":0},"end":{"line":66,"column":3}},"28":{"start":{"line":62,"column":2},"end":{"line":65,"column":30}},"29":{"start":{"line":63,"column":4},"end":{"line":63,"column":75}},"30":{"start":{"line":64,"column":4},"end":{"line":64,"column":32}},"31":{"start":{"line":65,"column":18},"end":{"line":65,"column":28}},"32":{"start":{"line":68,"column":0},"end":{"line":68,"column":24}}},"fnMap":{"0":{"name":"(anonymous_0)","decl":{"start":{"line":20,"column":16},"end":{"line":20,"column":17}},"loc":{"start":{"line":20,"column":42},"end":{"line":25,"column":1}},"line":20},"1":{"name":"(anonymous_1)","decl":{"start":{"line":32,"column":2},"end":{"line":32,"column":3}},"loc":{"start":{"line":32,"column":28},"end":{"line":41,"column":3}},"line":32},"2":{"name":"(anonymous_2)","decl":{"start":{"line":48,"column":2},"end":{"line":48,"column":3}},"loc":{"start":{"line":48,"column":28},"end":{"line":58,"column":3}},"line":48},"3":{"name":"(anonymous_3)","decl":{"start":{"line":61,"column":47},"end":{"line":61,"column":48}},"loc":{"start":{"line":61,"column":73},"end":{"line":66,"column":1}},"line":61}},"branchMap":{"0":{"loc":{"start":{"line":34,"column":20},"end":{"line":34,"column":37}},"type":"default-arg","locations":[{"start":{"line":34,"column":28},"end":{"line":34,"column":37}}],"line":34},"1":{"loc":{"start":{"line":55,"column":6},"end":{"line":55,"column":87}},"type":"if","locations":[{"start":{"line":55,"column":6},"end":{"line":55,"column":87}},{"start":{},"end":{}}],"line":55}},"s":{"0":1,"1":1,"2":1,"3":1,"4":1,"5":1,"6":1,"7":1,"8":1,"9":0,"10":0,"11":0,"12":0,"13":1,"14":0,"15":0,"16":0,"17":0,"18":0,"19":1,"20":0,"21":0,"22":0,"23":0,"24":0,"25":0,"26":0,"27":1,"28":0,"29":0,"30":0,"31":0,"32":1},"f":{"0":0,"1":0,"2":0,"3":0},"b":{"0":[0],"1":[0,0]},"_coverageSchema":"1a1c01bbd47fc00a2c39e90264f33305004495a9","hash":"d418622c0c07276d6c2c64b8b2b47415bb2eb346"}
,"/Users/julliansamado/Proyectos/gestiónOficina/GestionTareasOficina/backend/src/routes/tasks.js": {"path":"/Users/julliansamado/Proyectos/gestiónOficina/GestionTareasOficina/backend/src/routes/tasks.js","statementMap":{"0":{"start":{"line":1,"column":19},"end":{"line":1,"column":37}},"1":{"start":{"line":2,"column":24},"end":{"line":2,"column":52}},"2":{"start":{"line":7,"column":4},"end":{"line":7,"column":44}},"3":{"start":{"line":8,"column":52},"end":{"line":8,"column":81}},"4":{"start":{"line":9,"column":21},"end":{"line":9,"column":56}},"5":{"start":{"line":11,"column":15},"end":{"line":11,"column":23}},"6":{"start":{"line":13,"column":0},"end":{"line":13,"column":27}},"7":{"start":{"line":35,"column":0},"end":{"line":35,"column":26}},"8":{"start":{"line":52,"column":0},"end":{"line":52,"column":35}},"9":{"start":{"line":70,"column":0},"end":{"line":70,"column":28}},"10":{"start":{"line":81,"column":0},"end":{"line":81,"column":43}},"11":{"start":{"line":101,"column":0},"end":{"line":109,"column":2}},"12":{"start":{"line":120,"column":0},"end":{"line":127,"column":2}},"13":{"start":{"line":138,"column":0},"end":{"line":138,"column":69}},"14":{"start":{"line":141,"column":0},"end":{"line":141,"column":50}},"15":{"start":{"line":142,"column":0},"end":{"line":142,"column":63}},"16":{"start":{"line":143,"column":0},"end":{"line":143,"column":66}},"17":{"start":{"line":146,"column":0},"end":{"line":146,"column":50}},"18":{"start":{"line":147,"column":0},"end":{"line":147,"column":63}},"19":{"start":{"line":148,"column":0},"end":{"line":148,"column":66}},"20":{"start":{"line":150,"column":0},"end":{"line":150,"column":24}}},"fnMap":{},"branchMap":{},"s":{"0":1,"1":1,"2":1,"3":1,"4":1,"5":1,"6":1,"7":1,"8":1,"9":1,"10":1,"11":1,"12":1,"13":1,"14":1,"15":1,"16":1,"17":1,"18":1,"19":1,"20":1},"f":{},"b":{},"_coverageSchema":"1a1c01bbd47fc00a2c39e90264f33305004495a9","hash":"6993c18a18b031dc3fe07f7950b28b76b31d9d5e"}
,"/Users/julliansamado/Proyectos/gestiónOficina/GestionTareasOficina/backend/src/services/emailService.js": {"path":"/Users/julliansamado/Proyectos/gestiónOficina/GestionTareasOficina/backend/src/services/emailService.js","statementMap":{"0":{"start":{"line":1,"column":15},"end":{"line":1,"column":41}},"1":{"start":{"line":2,"column":12},"end":{"line":2,"column":36}},"2":{"start":{"line":6,"column":2},"end":{"line":9,"column":3}},"3":{"start":{"line":7,"column":4},"end":{"line":7,"column":78}},"4":{"start":{"line":8,"column":4},"end":{"line":8,"column":11}},"5":{"start":{"line":10,"column":2},"end":{"line":31,"column":3}},"6":{"start":{"line":11,"column":16},"end":{"line":26,"column":6}},"7":{"start":{"line":27,"column":4},"end":{"line":27,"column":66}},"8":{"start":{"line":27,"column":17},"end":{"line":27,"column":66}},"9":{"start":{"line":28,"column":4},"end":{"line":28,"column":47}},"10":{"start":{"line":30,"column":4},"end":{"line":30,"column":55}},"11":{"start":{"line":34,"column":21},"end":{"line":63,"column":1}},"12":{"start":{"line":36,"column":4},"end":{"line":41,"column":6}},"13":{"start":{"line":44,"column":4},"end":{"line":48,"column":6}},"14":{"start":{"line":51,"column":4},"end":{"line":55,"column":6}},"15":{"start":{"line":58,"column":4},"end":{"line":62,"column":6}},"16":{"start":{"line":65,"column":0},"end":{"line":65,"column":30}}},"fnMap":{"0":{"name":"sendEmail","decl":{"start":{"line":5,"column":15},"end":{"line":5,"column":24}},"loc":{"start":{"line":5,"column":54},"end":{"line":32,"column":1}},"line":5},"1":{"name":"(anonymous_1)","decl":{"start":{"line":35,"column":16},"end":{"line":35,"column":17}},"loc":{"start":{"line":36,"column":4},"end":{"line":41,"column":6}},"line":36},"2":{"name":"(anonymous_2)","decl":{"start":{"line":43,"column":17},"end":{"line":43,"column":18}},"loc":{"start":{"line":44,"column":4},"end":{"line":48,"column":6}},"line":44},"3":{"name":"(anonymous_3)","decl":{"start":{"line":50,"column":16},"end":{"line":50,"column":17}},"loc":{"start":{"line":51,"column":4},"end":{"line":55,"column":6}},"line":51},"4":{"name":"(anonymous_4)","decl":{"start":{"line":57,"column":15},"end":{"line":57,"column":16}},"loc":{"start":{"line":58,"column":4},"end":{"line":62,"column":6}},"line":58}},"branchMap":{"0":{"loc":{"start":{"line":6,"column":2},"end":{"line":9,"column":3}},"type":"if","locations":[{"start":{"line":6,"column":2},"end":{"line":9,"column":3}},{"start":{},"end":{}}],"line":6},"1":{"loc":{"start":{"line":22,"column":39},"end":{"line":22,"column":54}},"type":"binary-expr","locations":[{"start":{"line":22,"column":39},"end":{"line":22,"column":43}},{"start":{"line":22,"column":47},"end":{"line":22,"column":54}}],"line":22},"2":{"loc":{"start":{"line":23,"column":14},"end":{"line":23,"column":62}},"type":"cond-expr","locations":[{"start":{"line":23,"column":21},"end":{"line":23,"column":57}},{"start":{"line":23,"column":60},"end":{"line":23,"column":62}}],"line":23},"3":{"loc":{"start":{"line":27,"column":4},"end":{"line":27,"column":66}},"type":"if","locations":[{"start":{"line":27,"column":4},"end":{"line":27,"column":66}},{"start":{},"end":{}}],"line":27}},"s":{"0":1,"1":1,"2":4,"3":4,"4":4,"5":0,"6":0,"7":0,"8":0,"9":0,"10":0,"11":1,"12":1,"13":1,"14":1,"15":1,"16":1},"f":{"0":4,"1":1,"2":1,"3":1,"4":1},"b":{"0":[4,0],"1":[0,0],"2":[0,0],"3":[0,0]},"_coverageSchema":"1a1c01bbd47fc00a2c39e90264f33305004495a9","hash":"a3ff42a0a76f188a95fc18e52312965b76b2c470"}
,"/Users/julliansamado/Proyectos/gestiónOficina/GestionTareasOficina/backend/src/socket/events.js": {"path":"/Users/julliansamado/Proyectos/gestiónOficina/GestionTareasOficina/backend/src/socket/events.js","statementMap":{"0":{"start":{"line":1,"column":19},"end":{"line":1,"column":42}},"1":{"start":{"line":2,"column":15},"end":{"line":2,"column":41}},"2":{"start":{"line":4,"column":20},"end":{"line":50,"column":1}},"3":{"start":{"line":6,"column":2},"end":{"line":16,"column":5}},"4":{"start":{"line":7,"column":18},"end":{"line":7,"column":46}},"5":{"start":{"line":8,"column":4},"end":{"line":8,"column":58}},"6":{"start":{"line":8,"column":16},"end":{"line":8,"column":58}},"7":{"start":{"line":9,"column":4},"end":{"line":15,"column":5}},"8":{"start":{"line":10,"column":22},"end":{"line":10,"column":35}},"9":{"start":{"line":11,"column":6},"end":{"line":11,"column":28}},"10":{"start":{"line":12,"column":6},"end":{"line":12,"column":13}},"11":{"start":{"line":14,"column":6},"end":{"line":14,"column":40}},"12":{"start":{"line":18,"column":22},"end":{"line":18,"column":31}},"13":{"start":{"line":20,"column":2},"end":{"line":47,"column":5}},"14":{"start":{"line":21,"column":30},"end":{"line":21,"column":41}},"15":{"start":{"line":22,"column":4},"end":{"line":22,"column":48}},"16":{"start":{"line":24,"column":4},"end":{"line":24,"column":34}},"17":{"start":{"line":25,"column":4},"end":{"line":25,"column":60}},"18":{"start":{"line":26,"column":4},"end":{"line":26,"column":46}},"19":{"start":{"line":28,"column":4},"end":{"line":28,"column":70}},"20":{"start":{"line":28,"column":39},"end":{"line":28,"column":68}},"21":{"start":{"line":29,"column":4},"end":{"line":29,"column":72}},"22":{"start":{"line":29,"column":40},"end":{"line":29,"column":70}},"23":{"start":{"line":30,"column":4},"end":{"line":30,"column":74}},"24":{"start":{"line":30,"column":41},"end":{"line":30,"column":72}},"25":{"start":{"line":31,"column":4},"end":{"line":31,"column":76}},"26":{"start":{"line":31,"column":42},"end":{"line":31,"column":74}},"27":{"start":{"line":33,"column":4},"end":{"line":40,"column":7}},"28":{"start":{"line":34,"column":6},"end":{"line":39,"column":7}},"29":{"start":{"line":35,"column":19},"end":{"line":35,"column":48}},"30":{"start":{"line":36,"column":8},"end":{"line":36,"column":113}},"31":{"start":{"line":38,"column":8},"end":{"line":38,"column":50}},"32":{"start":{"line":42,"column":4},"end":{"line":46,"column":7}},"33":{"start":{"line":43,"column":6},"end":{"line":43,"column":33}},"34":{"start":{"line":44,"column":6},"end":{"line":44,"column":42}},"35":{"start":{"line":45,"column":6},"end":{"line":45,"column":53}},"36":{"start":{"line":49,"column":2},"end":{"line":49,"column":12}},"37":{"start":{"line":52,"column":0},"end":{"line":52,"column":33}}},"fnMap":{"0":{"name":"(anonymous_0)","decl":{"start":{"line":4,"column":20},"end":{"line":4,"column":21}},"loc":{"start":{"line":4,"column":28},"end":{"line":50,"column":1}},"line":4},"1":{"name":"(anonymous_1)","decl":{"start":{"line":6,"column":9},"end":{"line":6,"column":10}},"loc":{"start":{"line":6,"column":27},"end":{"line":16,"column":3}},"line":6},"2":{"name":"(anonymous_2)","decl":{"start":{"line":20,"column":22},"end":{"line":20,"column":23}},"loc":{"start":{"line":20,"column":34},"end":{"line":47,"column":3}},"line":20},"3":{"name":"(anonymous_3)","decl":{"start":{"line":28,"column":27},"end":{"line":28,"column":28}},"loc":{"start":{"line":28,"column":39},"end":{"line":28,"column":68}},"line":28},"4":{"name":"(anonymous_4)","decl":{"start":{"line":29,"column":28},"end":{"line":29,"column":29}},"loc":{"start":{"line":29,"column":40},"end":{"line":29,"column":70}},"line":29},"5":{"name":"(anonymous_5)","decl":{"start":{"line":30,"column":28},"end":{"line":30,"column":29}},"loc":{"start":{"line":30,"column":41},"end":{"line":30,"column":72}},"line":30},"6":{"name":"(anonymous_6)","decl":{"start":{"line":31,"column":29},"end":{"line":31,"column":30}},"loc":{"start":{"line":31,"column":42},"end":{"line":31,"column":74}},"line":31},"7":{"name":"(anonymous_7)","decl":{"start":{"line":33,"column":27},"end":{"line":33,"column":28}},"loc":{"start":{"line":33,"column":46},"end":{"line":40,"column":5}},"line":33},"8":{"name":"(anonymous_8)","decl":{"start":{"line":42,"column":28},"end":{"line":42,"column":29}},"loc":{"start":{"line":42,"column":34},"end":{"line":46,"column":5}},"line":42}},"branchMap":{"0":{"loc":{"start":{"line":8,"column":4},"end":{"line":8,"column":58}},"type":"if","locations":[{"start":{"line":8,"column":4},"end":{"line":8,"column":58}},{"start":{},"end":{}}],"line":8}},"s":{"0":1,"1":1,"2":1,"3":5,"4":3,"5":3,"6":1,"7":2,"8":2,"9":1,"10":1,"11":1,"12":5,"13":5,"14":1,"15":1,"16":1,"17":1,"18":1,"19":1,"20":1,"21":1,"22":1,"23":1,"24":1,"25":1,"26":1,"27":1,"28":1,"29":1,"30":1,"31":0,"32":1,"33":1,"34":1,"35":1,"36":5,"37":1},"f":{"0":5,"1":3,"2":1,"3":1,"4":1,"5":1,"6":1,"7":1,"8":1},"b":{"0":[1,2]},"_coverageSchema":"1a1c01bbd47fc00a2c39e90264f33305004495a9","hash":"6a672b259c0813f32a01d002fbc6defd87c1020c"}
,"/Users/julliansamado/Proyectos/gestiónOficina/GestionTareasOficina/backend/src/utils/email.js": {"path":"/Users/julliansamado/Proyectos/gestiónOficina/GestionTareasOficina/backend/src/utils/email.js","statementMap":{"0":{"start":{"line":1,"column":19},"end":{"line":1,"column":40}},"1":{"start":{"line":2,"column":12},"end":{"line":2,"column":36}},"2":{"start":{"line":3,"column":15},"end":{"line":3,"column":34}},"3":{"start":{"line":5,"column":18},"end":{"line":5,"column":22}},"4":{"start":{"line":8,"column":2},"end":{"line":8,"column":34}},"5":{"start":{"line":8,"column":22},"end":{"line":8,"column":34}},"6":{"start":{"line":9,"column":2},"end":{"line":16,"column":3}},"7":{"start":{"line":10,"column":4},"end":{"line":15,"column":7}},"8":{"start":{"line":17,"column":2},"end":{"line":17,"column":21}},"9":{"start":{"line":20,"column":31},"end":{"line":38,"column":1}},"10":{"start":{"line":21,"column":19},"end":{"line":21,"column":68}},"11":{"start":{"line":22,"column":13},"end":{"line":22,"column":29}},"12":{"start":{"line":23,"column":2},"end":{"line":26,"column":3}},"13":{"start":{"line":24,"column":4},"end":{"line":24,"column":95}},"14":{"start":{"line":25,"column":4},"end":{"line":25,"column":11}},"15":{"start":{"line":27,"column":2},"end":{"line":36,"column":5}},"16":{"start":{"line":37,"column":2},"end":{"line":37,"column":55}},"17":{"start":{"line":40,"column":0},"end":{"line":40,"column":44}}},"fnMap":{"0":{"name":"getTransporter","decl":{"start":{"line":7,"column":9},"end":{"line":7,"column":23}},"loc":{"start":{"line":7,"column":26},"end":{"line":18,"column":1}},"line":7},"1":{"name":"(anonymous_1)","decl":{"start":{"line":20,"column":31},"end":{"line":20,"column":32}},"loc":{"start":{"line":20,"column":52},"end":{"line":38,"column":1}},"line":20}},"branchMap":{"0":{"loc":{"start":{"line":8,"column":2},"end":{"line":8,"column":34}},"type":"if","locations":[{"start":{"line":8,"column":2},"end":{"line":8,"column":34}},{"start":{},"end":{}}],"line":8},"1":{"loc":{"start":{"line":9,"column":2},"end":{"line":16,"column":3}},"type":"if","locations":[{"start":{"line":9,"column":2},"end":{"line":16,"column":3}},{"start":{},"end":{}}],"line":9},"2":{"loc":{"start":{"line":14,"column":12},"end":{"line":14,"column":84}},"type":"cond-expr","locations":[{"start":{"line":14,"column":28},"end":{"line":14,"column":72}},{"start":{"line":14,"column":75},"end":{"line":14,"column":84}}],"line":14},"3":{"loc":{"start":{"line":23,"column":2},"end":{"line":26,"column":3}},"type":"if","locations":[{"start":{"line":23,"column":2},"end":{"line":26,"column":3}},{"start":{},"end":{}}],"line":23}},"s":{"0":0,"1":0,"2":0,"3":0,"4":0,"5":0,"6":0,"7":0,"8":0,"9":0,"10":0,"11":0,"12":0,"13":0,"14":0,"15":0,"16":0,"17":0},"f":{"0":0,"1":0},"b":{"0":[0,0],"1":[0,0],"2":[0,0],"3":[0,0]}}
,"/Users/julliansamado/Proyectos/gestiónOficina/GestionTareasOficina/backend/src/utils/jwt.js": {"path":"/Users/julliansamado/Proyectos/gestiónOficina/GestionTareasOficina/backend/src/utils/jwt.js","statementMap":{"0":{"start":{"line":1,"column":12},"end":{"line":1,"column":35}},"1":{"start":{"line":2,"column":12},"end":{"line":2,"column":36}},"2":{"start":{"line":4,"column":13},"end":{"line":5,"column":70}},"3":{"start":{"line":5,"column":2},"end":{"line":5,"column":70}},"4":{"start":{"line":7,"column":20},"end":{"line":8,"column":86}},"5":{"start":{"line":8,"column":2},"end":{"line":8,"column":86}},"6":{"start":{"line":10,"column":15},"end":{"line":11,"column":35}},"7":{"start":{"line":11,"column":2},"end":{"line":11,"column":35}},"8":{"start":{"line":13,"column":22},"end":{"line":14,"column":43}},"9":{"start":{"line":14,"column":2},"end":{"line":14,"column":43}},"10":{"start":{"line":16,"column":0},"end":{"line":16,"column":62}}},"fnMap":{"0":{"name":"(anonymous_0)","decl":{"start":{"line":4,"column":13},"end":{"line":4,"column":14}},"loc":{"start":{"line":5,"column":2},"end":{"line":5,"column":70}},"line":5},"1":{"name":"(anonymous_1)","decl":{"start":{"line":7,"column":20},"end":{"line":7,"column":21}},"loc":{"start":{"line":8,"column":2},"end":{"line":8,"column":86}},"line":8},"2":{"name":"(anonymous_2)","decl":{"start":{"line":10,"column":15},"end":{"line":10,"column":16}},"loc":{"start":{"line":11,"column":2},"end":{"line":11,"column":35}},"line":11},"3":{"name":"(anonymous_3)","decl":{"start":{"line":13,"column":22},"end":{"line":13,"column":23}},"loc":{"start":{"line":14,"column":2},"end":{"line":14,"column":43}},"line":14}},"branchMap":{},"s":{"0":4,"1":4,"2":4,"3":4,"4":4,"5":2,"6":4,"7":3,"8":4,"9":2,"10":4},"f":{"0":4,"1":2,"2":3,"3":2},"b":{},"_coverageSchema":"1a1c01bbd47fc00a2c39e90264f33305004495a9","hash":"536de176ab3f00802bf24dac12f4c0663d949707"}
,"/Users/julliansamado/Proyectos/gestiónOficina/GestionTareasOficina/backend/src/utils/logger.js": {"path":"/Users/julliansamado/Proyectos/gestiónOficina/GestionTareasOficina/backend/src/utils/logger.js","statementMap":{"0":{"start":{"line":1,"column":13},"end":{"line":1,"column":28}},"1":{"start":{"line":3,"column":15},"end":{"line":8,"column":2}},"2":{"start":{"line":10,"column":0},"end":{"line":10,"column":24}}},"fnMap":{},"branchMap":{"0":{"loc":{"start":{"line":4,"column":9},"end":{"line":4,"column":92}},"type":"binary-expr","locations":[{"start":{"line":4,"column":9},"end":{"line":4,"column":30}},{"start":{"line":4,"column":35},"end":{"line":4,"column":91}}],"line":4},"1":{"loc":{"start":{"line":4,"column":35},"end":{"line":4,"column":91}},"type":"cond-expr","locations":[{"start":{"line":4,"column":75},"end":{"line":4,"column":81}},{"start":{"line":4,"column":84},"end":{"line":4,"column":91}}],"line":4},"2":{"loc":{"start":{"line":5,"column":13},"end":{"line":7,"column":15}},"type":"cond-expr","locations":[{"start":{"line":6,"column":6},"end":{"line":6,"column":115}},{"start":{"line":7,"column":6},"end":{"line":7,"column":15}}],"line":5}},"s":{"0":0,"1":0,"2":0},"f":{},"b":{"0":[0,0],"1":[0,0],"2":[0,0]}}
}
