{"C:\\Users\\julli\\OneDrive\\Documents\\Proyectos\\Personales\\GestionContable\\backend\\src\\config\\database.js": {"path":"C:\\Users\\julli\\OneDrive\\Documents\\Proyectos\\Personales\\GestionContable\\backend\\src\\config\\database.js","statementMap":{"0":{"start":{"line":1,"column":17},"end":{"line":1,"column":30}},"1":{"start":{"line":2,"column":12},"end":{"line":2,"column":28}},"2":{"start":{"line":4,"column":15},"end":{"line":12,"column":5}},"3":{"start":{"line":14,"column":13},"end":{"line":14,"column":102}},"4":{"start":{"line":16,"column":0},"end":{"line":19,"column":3}},"5":{"start":{"line":17,"column":2},"end":{"line":17,"column":56}},"6":{"start":{"line":18,"column":2},"end":{"line":18,"column":19}},"7":{"start":{"line":21,"column":11},"end":{"line":25,"column":1}},"8":{"start":{"line":22,"column":27},"end":{"line":22,"column":51}},"9":{"start":{"line":23,"column":19},"end":{"line":23,"column":33}},"10":{"start":{"line":27,"column":0},"end":{"line":27,"column":20}}},"fnMap":{"0":{"name":"(anonymous_0)","decl":{"start":{"line":16,"column":17},"end":{"line":16,"column":18}},"loc":{"start":{"line":16,"column":26},"end":{"line":19,"column":1}},"line":16},"1":{"name":"(anonymous_1)","decl":{"start":{"line":22,"column":9},"end":{"line":22,"column":10}},"loc":{"start":{"line":22,"column":27},"end":{"line":22,"column":51}},"line":22},"2":{"name":"(anonymous_2)","decl":{"start":{"line":23,"column":13},"end":{"line":23,"column":14}},"loc":{"start":{"line":23,"column":19},"end":{"line":23,"column":33}},"line":23}},"branchMap":{"0":{"loc":{"start":{"line":4,"column":15},"end":{"line":12,"column":5}},"type":"cond-expr","locations":[{"start":{"line":5,"column":4},"end":{"line":5,"column":118}},{"start":{"line":6,"column":4},"end":{"line":12,"column":5}}],"line":4},"1":{"loc":{"start":{"line":5,"column":47},"end":{"line":5,"column":116}},"type":"cond-expr","locations":[{"start":{"line":5,"column":79},"end":{"line":5,"column":108}},{"start":{"line":5,"column":111},"end":{"line":5,"column":116}}],"line":5},"2":{"loc":{"start":{"line":9,"column":16},"end":{"line":9,"column":72}},"type":"cond-expr","locations":[{"start":{"line":9,"column":42},"end":{"line":9,"column":58}},{"start":{"line":9,"column":61},"end":{"line":9,"column":72}}],"line":9}},"s":{"0":6,"1":6,"2":6,"3":6,"4":6,"5":0,"6":0,"7":6,"8":0,"9":0,"10":6},"f":{"0":0,"1":0,"2":0},"b":{"0":[0,6],"1":[0,0],"2":[5,1]},"_coverageSchema":"1a1c01bbd47fc00a2c39e90264f33305004495a9","hash":"a988d93d32bec48e275793cdb03cd37b7dd1e01b"}
,"C:\\Users\\julli\\OneDrive\\Documents\\Proyectos\\Personales\\GestionContable\\backend\\src\\config\\env.js": {"path":"C:\\Users\\julli\\OneDrive\\Documents\\Proyectos\\Personales\\GestionContable\\backend\\src\\config\\env.js","statementMap":{"0":{"start":{"line":1,"column":0},"end":{"line":1,"column":27}},"1":{"start":{"line":3,"column":0},"end":{"line":36,"column":2}}},"fnMap":{},"branchMap":{"0":{"loc":{"start":{"line":4,"column":8},"end":{"line":4,"column":32}},"type":"binary-expr","locations":[{"start":{"line":4,"column":8},"end":{"line":4,"column":24}},{"start":{"line":4,"column":28},"end":{"line":4,"column":32}}],"line":4},"1":{"loc":{"start":{"line":5,"column":12},"end":{"line":5,"column":49}},"type":"binary-expr","locations":[{"start":{"line":5,"column":12},"end":{"line":5,"column":32}},{"start":{"line":5,"column":36},"end":{"line":5,"column":49}}],"line":5},"2":{"loc":{"start":{"line":6,"column":14},"end":{"line":6,"column":63}},"type":"binary-expr","locations":[{"start":{"line":6,"column":14},"end":{"line":6,"column":36}},{"start":{"line":6,"column":40},"end":{"line":6,"column":63}}],"line":6},"3":{"loc":{"start":{"line":8,"column":16},"end":{"line":8,"column":46}},"type":"binary-expr","locations":[{"start":{"line":8,"column":16},"end":{"line":8,"column":40}},{"start":{"line":8,"column":44},"end":{"line":8,"column":46}}],"line":8},"4":{"loc":{"start":{"line":9,"column":11},"end":{"line":9,"column":45}},"type":"binary-expr","locations":[{"start":{"line":9,"column":11},"end":{"line":9,"column":30}},{"start":{"line":9,"column":34},"end":{"line":9,"column":45}}],"line":9},"5":{"loc":{"start":{"line":10,"column":11},"end":{"line":10,"column":38}},"type":"binary-expr","locations":[{"start":{"line":10,"column":11},"end":{"line":10,"column":30}},{"start":{"line":10,"column":34},"end":{"line":10,"column":38}}],"line":10},"6":{"loc":{"start":{"line":11,"column":11},"end":{"line":11,"column":44}},"type":"binary-expr","locations":[{"start":{"line":11,"column":11},"end":{"line":11,"column":30}},{"start":{"line":11,"column":34},"end":{"line":11,"column":44}}],"line":11},"7":{"loc":{"start":{"line":12,"column":11},"end":{"line":12,"column":44}},"type":"binary-expr","locations":[{"start":{"line":12,"column":11},"end":{"line":12,"column":30}},{"start":{"line":12,"column":34},"end":{"line":12,"column":44}}],"line":12},"8":{"loc":{"start":{"line":13,"column":15},"end":{"line":13,"column":52}},"type":"binary-expr","locations":[{"start":{"line":13,"column":15},"end":{"line":13,"column":38}},{"start":{"line":13,"column":42},"end":{"line":13,"column":52}}],"line":13},"9":{"loc":{"start":{"line":14,"column":16},"end":{"line":14,"column":59}},"type":"binary-expr","locations":[{"start":{"line":14,"column":16},"end":{"line":14,"column":40}},{"start":{"line":14,"column":44},"end":{"line":14,"column":59}}],"line":14},"10":{"loc":{"start":{"line":16,"column":14},"end":{"line":16,"column":73}},"type":"binary-expr","locations":[{"start":{"line":16,"column":14},"end":{"line":16,"column":36}},{"start":{"line":16,"column":40},"end":{"line":16,"column":73}}],"line":16},"11":{"loc":{"start":{"line":17,"column":18},"end":{"line":17,"column":52}},"type":"binary-expr","locations":[{"start":{"line":17,"column":18},"end":{"line":17,"column":44}},{"start":{"line":17,"column":48},"end":{"line":17,"column":52}}],"line":17},"12":{"loc":{"start":{"line":18,"column":22},"end":{"line":18,"column":97}},"type":"binary-expr","locations":[{"start":{"line":18,"column":22},"end":{"line":18,"column":52}},{"start":{"line":18,"column":56},"end":{"line":18,"column":97}}],"line":18},"13":{"loc":{"start":{"line":19,"column":26},"end":{"line":19,"column":68}},"type":"binary-expr","locations":[{"start":{"line":19,"column":26},"end":{"line":19,"column":60}},{"start":{"line":19,"column":64},"end":{"line":19,"column":68}}],"line":19},"14":{"loc":{"start":{"line":21,"column":20},"end":{"line":21,"column":54}},"type":"binary-expr","locations":[{"start":{"line":21,"column":20},"end":{"line":21,"column":48}},{"start":{"line":21,"column":52},"end":{"line":21,"column":54}}],"line":21},"15":{"loc":{"start":{"line":22,"column":14},"end":{"line":22,"column":62}},"type":"binary-expr","locations":[{"start":{"line":22,"column":14},"end":{"line":22,"column":36}},{"start":{"line":22,"column":40},"end":{"line":22,"column":62}}],"line":22},"16":{"loc":{"start":{"line":23,"column":21},"end":{"line":23,"column":56}},"type":"binary-expr","locations":[{"start":{"line":23,"column":21},"end":{"line":23,"column":50}},{"start":{"line":23,"column":54},"end":{"line":23,"column":56}}],"line":23},"17":{"loc":{"start":{"line":25,"column":13},"end":{"line":25,"column":40}},"type":"binary-expr","locations":[{"start":{"line":25,"column":13},"end":{"line":25,"column":34}},{"start":{"line":25,"column":38},"end":{"line":25,"column":40}}],"line":25},"18":{"loc":{"start":{"line":26,"column":13},"end":{"line":26,"column":42}},"type":"binary-expr","locations":[{"start":{"line":26,"column":13},"end":{"line":26,"column":34}},{"start":{"line":26,"column":38},"end":{"line":26,"column":42}}],"line":26},"19":{"loc":{"start":{"line":28,"column":13},"end":{"line":28,"column":40}},"type":"binary-expr","locations":[{"start":{"line":28,"column":13},"end":{"line":28,"column":34}},{"start":{"line":28,"column":38},"end":{"line":28,"column":40}}],"line":28},"20":{"loc":{"start":{"line":29,"column":13},"end":{"line":29,"column":40}},"type":"binary-expr","locations":[{"start":{"line":29,"column":13},"end":{"line":29,"column":34}},{"start":{"line":29,"column":38},"end":{"line":29,"column":40}}],"line":29},"21":{"loc":{"start":{"line":33,"column":21},"end":{"line":33,"column":56}},"type":"binary-expr","locations":[{"start":{"line":33,"column":21},"end":{"line":33,"column":44}},{"start":{"line":33,"column":54},"end":{"line":33,"column":56}}],"line":33},"22":{"loc":{"start":{"line":34,"column":21},"end":{"line":34,"column":56}},"type":"binary-expr","locations":[{"start":{"line":34,"column":21},"end":{"line":34,"column":49}},{"start":{"line":34,"column":54},"end":{"line":34,"column":56}}],"line":34},"23":{"loc":{"start":{"line":35,"column":21},"end":{"line":35,"column":56}},"type":"binary-expr","locations":[{"start":{"line":35,"column":21},"end":{"line":35,"column":50}},{"start":{"line":35,"column":54},"end":{"line":35,"column":56}}],"line":35}},"s":{"0":9,"1":9},"f":{},"b":{"0":[9,0],"1":[9,0],"2":[9,0],"3":[9,9],"4":[9,0],"5":[9,0],"6":[9,0],"7":[9,0],"8":[9,0],"9":[9,0],"10":[9,0],"11":[9,0],"12":[9,0],"13":[9,0],"14":[9,9],"15":[9,0],"16":[9,9],"17":[9,0],"18":[9,0],"19":[9,9],"20":[9,9],"21":[9,0],"22":[9,0],"23":[9,0]},"_coverageSchema":"1a1c01bbd47fc00a2c39e90264f33305004495a9","hash":"0dd1b088c4d82b5be688ddbda6d7ec3dc7c3575b"}
,"C:\\Users\\julli\\OneDrive\\Documents\\Proyectos\\Personales\\GestionContable\\backend\\src\\controllers\\authController.js": {"path":"C:\\Users\\julli\\OneDrive\\Documents\\Proyectos\\Personales\\GestionContable\\backend\\src\\controllers\\authController.js","statementMap":{"0":{"start":{"line":1,"column":15},"end":{"line":1,"column":32}},"1":{"start":{"line":2,"column":15},"end":{"line":2,"column":32}},"2":{"start":{"line":3,"column":23},"end":{"line":3,"column":38}},"3":{"start":{"line":4,"column":11},"end":{"line":4,"column":40}},"4":{"start":{"line":5,"column":53},"end":{"line":5,"column":76}},"5":{"start":{"line":6,"column":35},"end":{"line":6,"column":60}},"6":{"start":{"line":7,"column":15},"end":{"line":7,"column":41}},"7":{"start":{"line":8,"column":12},"end":{"line":8,"column":36}},"8":{"start":{"line":10,"column":18},"end":{"line":10,"column":84}},"9":{"start":{"line":10,"column":29},"end":{"line":10,"column":84}},"10":{"start":{"line":12,"column":17},"end":{"line":45,"column":1}},"11":{"start":{"line":13,"column":2},"end":{"line":44,"column":3}},"12":{"start":{"line":14,"column":38},"end":{"line":14,"column":46}},"13":{"start":{"line":16,"column":21},"end":{"line":16,"column":99}},"14":{"start":{"line":17,"column":4},"end":{"line":19,"column":5}},"15":{"start":{"line":18,"column":6},"end":{"line":18,"column":76}},"16":{"start":{"line":21,"column":25},"end":{"line":21,"column":56}},"17":{"start":{"line":22,"column":15},"end":{"line":22,"column":23}},"18":{"start":{"line":24,"column":19},"end":{"line":29,"column":5}},"19":{"start":{"line":30,"column":17},"end":{"line":30,"column":31}},"20":{"start":{"line":32,"column":18},"end":{"line":32,"column":79}},"21":{"start":{"line":33,"column":25},"end":{"line":33,"column":57}},"22":{"start":{"line":35,"column":4},"end":{"line":38,"column":6}},"23":{"start":{"line":40,"column":4},"end":{"line":40,"column":56}},"24":{"start":{"line":41,"column":4},"end":{"line":41,"column":56}},"25":{"start":{"line":43,"column":4},"end":{"line":43,"column":14}},"26":{"start":{"line":47,"column":26},"end":{"line":47,"column":40}},"27":{"start":{"line":48,"column":29},"end":{"line":48,"column":30}},"28":{"start":{"line":50,"column":27},"end":{"line":59,"column":1}},"29":{"start":{"line":51,"column":2},"end":{"line":58,"column":3}},"30":{"start":{"line":52,"column":4},"end":{"line":55,"column":6}},"31":{"start":{"line":61,"column":20},"end":{"line":81,"column":1}},"32":{"start":{"line":62,"column":22},"end":{"line":62,"column":76}},"33":{"start":{"line":65,"column":18},"end":{"line":68,"column":3}},"34":{"start":{"line":69,"column":2},"end":{"line":69,"column":75}},"35":{"start":{"line":69,"column":63},"end":{"line":69,"column":75}},"36":{"start":{"line":72,"column":2},"end":{"line":78,"column":3}},"37":{"start":{"line":73,"column":17},"end":{"line":76,"column":5}},"38":{"start":{"line":77,"column":4},"end":{"line":77,"column":78}},"39":{"start":{"line":77,"column":66},"end":{"line":77,"column":78}},"40":{"start":{"line":80,"column":2},"end":{"line":80,"column":15}},"41":{"start":{"line":83,"column":14},"end":{"line":135,"column":1}},"42":{"start":{"line":84,"column":13},"end":{"line":84,"column":52}},"43":{"start":{"line":85,"column":2},"end":{"line":134,"column":3}},"44":{"start":{"line":86,"column":32},"end":{"line":86,"column":40}},"45":{"start":{"line":87,"column":28},"end":{"line":87,"column":47}},"46":{"start":{"line":90,"column":4},"end":{"line":93,"column":5}},"47":{"start":{"line":91,"column":6},"end":{"line":91,"column":94}},"48":{"start":{"line":92,"column":6},"end":{"line":92,"column":110}},"49":{"start":{"line":95,"column":19},"end":{"line":98,"column":5}},"50":{"start":{"line":99,"column":17},"end":{"line":99,"column":31}},"51":{"start":{"line":101,"column":4},"end":{"line":105,"column":5}},"52":{"start":{"line":102,"column":6},"end":{"line":102,"column":59}},"53":{"start":{"line":103,"column":6},"end":{"line":103,"column":83}},"54":{"start":{"line":104,"column":6},"end":{"line":104,"column":79}},"55":{"start":{"line":107,"column":4},"end":{"line":110,"column":5}},"56":{"start":{"line":108,"column":6},"end":{"line":108,"column":79}},"57":{"start":{"line":109,"column":6},"end":{"line":109,"column":95}},"58":{"start":{"line":112,"column":18},"end":{"line":112,"column":68}},"59":{"start":{"line":113,"column":4},"end":{"line":117,"column":5}},"60":{"start":{"line":114,"column":6},"end":{"line":114,"column":59}},"61":{"start":{"line":115,"column":6},"end":{"line":115,"column":76}},"62":{"start":{"line":116,"column":6},"end":{"line":116,"column":79}},"63":{"start":{"line":119,"column":4},"end":{"line":119,"column":56}},"64":{"start":{"line":121,"column":18},"end":{"line":121,"column":79}},"65":{"start":{"line":122,"column":25},"end":{"line":122,"column":57}},"66":{"start":{"line":124,"column":4},"end":{"line":127,"column":6}},"67":{"start":{"line":129,"column":54},"end":{"line":129,"column":58}},"68":{"start":{"line":130,"column":4},"end":{"line":130,"column":59}},"69":{"start":{"line":131,"column":4},"end":{"line":131,"column":54}},"70":{"start":{"line":133,"column":4},"end":{"line":133,"column":14}},"71":{"start":{"line":137,"column":16},"end":{"line":172,"column":1}},"72":{"start":{"line":138,"column":2},"end":{"line":171,"column":3}},"73":{"start":{"line":139,"column":29},"end":{"line":139,"column":37}},"74":{"start":{"line":140,"column":4},"end":{"line":140,"column":88}},"75":{"start":{"line":140,"column":23},"end":{"line":140,"column":88}},"76":{"start":{"line":142,"column":19},"end":{"line":145,"column":5}},"77":{"start":{"line":146,"column":4},"end":{"line":148,"column":5}},"78":{"start":{"line":147,"column":6},"end":{"line":147,"column":82}},"79":{"start":{"line":150,"column":20},"end":{"line":150,"column":47}},"80":{"start":{"line":151,"column":23},"end":{"line":154,"column":5}},"81":{"start":{"line":155,"column":17},"end":{"line":155,"column":35}},"82":{"start":{"line":156,"column":4},"end":{"line":156,"column":79}},"83":{"start":{"line":156,"column":15},"end":{"line":156,"column":79}},"84":{"start":{"line":158,"column":4},"end":{"line":158,"column":96}},"85":{"start":{"line":160,"column":21},"end":{"line":160,"column":82}},"86":{"start":{"line":161,"column":28},"end":{"line":161,"column":60}},"87":{"start":{"line":163,"column":4},"end":{"line":166,"column":6}},"88":{"start":{"line":168,"column":4},"end":{"line":168,"column":65}},"89":{"start":{"line":170,"column":4},"end":{"line":170,"column":14}},"90":{"start":{"line":174,"column":15},"end":{"line":191,"column":1}},"91":{"start":{"line":175,"column":2},"end":{"line":190,"column":3}},"92":{"start":{"line":176,"column":29},"end":{"line":176,"column":37}},"93":{"start":{"line":178,"column":4},"end":{"line":181,"column":6}},"94":{"start":{"line":182,"column":4},"end":{"line":184,"column":5}},"95":{"start":{"line":183,"column":6},"end":{"line":183,"column":98}},"96":{"start":{"line":186,"column":4},"end":{"line":186,"column":64}},"97":{"start":{"line":187,"column":4},"end":{"line":187,"column":32}},"98":{"start":{"line":189,"column":4},"end":{"line":189,"column":14}},"99":{"start":{"line":193,"column":11},"end":{"line":204,"column":1}},"100":{"start":{"line":194,"column":2},"end":{"line":203,"column":3}},"101":{"start":{"line":195,"column":19},"end":{"line":198,"column":5}},"102":{"start":{"line":199,"column":4},"end":{"line":199,"column":89}},"103":{"start":{"line":199,"column":25},"end":{"line":199,"column":89}},"104":{"start":{"line":200,"column":4},"end":{"line":200,"column":39}},"105":{"start":{"line":202,"column":4},"end":{"line":202,"column":14}},"106":{"start":{"line":206,"column":17},"end":{"line":250,"column":1}},"107":{"start":{"line":207,"column":2},"end":{"line":249,"column":3}},"108":{"start":{"line":208,"column":58},"end":{"line":208,"column":66}},"109":{"start":{"line":209,"column":19},"end":{"line":209,"column":34}},"110":{"start":{"line":211,"column":19},"end":{"line":211,"column":103}},"111":{"start":{"line":212,"column":20},"end":{"line":212,"column":34}},"112":{"start":{"line":213,"column":4},"end":{"line":213,"column":82}},"113":{"start":{"line":213,"column":18},"end":{"line":213,"column":82}},"114":{"start":{"line":215,"column":4},"end":{"line":220,"column":5}},"115":{"start":{"line":216,"column":23},"end":{"line":216,"column":122}},"116":{"start":{"line":217,"column":6},"end":{"line":219,"column":7}},"117":{"start":{"line":218,"column":8},"end":{"line":218,"column":78}},"118":{"start":{"line":223,"column":4},"end":{"line":232,"column":5}},"119":{"start":{"line":224,"column":6},"end":{"line":226,"column":7}},"120":{"start":{"line":225,"column":8},"end":{"line":225,"column":85}},"121":{"start":{"line":227,"column":20},"end":{"line":227,"column":80}},"122":{"start":{"line":228,"column":6},"end":{"line":230,"column":7}},"123":{"start":{"line":229,"column":8},"end":{"line":229,"column":85}},"124":{"start":{"line":231,"column":6},"end":{"line":231,"column":56}},"125":{"start":{"line":234,"column":20},"end":{"line":243,"column":5}},"126":{"start":{"line":245,"column":4},"end":{"line":245,"column":59}},"127":{"start":{"line":246,"column":4},"end":{"line":246,"column":40}},"128":{"start":{"line":248,"column":4},"end":{"line":248,"column":14}},"129":{"start":{"line":252,"column":23},"end":{"line":281,"column":1}},"130":{"start":{"line":253,"column":2},"end":{"line":280,"column":3}},"131":{"start":{"line":254,"column":22},"end":{"line":254,"column":30}},"132":{"start":{"line":256,"column":19},"end":{"line":256,"column":97}},"133":{"start":{"line":257,"column":17},"end":{"line":257,"column":31}},"134":{"start":{"line":261,"column":4},"end":{"line":275,"column":5}},"135":{"start":{"line":262,"column":23},"end":{"line":262,"column":61}},"136":{"start":{"line":263,"column":24},"end":{"line":263,"column":43}},"137":{"start":{"line":265,"column":6},"end":{"line":268,"column":8}},"138":{"start":{"line":270,"column":6},"end":{"line":270,"column":66}},"139":{"start":{"line":271,"column":6},"end":{"line":271,"column":68}},"140":{"start":{"line":274,"column":6},"end":{"line":274,"column":52}},"141":{"start":{"line":274,"column":32},"end":{"line":274,"column":52}},"142":{"start":{"line":277,"column":4},"end":{"line":277,"column":141}},"143":{"start":{"line":279,"column":4},"end":{"line":279,"column":14}},"144":{"start":{"line":283,"column":22},"end":{"line":308,"column":1}},"145":{"start":{"line":284,"column":2},"end":{"line":307,"column":3}},"146":{"start":{"line":285,"column":32},"end":{"line":285,"column":40}},"147":{"start":{"line":286,"column":22},"end":{"line":286,"column":38}},"148":{"start":{"line":288,"column":19},"end":{"line":291,"column":5}},"149":{"start":{"line":292,"column":21},"end":{"line":292,"column":35}},"150":{"start":{"line":293,"column":4},"end":{"line":295,"column":5}},"151":{"start":{"line":294,"column":6},"end":{"line":294,"column":74}},"152":{"start":{"line":297,"column":25},"end":{"line":297,"column":56}},"153":{"start":{"line":299,"column":4},"end":{"line":299,"column":106}},"154":{"start":{"line":300,"column":4},"end":{"line":300,"column":102}},"155":{"start":{"line":301,"column":4},"end":{"line":301,"column":102}},"156":{"start":{"line":303,"column":4},"end":{"line":303,"column":68}},"157":{"start":{"line":304,"column":4},"end":{"line":304,"column":66}},"158":{"start":{"line":306,"column":4},"end":{"line":306,"column":14}},"159":{"start":{"line":310,"column":0},"end":{"line":310,"column":99}}},"fnMap":{"0":{"name":"(anonymous_0)","decl":{"start":{"line":10,"column":18},"end":{"line":10,"column":19}},"loc":{"start":{"line":10,"column":29},"end":{"line":10,"column":84}},"line":10},"1":{"name":"(anonymous_1)","decl":{"start":{"line":12,"column":17},"end":{"line":12,"column":18}},"loc":{"start":{"line":12,"column":43},"end":{"line":45,"column":1}},"line":12},"2":{"name":"(anonymous_2)","decl":{"start":{"line":50,"column":27},"end":{"line":50,"column":28}},"loc":{"start":{"line":50,"column":57},"end":{"line":59,"column":1}},"line":50},"3":{"name":"(anonymous_3)","decl":{"start":{"line":61,"column":20},"end":{"line":61,"column":21}},"loc":{"start":{"line":61,"column":41},"end":{"line":81,"column":1}},"line":61},"4":{"name":"(anonymous_4)","decl":{"start":{"line":83,"column":14},"end":{"line":83,"column":15}},"loc":{"start":{"line":83,"column":40},"end":{"line":135,"column":1}},"line":83},"5":{"name":"(anonymous_5)","decl":{"start":{"line":137,"column":16},"end":{"line":137,"column":17}},"loc":{"start":{"line":137,"column":42},"end":{"line":172,"column":1}},"line":137},"6":{"name":"(anonymous_6)","decl":{"start":{"line":174,"column":15},"end":{"line":174,"column":16}},"loc":{"start":{"line":174,"column":41},"end":{"line":191,"column":1}},"line":174},"7":{"name":"(anonymous_7)","decl":{"start":{"line":193,"column":11},"end":{"line":193,"column":12}},"loc":{"start":{"line":193,"column":37},"end":{"line":204,"column":1}},"line":193},"8":{"name":"(anonymous_8)","decl":{"start":{"line":206,"column":17},"end":{"line":206,"column":18}},"loc":{"start":{"line":206,"column":43},"end":{"line":250,"column":1}},"line":206},"9":{"name":"(anonymous_9)","decl":{"start":{"line":252,"column":23},"end":{"line":252,"column":24}},"loc":{"start":{"line":252,"column":49},"end":{"line":281,"column":1}},"line":252},"10":{"name":"(anonymous_10)","decl":{"start":{"line":283,"column":22},"end":{"line":283,"column":23}},"loc":{"start":{"line":283,"column":48},"end":{"line":308,"column":1}},"line":283}},"branchMap":{"0":{"loc":{"start":{"line":17,"column":4},"end":{"line":19,"column":5}},"type":"if","locations":[{"start":{"line":17,"column":4},"end":{"line":19,"column":5}},{"start":{},"end":{}}],"line":17},"1":{"loc":{"start":{"line":54,"column":28},"end":{"line":54,"column":38}},"type":"binary-expr","locations":[{"start":{"line":54,"column":28},"end":{"line":54,"column":30}},{"start":{"line":54,"column":34},"end":{"line":54,"column":38}}],"line":54},"2":{"loc":{"start":{"line":69,"column":2},"end":{"line":69,"column":75}},"type":"if","locations":[{"start":{"line":69,"column":2},"end":{"line":69,"column":75}},{"start":{},"end":{}}],"line":69},"3":{"loc":{"start":{"line":72,"column":2},"end":{"line":78,"column":3}},"type":"if","locations":[{"start":{"line":72,"column":2},"end":{"line":78,"column":3}},{"start":{},"end":{}}],"line":72},"4":{"loc":{"start":{"line":77,"column":4},"end":{"line":77,"column":78}},"type":"if","locations":[{"start":{"line":77,"column":4},"end":{"line":77,"column":78}},{"start":{},"end":{}}],"line":77},"5":{"loc":{"start":{"line":84,"column":13},"end":{"line":84,"column":52}},"type":"binary-expr","locations":[{"start":{"line":84,"column":13},"end":{"line":84,"column":19}},{"start":{"line":84,"column":23},"end":{"line":84,"column":52}}],"line":84},"6":{"loc":{"start":{"line":90,"column":4},"end":{"line":93,"column":5}},"type":"if","locations":[{"start":{"line":90,"column":4},"end":{"line":93,"column":5}},{"start":{},"end":{}}],"line":90},"7":{"loc":{"start":{"line":101,"column":4},"end":{"line":105,"column":5}},"type":"if","locations":[{"start":{"line":101,"column":4},"end":{"line":105,"column":5}},{"start":{},"end":{}}],"line":101},"8":{"loc":{"start":{"line":107,"column":4},"end":{"line":110,"column":5}},"type":"if","locations":[{"start":{"line":107,"column":4},"end":{"line":110,"column":5}},{"start":{},"end":{}}],"line":107},"9":{"loc":{"start":{"line":113,"column":4},"end":{"line":117,"column":5}},"type":"if","locations":[{"start":{"line":113,"column":4},"end":{"line":117,"column":5}},{"start":{},"end":{}}],"line":113},"10":{"loc":{"start":{"line":140,"column":4},"end":{"line":140,"column":88}},"type":"if","locations":[{"start":{"line":140,"column":4},"end":{"line":140,"column":88}},{"start":{},"end":{}}],"line":140},"11":{"loc":{"start":{"line":146,"column":4},"end":{"line":148,"column":5}},"type":"if","locations":[{"start":{"line":146,"column":4},"end":{"line":148,"column":5}},{"start":{},"end":{}}],"line":146},"12":{"loc":{"start":{"line":156,"column":4},"end":{"line":156,"column":79}},"type":"if","locations":[{"start":{"line":156,"column":4},"end":{"line":156,"column":79}},{"start":{},"end":{}}],"line":156},"13":{"loc":{"start":{"line":182,"column":4},"end":{"line":184,"column":5}},"type":"if","locations":[{"start":{"line":182,"column":4},"end":{"line":184,"column":5}},{"start":{},"end":{}}],"line":182},"14":{"loc":{"start":{"line":199,"column":4},"end":{"line":199,"column":89}},"type":"if","locations":[{"start":{"line":199,"column":4},"end":{"line":199,"column":89}},{"start":{},"end":{}}],"line":199},"15":{"loc":{"start":{"line":213,"column":4},"end":{"line":213,"column":82}},"type":"if","locations":[{"start":{"line":213,"column":4},"end":{"line":213,"column":82}},{"start":{},"end":{}}],"line":213},"16":{"loc":{"start":{"line":215,"column":4},"end":{"line":220,"column":5}},"type":"if","locations":[{"start":{"line":215,"column":4},"end":{"line":220,"column":5}},{"start":{},"end":{}}],"line":215},"17":{"loc":{"start":{"line":215,"column":8},"end":{"line":215,"column":54}},"type":"binary-expr","locations":[{"start":{"line":215,"column":8},"end":{"line":215,"column":13}},{"start":{"line":215,"column":17},"end":{"line":215,"column":54}}],"line":215},"18":{"loc":{"start":{"line":217,"column":6},"end":{"line":219,"column":7}},"type":"if","locations":[{"start":{"line":217,"column":6},"end":{"line":219,"column":7}},{"start":{},"end":{}}],"line":217},"19":{"loc":{"start":{"line":223,"column":4},"end":{"line":232,"column":5}},"type":"if","locations":[{"start":{"line":223,"column":4},"end":{"line":232,"column":5}},{"start":{},"end":{}}],"line":223},"20":{"loc":{"start":{"line":224,"column":6},"end":{"line":226,"column":7}},"type":"if","locations":[{"start":{"line":224,"column":6},"end":{"line":226,"column":7}},{"start":{},"end":{}}],"line":224},"21":{"loc":{"start":{"line":228,"column":6},"end":{"line":230,"column":7}},"type":"if","locations":[{"start":{"line":228,"column":6},"end":{"line":230,"column":7}},{"start":{},"end":{}}],"line":228},"22":{"loc":{"start":{"line":242,"column":7},"end":{"line":242,"column":27}},"type":"binary-expr","locations":[{"start":{"line":242,"column":7},"end":{"line":242,"column":19}},{"start":{"line":242,"column":23},"end":{"line":242,"column":27}}],"line":242},"23":{"loc":{"start":{"line":242,"column":29},"end":{"line":242,"column":57}},"type":"binary-expr","locations":[{"start":{"line":242,"column":29},"end":{"line":242,"column":49}},{"start":{"line":242,"column":53},"end":{"line":242,"column":57}}],"line":242},"24":{"loc":{"start":{"line":242,"column":59},"end":{"line":242,"column":79}},"type":"binary-expr","locations":[{"start":{"line":242,"column":59},"end":{"line":242,"column":71}},{"start":{"line":242,"column":75},"end":{"line":242,"column":79}}],"line":242},"25":{"loc":{"start":{"line":261,"column":4},"end":{"line":275,"column":5}},"type":"if","locations":[{"start":{"line":261,"column":4},"end":{"line":275,"column":5}},{"start":{},"end":{}}],"line":261},"26":{"loc":{"start":{"line":274,"column":6},"end":{"line":274,"column":52}},"type":"if","locations":[{"start":{"line":274,"column":6},"end":{"line":274,"column":52}},{"start":{},"end":{}}],"line":274},"27":{"loc":{"start":{"line":277,"column":108},"end":{"line":277,"column":136}},"type":"cond-expr","locations":[{"start":{"line":277,"column":119},"end":{"line":277,"column":131}},{"start":{"line":277,"column":134},"end":{"line":277,"column":136}}],"line":277},"28":{"loc":{"start":{"line":293,"column":4},"end":{"line":295,"column":5}},"type":"if","locations":[{"start":{"line":293,"column":4},"end":{"line":295,"column":5}},{"start":{},"end":{}}],"line":293}},"s":{"0":2,"1":2,"2":2,"3":2,"4":2,"5":2,"6":2,"7":2,"8":2,"9":3,"10":2,"11":3,"12":3,"13":3,"14":2,"15":1,"16":1,"17":1,"18":1,"19":1,"20":1,"21":1,"22":1,"23":1,"24":1,"25":1,"26":2,"27":2,"28":2,"29":3,"30":3,"31":2,"32":5,"33":5,"34":4,"35":1,"36":3,"37":0,"38":0,"39":0,"40":3,"41":2,"42":5,"43":5,"44":5,"45":5,"46":5,"47":1,"48":1,"49":3,"50":3,"51":3,"52":1,"53":1,"54":1,"55":2,"56":0,"57":0,"58":2,"59":2,"60":1,"61":1,"62":1,"63":1,"64":1,"65":1,"66":1,"67":1,"68":1,"69":1,"70":1,"71":2,"72":4,"73":4,"74":4,"75":1,"76":3,"77":3,"78":1,"79":2,"80":2,"81":2,"82":2,"83":1,"84":1,"85":1,"86":1,"87":1,"88":1,"89":0,"90":2,"91":3,"92":3,"93":3,"94":2,"95":1,"96":2,"97":2,"98":1,"99":2,"100":2,"101":2,"102":2,"103":1,"104":1,"105":0,"106":2,"107":6,"108":6,"109":6,"110":6,"111":6,"112":6,"113":1,"114":5,"115":1,"116":1,"117":1,"118":4,"119":3,"120":1,"121":2,"122":2,"123":1,"124":1,"125":2,"126":2,"127":2,"128":0,"129":2,"130":3,"131":3,"132":3,"133":2,"134":2,"135":1,"136":1,"137":1,"138":1,"139":1,"140":1,"141":0,"142":2,"143":1,"144":2,"145":2,"146":2,"147":2,"148":2,"149":2,"150":2,"151":1,"152":1,"153":1,"154":1,"155":1,"156":1,"157":1,"158":0,"159":2},"f":{"0":3,"1":3,"2":3,"3":5,"4":5,"5":4,"6":3,"7":2,"8":6,"9":3,"10":2},"b":{"0":[1,1],"1":[3,3],"2":[1,3],"3":[0,3],"4":[0,0],"5":[5,5],"6":[1,3],"7":[1,2],"8":[0,2],"9":[1,1],"10":[1,3],"11":[1,2],"12":[1,1],"13":[1,1],"14":[1,1],"15":[1,5],"16":[1,4],"17":[5,1],"18":[1,0],"19":[3,1],"20":[1,2],"21":[1,1],"22":[2,1],"23":[2,2],"24":[2,1],"25":[1,1],"26":[0,1],"27":[0,2],"28":[1,1]},"_coverageSchema":"1a1c01bbd47fc00a2c39e90264f33305004495a9","hash":"807ce03c14782baead82dddd2f3b5d96f6646b56"}
,"C:\\Users\\julli\\OneDrive\\Documents\\Proyectos\\Personales\\GestionContable\\backend\\src\\controllers\\groupController.js": {"path":"C:\\Users\\julli\\OneDrive\\Documents\\Proyectos\\Personales\\GestionContable\\backend\\src\\controllers\\groupController.js","statementMap":{"0":{"start":{"line":1,"column":23},"end":{"line":1,"column":38}},"1":{"start":{"line":2,"column":11},"end":{"line":2,"column":40}},"2":{"start":{"line":4,"column":18},"end":{"line":19,"column":1}},"3":{"start":{"line":5,"column":2},"end":{"line":18,"column":3}},"4":{"start":{"line":6,"column":19},"end":{"line":14,"column":5}},"5":{"start":{"line":15,"column":4},"end":{"line":15,"column":26}},"6":{"start":{"line":17,"column":4},"end":{"line":17,"column":14}},"7":{"start":{"line":21,"column":20},"end":{"line":44,"column":1}},"8":{"start":{"line":22,"column":2},"end":{"line":43,"column":3}},"9":{"start":{"line":23,"column":57},"end":{"line":23,"column":65}},"10":{"start":{"line":24,"column":15},"end":{"line":24,"column":23}},"11":{"start":{"line":26,"column":19},"end":{"line":29,"column":5}},"12":{"start":{"line":30,"column":18},"end":{"line":30,"column":32}},"13":{"start":{"line":32,"column":4},"end":{"line":32,"column":107}},"14":{"start":{"line":33,"column":4},"end":{"line":37,"column":6}},"15":{"start":{"line":34,"column":30},"end":{"line":34,"column":53}},"16":{"start":{"line":35,"column":8},"end":{"line":35,"column":92}},"17":{"start":{"line":39,"column":4},"end":{"line":39,"column":41}},"18":{"start":{"line":40,"column":4},"end":{"line":40,"column":32}},"19":{"start":{"line":42,"column":4},"end":{"line":42,"column":14}},"20":{"start":{"line":46,"column":20},"end":{"line":67,"column":1}},"21":{"start":{"line":47,"column":2},"end":{"line":66,"column":3}},"22":{"start":{"line":48,"column":19},"end":{"line":48,"column":29}},"23":{"start":{"line":49,"column":41},"end":{"line":49,"column":49}},"24":{"start":{"line":51,"column":19},"end":{"line":59,"column":5}},"25":{"start":{"line":60,"column":4},"end":{"line":60,"column":87}},"26":{"start":{"line":60,"column":25},"end":{"line":60,"column":87}},"27":{"start":{"line":62,"column":4},"end":{"line":62,"column":50}},"28":{"start":{"line":63,"column":4},"end":{"line":63,"column":29}},"29":{"start":{"line":65,"column":4},"end":{"line":65,"column":14}},"30":{"start":{"line":69,"column":20},"end":{"line":78,"column":1}},"31":{"start":{"line":70,"column":2},"end":{"line":77,"column":3}},"32":{"start":{"line":71,"column":19},"end":{"line":71,"column":29}},"33":{"start":{"line":72,"column":4},"end":{"line":72,"column":61}},"34":{"start":{"line":73,"column":4},"end":{"line":73,"column":42}},"35":{"start":{"line":74,"column":4},"end":{"line":74,"column":36}},"36":{"start":{"line":76,"column":4},"end":{"line":76,"column":14}},"37":{"start":{"line":80,"column":18},"end":{"line":92,"column":1}},"38":{"start":{"line":81,"column":2},"end":{"line":91,"column":3}},"39":{"start":{"line":82,"column":19},"end":{"line":82,"column":29}},"40":{"start":{"line":83,"column":23},"end":{"line":83,"column":31}},"41":{"start":{"line":84,"column":4},"end":{"line":87,"column":6}},"42":{"start":{"line":88,"column":4},"end":{"line":88,"column":32}},"43":{"start":{"line":90,"column":4},"end":{"line":90,"column":14}},"44":{"start":{"line":94,"column":21},"end":{"line":102,"column":1}},"45":{"start":{"line":95,"column":2},"end":{"line":101,"column":3}},"46":{"start":{"line":96,"column":27},"end":{"line":96,"column":37}},"47":{"start":{"line":97,"column":4},"end":{"line":97,"column":99}},"48":{"start":{"line":98,"column":4},"end":{"line":98,"column":32}},"49":{"start":{"line":100,"column":4},"end":{"line":100,"column":14}},"50":{"start":{"line":104,"column":0},"end":{"line":104,"column":95}}},"fnMap":{"0":{"name":"(anonymous_0)","decl":{"start":{"line":4,"column":18},"end":{"line":4,"column":19}},"loc":{"start":{"line":4,"column":44},"end":{"line":19,"column":1}},"line":4},"1":{"name":"(anonymous_1)","decl":{"start":{"line":21,"column":20},"end":{"line":21,"column":21}},"loc":{"start":{"line":21,"column":46},"end":{"line":44,"column":1}},"line":21},"2":{"name":"(anonymous_2)","decl":{"start":{"line":34,"column":23},"end":{"line":34,"column":24}},"loc":{"start":{"line":34,"column":30},"end":{"line":34,"column":53}},"line":34},"3":{"name":"(anonymous_3)","decl":{"start":{"line":34,"column":59},"end":{"line":34,"column":60}},"loc":{"start":{"line":35,"column":8},"end":{"line":35,"column":92}},"line":35},"4":{"name":"(anonymous_4)","decl":{"start":{"line":46,"column":20},"end":{"line":46,"column":21}},"loc":{"start":{"line":46,"column":46},"end":{"line":67,"column":1}},"line":46},"5":{"name":"(anonymous_5)","decl":{"start":{"line":69,"column":20},"end":{"line":69,"column":21}},"loc":{"start":{"line":69,"column":46},"end":{"line":78,"column":1}},"line":69},"6":{"name":"(anonymous_6)","decl":{"start":{"line":80,"column":18},"end":{"line":80,"column":19}},"loc":{"start":{"line":80,"column":44},"end":{"line":92,"column":1}},"line":80},"7":{"name":"(anonymous_7)","decl":{"start":{"line":94,"column":21},"end":{"line":94,"column":22}},"loc":{"start":{"line":94,"column":47},"end":{"line":102,"column":1}},"line":94}},"branchMap":{"0":{"loc":{"start":{"line":23,"column":38},"end":{"line":23,"column":52}},"type":"default-arg","locations":[{"start":{"line":23,"column":50},"end":{"line":23,"column":52}}],"line":23},"1":{"loc":{"start":{"line":28,"column":34},"end":{"line":28,"column":53}},"type":"binary-expr","locations":[{"start":{"line":28,"column":34},"end":{"line":28,"column":45}},{"start":{"line":28,"column":49},"end":{"line":28,"column":53}}],"line":28},"2":{"loc":{"start":{"line":28,"column":55},"end":{"line":28,"column":73}},"type":"binary-expr","locations":[{"start":{"line":28,"column":55},"end":{"line":28,"column":60}},{"start":{"line":28,"column":64},"end":{"line":28,"column":73}}],"line":28},"3":{"loc":{"start":{"line":60,"column":4},"end":{"line":60,"column":87}},"type":"if","locations":[{"start":{"line":60,"column":4},"end":{"line":60,"column":87}},{"start":{},"end":{}}],"line":60}},"s":{"0":2,"1":2,"2":2,"3":2,"4":2,"5":1,"6":1,"7":2,"8":3,"9":3,"10":3,"11":3,"12":2,"13":2,"14":2,"15":1,"16":1,"17":2,"18":2,"19":1,"20":2,"21":3,"22":3,"23":3,"24":3,"25":2,"26":1,"27":1,"28":1,"29":1,"30":2,"31":2,"32":2,"33":2,"34":1,"35":1,"36":1,"37":2,"38":2,"39":2,"40":2,"41":2,"42":1,"43":1,"44":2,"45":2,"46":2,"47":2,"48":1,"49":1,"50":2},"f":{"0":2,"1":3,"2":1,"3":1,"4":3,"5":2,"6":2,"7":2},"b":{"0":[2],"1":[3,2],"2":[3,3],"3":[1,1]},"_coverageSchema":"1a1c01bbd47fc00a2c39e90264f33305004495a9","hash":"2d64f96fdfd2bcec8a9f2a665980727da2ed69a4"}
,"C:\\Users\\julli\\OneDrive\\Documents\\Proyectos\\Personales\\GestionContable\\backend\\src\\controllers\\statsController.js": {"path":"C:\\Users\\julli\\OneDrive\\Documents\\Proyectos\\Personales\\GestionContable\\backend\\src\\controllers\\statsController.js","statementMap":{"0":{"start":{"line":1,"column":11},"end":{"line":1,"column":40}},"1":{"start":{"line":3,"column":17},"end":{"line":43,"column":1}},"2":{"start":{"line":4,"column":2},"end":{"line":42,"column":3}},"3":{"start":{"line":5,"column":58},"end":{"line":32,"column":6}},"4":{"start":{"line":34,"column":4},"end":{"line":39,"column":7}},"5":{"start":{"line":41,"column":4},"end":{"line":41,"column":14}},"6":{"start":{"line":45,"column":20},"end":{"line":71,"column":1}},"7":{"start":{"line":46,"column":2},"end":{"line":70,"column":3}},"8":{"start":{"line":47,"column":71},"end":{"line":47,"column":80}},"9":{"start":{"line":48,"column":19},"end":{"line":48,"column":37}},"10":{"start":{"line":49,"column":19},"end":{"line":49,"column":21}},"11":{"start":{"line":50,"column":12},"end":{"line":50,"column":13}},"12":{"start":{"line":51,"column":16},"end":{"line":51,"column":27}},"13":{"start":{"line":53,"column":4},"end":{"line":53,"column":78}},"14":{"start":{"line":53,"column":18},"end":{"line":53,"column":55}},"15":{"start":{"line":53,"column":56},"end":{"line":53,"column":76}},"16":{"start":{"line":54,"column":4},"end":{"line":54,"column":77}},"17":{"start":{"line":54,"column":18},"end":{"line":54,"column":54}},"18":{"start":{"line":54,"column":55},"end":{"line":54,"column":75}},"19":{"start":{"line":55,"column":4},"end":{"line":55,"column":87}},"20":{"start":{"line":55,"column":21},"end":{"line":55,"column":61}},"21":{"start":{"line":55,"column":62},"end":{"line":55,"column":85}},"22":{"start":{"line":57,"column":26},"end":{"line":65,"column":6}},"23":{"start":{"line":67,"column":4},"end":{"line":67,"column":99}},"24":{"start":{"line":69,"column":4},"end":{"line":69,"column":14}},"25":{"start":{"line":73,"column":0},"end":{"line":73,"column":43}}},"fnMap":{"0":{"name":"(anonymous_0)","decl":{"start":{"line":3,"column":17},"end":{"line":3,"column":18}},"loc":{"start":{"line":3,"column":43},"end":{"line":43,"column":1}},"line":3},"1":{"name":"(anonymous_1)","decl":{"start":{"line":45,"column":20},"end":{"line":45,"column":21}},"loc":{"start":{"line":45,"column":46},"end":{"line":71,"column":1}},"line":45}},"branchMap":{"0":{"loc":{"start":{"line":47,"column":12},"end":{"line":47,"column":20}},"type":"default-arg","locations":[{"start":{"line":47,"column":19},"end":{"line":47,"column":20}}],"line":47},"1":{"loc":{"start":{"line":47,"column":22},"end":{"line":47,"column":32}},"type":"default-arg","locations":[{"start":{"line":47,"column":30},"end":{"line":47,"column":32}}],"line":47},"2":{"loc":{"start":{"line":53,"column":4},"end":{"line":53,"column":78}},"type":"if","locations":[{"start":{"line":53,"column":4},"end":{"line":53,"column":78}},{"start":{},"end":{}}],"line":53},"3":{"loc":{"start":{"line":54,"column":4},"end":{"line":54,"column":77}},"type":"if","locations":[{"start":{"line":54,"column":4},"end":{"line":54,"column":77}},{"start":{},"end":{}}],"line":54},"4":{"loc":{"start":{"line":55,"column":4},"end":{"line":55,"column":87}},"type":"if","locations":[{"start":{"line":55,"column":4},"end":{"line":55,"column":87}},{"start":{},"end":{}}],"line":55}},"s":{"0":2,"1":2,"2":2,"3":2,"4":1,"5":1,"6":2,"7":3,"8":3,"9":3,"10":3,"11":3,"12":3,"13":3,"14":1,"15":1,"16":3,"17":1,"18":1,"19":3,"20":1,"21":1,"22":3,"23":2,"24":1,"25":2},"f":{"0":2,"1":3},"b":{"0":[2],"1":[2],"2":[1,2],"3":[1,2],"4":[1,2]},"_coverageSchema":"1a1c01bbd47fc00a2c39e90264f33305004495a9","hash":"3dfe04ac89f2a103704eab0d229350daf036196f"}
,"C:\\Users\\julli\\OneDrive\\Documents\\Proyectos\\Personales\\GestionContable\\backend\\src\\controllers\\taskController.js": {"path":"C:\\Users\\julli\\OneDrive\\Documents\\Proyectos\\Personales\\GestionContable\\backend\\src\\controllers\\taskController.js","statementMap":{"0":{"start":{"line":1,"column":23},"end":{"line":1,"column":38}},"1":{"start":{"line":2,"column":11},"end":{"line":2,"column":40}},"2":{"start":{"line":3,"column":15},"end":{"line":3,"column":41}},"3":{"start":{"line":4,"column":17},"end":{"line":4,"column":45}},"4":{"start":{"line":5,"column":27},"end":{"line":5,"column":61}},"5":{"start":{"line":7,"column":22},"end":{"line":11,"column":1}},"6":{"start":{"line":8,"column":2},"end":{"line":8,"column":18}},"7":{"start":{"line":8,"column":11},"end":{"line":8,"column":18}},"8":{"start":{"line":9,"column":2},"end":{"line":9,"column":23}},"9":{"start":{"line":10,"column":2},"end":{"line":10,"column":59}},"10":{"start":{"line":10,"column":15},"end":{"line":10,"column":59}},"11":{"start":{"line":13,"column":17},"end":{"line":66,"column":1}},"12":{"start":{"line":14,"column":2},"end":{"line":65,"column":3}},"13":{"start":{"line":15,"column":84},"end":{"line":15,"column":93}},"14":{"start":{"line":16,"column":19},"end":{"line":16,"column":37}},"15":{"start":{"line":17,"column":19},"end":{"line":17,"column":21}},"16":{"start":{"line":18,"column":12},"end":{"line":18,"column":13}},"17":{"start":{"line":19,"column":16},"end":{"line":19,"column":27}},"18":{"start":{"line":21,"column":4},"end":{"line":21,"column":76}},"19":{"start":{"line":21,"column":18},"end":{"line":21,"column":53}},"20":{"start":{"line":21,"column":54},"end":{"line":21,"column":74}},"21":{"start":{"line":22,"column":4},"end":{"line":22,"column":82}},"22":{"start":{"line":22,"column":20},"end":{"line":22,"column":57}},"23":{"start":{"line":22,"column":58},"end":{"line":22,"column":80}},"24":{"start":{"line":23,"column":4},"end":{"line":23,"column":89}},"25":{"start":{"line":23,"column":22},"end":{"line":23,"column":62}},"26":{"start":{"line":23,"column":63},"end":{"line":23,"column":87}},"27":{"start":{"line":24,"column":4},"end":{"line":24,"column":80}},"28":{"start":{"line":24,"column":19},"end":{"line":24,"column":56}},"29":{"start":{"line":24,"column":57},"end":{"line":24,"column":78}},"30":{"start":{"line":25,"column":4},"end":{"line":28,"column":5}},"31":{"start":{"line":26,"column":6},"end":{"line":26,"column":131}},"32":{"start":{"line":27,"column":6},"end":{"line":27,"column":26}},"33":{"start":{"line":30,"column":4},"end":{"line":30,"column":74}},"34":{"start":{"line":32,"column":23},"end":{"line":48,"column":5}},"35":{"start":{"line":49,"column":4},"end":{"line":49,"column":31}},"36":{"start":{"line":51,"column":23},"end":{"line":51,"column":62}},"37":{"start":{"line":52,"column":39},"end":{"line":55,"column":6}},"38":{"start":{"line":57,"column":4},"end":{"line":62,"column":7}},"39":{"start":{"line":64,"column":4},"end":{"line":64,"column":14}},"40":{"start":{"line":68,"column":24},"end":{"line":82,"column":1}},"41":{"start":{"line":84,"column":22},"end":{"line":87,"column":1}},"42":{"start":{"line":85,"column":17},"end":{"line":85,"column":54}},"43":{"start":{"line":86,"column":2},"end":{"line":86,"column":63}},"44":{"start":{"line":89,"column":16},"end":{"line":97,"column":1}},"45":{"start":{"line":90,"column":2},"end":{"line":96,"column":3}},"46":{"start":{"line":91,"column":17},"end":{"line":91,"column":51}},"47":{"start":{"line":92,"column":4},"end":{"line":92,"column":77}},"48":{"start":{"line":92,"column":15},"end":{"line":92,"column":77}},"49":{"start":{"line":93,"column":4},"end":{"line":93,"column":19}},"50":{"start":{"line":95,"column":4},"end":{"line":95,"column":14}},"51":{"start":{"line":99,"column":28},"end":{"line":103,"column":1}},"52":{"start":{"line":100,"column":2},"end":{"line":100,"column":22}},"53":{"start":{"line":100,"column":12},"end":{"line":100,"column":22}},"54":{"start":{"line":101,"column":2},"end":{"line":101,"column":53}},"55":{"start":{"line":101,"column":26},"end":{"line":101,"column":53}},"56":{"start":{"line":102,"column":2},"end":{"line":102,"column":15}},"57":{"start":{"line":105,"column":19},"end":{"line":156,"column":1}},"58":{"start":{"line":106,"column":2},"end":{"line":155,"column":3}},"59":{"start":{"line":107,"column":163},"end":{"line":107,"column":171}},"60":{"start":{"line":108,"column":26},"end":{"line":108,"column":60}},"61":{"start":{"line":109,"column":23},"end":{"line":109,"column":47}},"62":{"start":{"line":110,"column":15},"end":{"line":110,"column":23}},"63":{"start":{"line":112,"column":19},"end":{"line":117,"column":5}},"64":{"start":{"line":118,"column":17},"end":{"line":118,"column":31}},"65":{"start":{"line":120,"column":4},"end":{"line":124,"column":5}},"66":{"start":{"line":121,"column":6},"end":{"line":123,"column":9}},"67":{"start":{"line":122,"column":8},"end":{"line":122,"column":98}},"68":{"start":{"line":126,"column":4},"end":{"line":126,"column":107}},"69":{"start":{"line":128,"column":25},"end":{"line":128,"column":77}},"70":{"start":{"line":128,"column":53},"end":{"line":128,"column":76}},"71":{"start":{"line":129,"column":4},"end":{"line":147,"column":5}},"72":{"start":{"line":130,"column":20},"end":{"line":130,"column":93}},"73":{"start":{"line":131,"column":24},"end":{"line":131,"column":56}},"74":{"start":{"line":132,"column":24},"end":{"line":132,"column":79}},"75":{"start":{"line":133,"column":23},"end":{"line":133,"column":67}},"76":{"start":{"line":134,"column":6},"end":{"line":146,"column":10}},"77":{"start":{"line":135,"column":24},"end":{"line":135,"column":32}},"78":{"start":{"line":136,"column":8},"end":{"line":145,"column":11}},"79":{"start":{"line":140,"column":10},"end":{"line":143,"column":13}},"80":{"start":{"line":144,"column":10},"end":{"line":144,"column":104}},"81":{"start":{"line":149,"column":17},"end":{"line":149,"column":79}},"82":{"start":{"line":150,"column":4},"end":{"line":150,"column":57}},"83":{"start":{"line":151,"column":4},"end":{"line":151,"column":73}},"84":{"start":{"line":152,"column":4},"end":{"line":152,"column":31}},"85":{"start":{"line":154,"column":4},"end":{"line":154,"column":14}},"86":{"start":{"line":158,"column":19},"end":{"line":300,"column":1}},"87":{"start":{"line":159,"column":2},"end":{"line":299,"column":3}},"88":{"start":{"line":160,"column":19},"end":{"line":160,"column":29}},"89":{"start":{"line":161,"column":20},"end":{"line":161,"column":77}},"90":{"start":{"line":162,"column":4},"end":{"line":162,"column":88}},"91":{"start":{"line":162,"column":26},"end":{"line":162,"column":88}},"92":{"start":{"line":164,"column":16},"end":{"line":164,"column":31}},"93":{"start":{"line":165,"column":115},"end":{"line":165,"column":123}},"94":{"start":{"line":166,"column":26},"end":{"line":166,"column":97}},"95":{"start":{"line":167,"column":23},"end":{"line":167,"column":86}},"96":{"start":{"line":170,"column":27},"end":{"line":170,"column":114}},"97":{"start":{"line":171,"column":27},"end":{"line":171,"column":86}},"98":{"start":{"line":172,"column":28},"end":{"line":172,"column":100}},"99":{"start":{"line":173,"column":26},"end":{"line":173,"column":77}},"100":{"start":{"line":175,"column":19},"end":{"line":189,"column":5}},"101":{"start":{"line":190,"column":17},"end":{"line":190,"column":31}},"102":{"start":{"line":192,"column":4},"end":{"line":197,"column":5}},"103":{"start":{"line":193,"column":6},"end":{"line":193,"column":81}},"104":{"start":{"line":194,"column":6},"end":{"line":196,"column":9}},"105":{"start":{"line":195,"column":8},"end":{"line":195,"column":98}},"106":{"start":{"line":199,"column":20},"end":{"line":199,"column":22}},"107":{"start":{"line":200,"column":4},"end":{"line":200,"column":85}},"108":{"start":{"line":200,"column":38},"end":{"line":200,"column":85}},"109":{"start":{"line":201,"column":4},"end":{"line":201,"column":91}},"110":{"start":{"line":201,"column":41},"end":{"line":201,"column":91}},"111":{"start":{"line":202,"column":4},"end":{"line":202,"column":103}},"112":{"start":{"line":202,"column":47},"end":{"line":202,"column":103}},"113":{"start":{"line":203,"column":4},"end":{"line":225,"column":5}},"114":{"start":{"line":204,"column":6},"end":{"line":204,"column":69}},"115":{"start":{"line":205,"column":27},"end":{"line":205,"column":79}},"116":{"start":{"line":205,"column":55},"end":{"line":205,"column":78}},"117":{"start":{"line":206,"column":6},"end":{"line":224,"column":7}},"118":{"start":{"line":207,"column":22},"end":{"line":207,"column":95}},"119":{"start":{"line":208,"column":26},"end":{"line":208,"column":58}},"120":{"start":{"line":209,"column":26},"end":{"line":209,"column":81}},"121":{"start":{"line":210,"column":25},"end":{"line":210,"column":74}},"122":{"start":{"line":211,"column":8},"end":{"line":223,"column":12}},"123":{"start":{"line":212,"column":26},"end":{"line":212,"column":34}},"124":{"start":{"line":213,"column":10},"end":{"line":222,"column":13}},"125":{"start":{"line":217,"column":12},"end":{"line":220,"column":15}},"126":{"start":{"line":221,"column":12},"end":{"line":221,"column":106}},"127":{"start":{"line":227,"column":4},"end":{"line":290,"column":5}},"128":{"start":{"line":228,"column":20},"end":{"line":228,"column":93}},"129":{"start":{"line":229,"column":24},"end":{"line":229,"column":56}},"130":{"start":{"line":230,"column":24},"end":{"line":230,"column":102}},"131":{"start":{"line":231,"column":22},"end":{"line":231,"column":125}},"132":{"start":{"line":232,"column":6},"end":{"line":244,"column":10}},"133":{"start":{"line":233,"column":24},"end":{"line":233,"column":32}},"134":{"start":{"line":234,"column":25},"end":{"line":234,"column":57}},"135":{"start":{"line":235,"column":8},"end":{"line":243,"column":11}},"136":{"start":{"line":238,"column":10},"end":{"line":241,"column":13}},"137":{"start":{"line":242,"column":10},"end":{"line":242,"column":107}},"138":{"start":{"line":247,"column":6},"end":{"line":289,"column":7}},"139":{"start":{"line":248,"column":27},"end":{"line":251,"column":9}},"140":{"start":{"line":252,"column":8},"end":{"line":285,"column":9}},"141":{"start":{"line":253,"column":23},"end":{"line":253,"column":41}},"142":{"start":{"line":254,"column":10},"end":{"line":284,"column":11}},"143":{"start":{"line":255,"column":28},"end":{"line":255,"column":38}},"144":{"start":{"line":256,"column":29},"end":{"line":256,"column":50}},"145":{"start":{"line":257,"column":29},"end":{"line":257,"column":51}},"146":{"start":{"line":258,"column":12},"end":{"line":263,"column":14}},"147":{"start":{"line":264,"column":12},"end":{"line":264,"column":93}},"148":{"start":{"line":265,"column":17},"end":{"line":284,"column":11}},"149":{"start":{"line":266,"column":12},"end":{"line":271,"column":14}},"150":{"start":{"line":272,"column":27},"end":{"line":275,"column":13}},"151":{"start":{"line":276,"column":26},"end":{"line":276,"column":43}},"152":{"start":{"line":277,"column":12},"end":{"line":282,"column":14}},"153":{"start":{"line":283,"column":12},"end":{"line":283,"column":127}},"154":{"start":{"line":288,"column":8},"end":{"line":288,"column":99}},"155":{"start":{"line":292,"column":4},"end":{"line":292,"column":68}},"156":{"start":{"line":294,"column":17},"end":{"line":294,"column":40}},"157":{"start":{"line":295,"column":4},"end":{"line":295,"column":62}},"158":{"start":{"line":296,"column":4},"end":{"line":296,"column":19}},"159":{"start":{"line":298,"column":4},"end":{"line":298,"column":14}},"160":{"start":{"line":302,"column":19},"end":{"line":317,"column":1}},"161":{"start":{"line":303,"column":2},"end":{"line":316,"column":3}},"162":{"start":{"line":304,"column":19},"end":{"line":304,"column":29}},"163":{"start":{"line":305,"column":19},"end":{"line":305,"column":76}},"164":{"start":{"line":306,"column":4},"end":{"line":306,"column":87}},"165":{"start":{"line":306,"column":25},"end":{"line":306,"column":87}},"166":{"start":{"line":308,"column":4},"end":{"line":308,"column":60}},"167":{"start":{"line":309,"column":4},"end":{"line":309,"column":63}},"168":{"start":{"line":311,"column":4},"end":{"line":311,"column":41}},"169":{"start":{"line":312,"column":4},"end":{"line":312,"column":73}},"170":{"start":{"line":313,"column":4},"end":{"line":313,"column":36}},"171":{"start":{"line":315,"column":4},"end":{"line":315,"column":14}},"172":{"start":{"line":319,"column":23},"end":{"line":333,"column":1}},"173":{"start":{"line":320,"column":2},"end":{"line":332,"column":3}},"174":{"start":{"line":321,"column":19},"end":{"line":328,"column":5}},"175":{"start":{"line":329,"column":4},"end":{"line":329,"column":39}},"176":{"start":{"line":331,"column":4},"end":{"line":331,"column":14}},"177":{"start":{"line":335,"column":20},"end":{"line":354,"column":1}},"178":{"start":{"line":336,"column":2},"end":{"line":353,"column":3}},"179":{"start":{"line":337,"column":30},"end":{"line":337,"column":39}},"180":{"start":{"line":338,"column":4},"end":{"line":338,"column":76}},"181":{"start":{"line":338,"column":12},"end":{"line":338,"column":76}},"182":{"start":{"line":340,"column":18},"end":{"line":340,"column":28}},"183":{"start":{"line":341,"column":19},"end":{"line":349,"column":5}},"184":{"start":{"line":350,"column":4},"end":{"line":350,"column":96}},"185":{"start":{"line":352,"column":4},"end":{"line":352,"column":14}},"186":{"start":{"line":357,"column":2},"end":{"line":391,"column":4}},"187":{"start":{"line":369,"column":43},"end":{"line":374,"column":5}},"188":{"start":{"line":375,"column":43},"end":{"line":382,"column":5}},"189":{"start":{"line":396,"column":19},"end":{"line":415,"column":1}},"190":{"start":{"line":397,"column":2},"end":{"line":414,"column":3}},"191":{"start":{"line":398,"column":19},"end":{"line":398,"column":29}},"192":{"start":{"line":399,"column":22},"end":{"line":399,"column":30}},"193":{"start":{"line":400,"column":4},"end":{"line":400,"column":100}},"194":{"start":{"line":400,"column":33},"end":{"line":400,"column":100}},"195":{"start":{"line":402,"column":22},"end":{"line":402,"column":30}},"196":{"start":{"line":403,"column":4},"end":{"line":406,"column":6}},"197":{"start":{"line":408,"column":17},"end":{"line":408,"column":40}},"198":{"start":{"line":409,"column":4},"end":{"line":409,"column":77}},"199":{"start":{"line":409,"column":15},"end":{"line":409,"column":77}},"200":{"start":{"line":410,"column":4},"end":{"line":410,"column":62}},"201":{"start":{"line":411,"column":4},"end":{"line":411,"column":31}},"202":{"start":{"line":413,"column":4},"end":{"line":413,"column":14}},"203":{"start":{"line":417,"column":22},"end":{"line":443,"column":1}},"204":{"start":{"line":418,"column":2},"end":{"line":442,"column":3}},"205":{"start":{"line":419,"column":30},"end":{"line":419,"column":40}},"206":{"start":{"line":420,"column":33},"end":{"line":420,"column":41}},"207":{"start":{"line":422,"column":19},"end":{"line":422,"column":21}},"208":{"start":{"line":423,"column":19},"end":{"line":423,"column":21}},"209":{"start":{"line":424,"column":12},"end":{"line":424,"column":13}},"210":{"start":{"line":425,"column":4},"end":{"line":425,"column":91}},"211":{"start":{"line":425,"column":31},"end":{"line":425,"column":62}},"212":{"start":{"line":425,"column":63},"end":{"line":425,"column":89}},"213":{"start":{"line":426,"column":4},"end":{"line":426,"column":96}},"214":{"start":{"line":426,"column":35},"end":{"line":426,"column":70}},"215":{"start":{"line":426,"column":71},"end":{"line":426,"column":94}},"216":{"start":{"line":427,"column":4},"end":{"line":427,"column":86}},"217":{"start":{"line":427,"column":24},"end":{"line":427,"column":86}},"218":{"start":{"line":429,"column":4},"end":{"line":429,"column":38}},"219":{"start":{"line":430,"column":4},"end":{"line":430,"column":31}},"220":{"start":{"line":431,"column":19},"end":{"line":434,"column":5}},"221":{"start":{"line":435,"column":4},"end":{"line":435,"column":91}},"222":{"start":{"line":435,"column":26},"end":{"line":435,"column":91}},"223":{"start":{"line":437,"column":17},"end":{"line":437,"column":40}},"224":{"start":{"line":438,"column":4},"end":{"line":438,"column":62}},"225":{"start":{"line":439,"column":4},"end":{"line":439,"column":19}},"226":{"start":{"line":441,"column":4},"end":{"line":441,"column":14}},"227":{"start":{"line":445,"column":22},"end":{"line":460,"column":1}},"228":{"start":{"line":446,"column":2},"end":{"line":459,"column":3}},"229":{"start":{"line":447,"column":30},"end":{"line":447,"column":40}},"230":{"start":{"line":448,"column":19},"end":{"line":451,"column":5}},"231":{"start":{"line":452,"column":4},"end":{"line":452,"column":91}},"232":{"start":{"line":452,"column":26},"end":{"line":452,"column":91}},"233":{"start":{"line":454,"column":17},"end":{"line":454,"column":40}},"234":{"start":{"line":455,"column":4},"end":{"line":455,"column":62}},"235":{"start":{"line":456,"column":4},"end":{"line":456,"column":19}},"236":{"start":{"line":458,"column":4},"end":{"line":458,"column":14}},"237":{"start":{"line":464,"column":19},"end":{"line":513,"column":1}},"238":{"start":{"line":465,"column":2},"end":{"line":512,"column":3}},"239":{"start":{"line":466,"column":19},"end":{"line":466,"column":29}},"240":{"start":{"line":467,"column":21},"end":{"line":467,"column":29}},"241":{"start":{"line":468,"column":4},"end":{"line":468,"column":97}},"242":{"start":{"line":468,"column":31},"end":{"line":468,"column":97}},"243":{"start":{"line":470,"column":20},"end":{"line":470,"column":94}},"244":{"start":{"line":471,"column":4},"end":{"line":471,"column":88}},"245":{"start":{"line":471,"column":26},"end":{"line":471,"column":88}},"246":{"start":{"line":472,"column":58},"end":{"line":472,"column":73}},"247":{"start":{"line":474,"column":22},"end":{"line":474,"column":30}},"248":{"start":{"line":475,"column":4},"end":{"line":478,"column":6}},"249":{"start":{"line":481,"column":18},"end":{"line":481,"column":91}},"250":{"start":{"line":482,"column":22},"end":{"line":482,"column":54}},"251":{"start":{"line":483,"column":20},"end":{"line":483,"column":90}},"252":{"start":{"line":484,"column":20},"end":{"line":484,"column":74}},"253":{"start":{"line":486,"column":20},"end":{"line":489,"column":5}},"254":{"start":{"line":490,"column":25},"end":{"line":490,"column":61}},"255":{"start":{"line":490,"column":55},"end":{"line":490,"column":59}},"256":{"start":{"line":491,"column":4},"end":{"line":491,"column":83}},"257":{"start":{"line":491,"column":54},"end":{"line":491,"column":83}},"258":{"start":{"line":493,"column":22},"end":{"line":493,"column":51}},"259":{"start":{"line":494,"column":4},"end":{"line":505,"column":7}},"260":{"start":{"line":495,"column":6},"end":{"line":504,"column":8}},"261":{"start":{"line":499,"column":24},"end":{"line":499,"column":32}},"262":{"start":{"line":500,"column":8},"end":{"line":502,"column":11}},"263":{"start":{"line":503,"column":8},"end":{"line":503,"column":106}},"264":{"start":{"line":507,"column":17},"end":{"line":507,"column":40}},"265":{"start":{"line":508,"column":4},"end":{"line":508,"column":62}},"266":{"start":{"line":509,"column":4},"end":{"line":509,"column":31}},"267":{"start":{"line":511,"column":4},"end":{"line":511,"column":14}},"268":{"start":{"line":515,"column":22},"end":{"line":533,"column":1}},"269":{"start":{"line":516,"column":2},"end":{"line":532,"column":3}},"270":{"start":{"line":517,"column":30},"end":{"line":517,"column":40}},"271":{"start":{"line":518,"column":21},"end":{"line":518,"column":29}},"272":{"start":{"line":519,"column":4},"end":{"line":519,"column":97}},"273":{"start":{"line":519,"column":31},"end":{"line":519,"column":97}},"274":{"start":{"line":521,"column":19},"end":{"line":524,"column":5}},"275":{"start":{"line":525,"column":4},"end":{"line":525,"column":107}},"276":{"start":{"line":525,"column":26},"end":{"line":525,"column":107}},"277":{"start":{"line":527,"column":17},"end":{"line":527,"column":40}},"278":{"start":{"line":528,"column":4},"end":{"line":528,"column":62}},"279":{"start":{"line":529,"column":4},"end":{"line":529,"column":19}},"280":{"start":{"line":531,"column":4},"end":{"line":531,"column":14}},"281":{"start":{"line":535,"column":22},"end":{"line":550,"column":1}},"282":{"start":{"line":536,"column":2},"end":{"line":549,"column":3}},"283":{"start":{"line":537,"column":30},"end":{"line":537,"column":40}},"284":{"start":{"line":538,"column":19},"end":{"line":541,"column":5}},"285":{"start":{"line":542,"column":4},"end":{"line":542,"column":107}},"286":{"start":{"line":542,"column":26},"end":{"line":542,"column":107}},"287":{"start":{"line":544,"column":17},"end":{"line":544,"column":40}},"288":{"start":{"line":545,"column":4},"end":{"line":545,"column":62}},"289":{"start":{"line":546,"column":4},"end":{"line":546,"column":19}},"290":{"start":{"line":548,"column":4},"end":{"line":548,"column":14}},"291":{"start":{"line":552,"column":21},"end":{"line":575,"column":1}},"292":{"start":{"line":553,"column":2},"end":{"line":574,"column":3}},"293":{"start":{"line":554,"column":19},"end":{"line":565,"column":6}},"294":{"start":{"line":566,"column":4},"end":{"line":571,"column":9}},"295":{"start":{"line":566,"column":35},"end":{"line":571,"column":5}},"296":{"start":{"line":573,"column":4},"end":{"line":573,"column":14}},"297":{"start":{"line":577,"column":0},"end":{"line":582,"column":2}}},"fnMap":{"0":{"name":"(anonymous_0)","decl":{"start":{"line":7,"column":22},"end":{"line":7,"column":23}},"loc":{"start":{"line":7,"column":52},"end":{"line":11,"column":1}},"line":7},"1":{"name":"(anonymous_1)","decl":{"start":{"line":13,"column":17},"end":{"line":13,"column":18}},"loc":{"start":{"line":13,"column":43},"end":{"line":66,"column":1}},"line":13},"2":{"name":"(anonymous_2)","decl":{"start":{"line":84,"column":22},"end":{"line":84,"column":23}},"loc":{"start":{"line":84,"column":36},"end":{"line":87,"column":1}},"line":84},"3":{"name":"(anonymous_3)","decl":{"start":{"line":89,"column":16},"end":{"line":89,"column":17}},"loc":{"start":{"line":89,"column":42},"end":{"line":97,"column":1}},"line":89},"4":{"name":"(anonymous_4)","decl":{"start":{"line":99,"column":28},"end":{"line":99,"column":29}},"loc":{"start":{"line":99,"column":37},"end":{"line":103,"column":1}},"line":99},"5":{"name":"(anonymous_5)","decl":{"start":{"line":105,"column":19},"end":{"line":105,"column":20}},"loc":{"start":{"line":105,"column":45},"end":{"line":156,"column":1}},"line":105},"6":{"name":"(anonymous_6)","decl":{"start":{"line":121,"column":35},"end":{"line":121,"column":36}},"loc":{"start":{"line":122,"column":8},"end":{"line":122,"column":98}},"line":122},"7":{"name":"(anonymous_7)","decl":{"start":{"line":128,"column":46},"end":{"line":128,"column":47}},"loc":{"start":{"line":128,"column":53},"end":{"line":128,"column":76}},"line":128},"8":{"name":"(anonymous_8)","decl":{"start":{"line":134,"column":41},"end":{"line":134,"column":42}},"loc":{"start":{"line":134,"column":48},"end":{"line":146,"column":7}},"line":134},"9":{"name":"(anonymous_9)","decl":{"start":{"line":139,"column":15},"end":{"line":139,"column":16}},"loc":{"start":{"line":139,"column":21},"end":{"line":145,"column":9}},"line":139},"10":{"name":"(anonymous_10)","decl":{"start":{"line":158,"column":19},"end":{"line":158,"column":20}},"loc":{"start":{"line":158,"column":45},"end":{"line":300,"column":1}},"line":158},"11":{"name":"(anonymous_11)","decl":{"start":{"line":194,"column":35},"end":{"line":194,"column":36}},"loc":{"start":{"line":195,"column":8},"end":{"line":195,"column":98}},"line":195},"12":{"name":"(anonymous_12)","decl":{"start":{"line":205,"column":48},"end":{"line":205,"column":49}},"loc":{"start":{"line":205,"column":55},"end":{"line":205,"column":78}},"line":205},"13":{"name":"(anonymous_13)","decl":{"start":{"line":211,"column":43},"end":{"line":211,"column":44}},"loc":{"start":{"line":211,"column":50},"end":{"line":223,"column":9}},"line":211},"14":{"name":"(anonymous_14)","decl":{"start":{"line":216,"column":17},"end":{"line":216,"column":18}},"loc":{"start":{"line":216,"column":23},"end":{"line":222,"column":11}},"line":216},"15":{"name":"(anonymous_15)","decl":{"start":{"line":232,"column":41},"end":{"line":232,"column":42}},"loc":{"start":{"line":232,"column":46},"end":{"line":244,"column":7}},"line":232},"16":{"name":"(anonymous_16)","decl":{"start":{"line":237,"column":14},"end":{"line":237,"column":15}},"loc":{"start":{"line":237,"column":20},"end":{"line":243,"column":9}},"line":237},"17":{"name":"(anonymous_17)","decl":{"start":{"line":302,"column":19},"end":{"line":302,"column":20}},"loc":{"start":{"line":302,"column":45},"end":{"line":317,"column":1}},"line":302},"18":{"name":"(anonymous_18)","decl":{"start":{"line":319,"column":23},"end":{"line":319,"column":24}},"loc":{"start":{"line":319,"column":49},"end":{"line":333,"column":1}},"line":319},"19":{"name":"(anonymous_19)","decl":{"start":{"line":335,"column":20},"end":{"line":335,"column":21}},"loc":{"start":{"line":335,"column":46},"end":{"line":354,"column":1}},"line":335},"20":{"name":"normalizeTask","decl":{"start":{"line":356,"column":9},"end":{"line":356,"column":22}},"loc":{"start":{"line":356,"column":26},"end":{"line":392,"column":1}},"line":356},"21":{"name":"(anonymous_21)","decl":{"start":{"line":369,"column":37},"end":{"line":369,"column":38}},"loc":{"start":{"line":369,"column":43},"end":{"line":374,"column":5}},"line":369},"22":{"name":"(anonymous_22)","decl":{"start":{"line":375,"column":37},"end":{"line":375,"column":38}},"loc":{"start":{"line":375,"column":43},"end":{"line":382,"column":5}},"line":375},"23":{"name":"(anonymous_23)","decl":{"start":{"line":396,"column":19},"end":{"line":396,"column":20}},"loc":{"start":{"line":396,"column":45},"end":{"line":415,"column":1}},"line":396},"24":{"name":"(anonymous_24)","decl":{"start":{"line":417,"column":22},"end":{"line":417,"column":23}},"loc":{"start":{"line":417,"column":48},"end":{"line":443,"column":1}},"line":417},"25":{"name":"(anonymous_25)","decl":{"start":{"line":445,"column":22},"end":{"line":445,"column":23}},"loc":{"start":{"line":445,"column":48},"end":{"line":460,"column":1}},"line":445},"26":{"name":"(anonymous_26)","decl":{"start":{"line":464,"column":19},"end":{"line":464,"column":20}},"loc":{"start":{"line":464,"column":45},"end":{"line":513,"column":1}},"line":464},"27":{"name":"(anonymous_27)","decl":{"start":{"line":490,"column":50},"end":{"line":490,"column":51}},"loc":{"start":{"line":490,"column":55},"end":{"line":490,"column":59}},"line":490},"28":{"name":"(anonymous_28)","decl":{"start":{"line":494,"column":44},"end":{"line":494,"column":45}},"loc":{"start":{"line":495,"column":6},"end":{"line":504,"column":8}},"line":495},"29":{"name":"(anonymous_29)","decl":{"start":{"line":498,"column":13},"end":{"line":498,"column":14}},"loc":{"start":{"line":498,"column":19},"end":{"line":504,"column":7}},"line":498},"30":{"name":"(anonymous_30)","decl":{"start":{"line":515,"column":22},"end":{"line":515,"column":23}},"loc":{"start":{"line":515,"column":48},"end":{"line":533,"column":1}},"line":515},"31":{"name":"(anonymous_31)","decl":{"start":{"line":535,"column":22},"end":{"line":535,"column":23}},"loc":{"start":{"line":535,"column":48},"end":{"line":550,"column":1}},"line":535},"32":{"name":"(anonymous_32)","decl":{"start":{"line":552,"column":21},"end":{"line":552,"column":22}},"loc":{"start":{"line":552,"column":47},"end":{"line":575,"column":1}},"line":552},"33":{"name":"(anonymous_33)","decl":{"start":{"line":566,"column":29},"end":{"line":566,"column":30}},"loc":{"start":{"line":566,"column":35},"end":{"line":571,"column":5}},"line":566}},"branchMap":{"0":{"loc":{"start":{"line":8,"column":2},"end":{"line":8,"column":18}},"type":"if","locations":[{"start":{"line":8,"column":2},"end":{"line":8,"column":18}},{"start":{},"end":{}}],"line":8},"1":{"loc":{"start":{"line":10,"column":2},"end":{"line":10,"column":59}},"type":"if","locations":[{"start":{"line":10,"column":2},"end":{"line":10,"column":59}},{"start":{},"end":{}}],"line":10},"2":{"loc":{"start":{"line":15,"column":59},"end":{"line":15,"column":67}},"type":"default-arg","locations":[{"start":{"line":15,"column":66},"end":{"line":15,"column":67}}],"line":15},"3":{"loc":{"start":{"line":15,"column":69},"end":{"line":15,"column":79}},"type":"default-arg","locations":[{"start":{"line":15,"column":77},"end":{"line":15,"column":79}}],"line":15},"4":{"loc":{"start":{"line":21,"column":4},"end":{"line":21,"column":76}},"type":"if","locations":[{"start":{"line":21,"column":4},"end":{"line":21,"column":76}},{"start":{},"end":{}}],"line":21},"5":{"loc":{"start":{"line":22,"column":4},"end":{"line":22,"column":82}},"type":"if","locations":[{"start":{"line":22,"column":4},"end":{"line":22,"column":82}},{"start":{},"end":{}}],"line":22},"6":{"loc":{"start":{"line":23,"column":4},"end":{"line":23,"column":89}},"type":"if","locations":[{"start":{"line":23,"column":4},"end":{"line":23,"column":89}},{"start":{},"end":{}}],"line":23},"7":{"loc":{"start":{"line":24,"column":4},"end":{"line":24,"column":80}},"type":"if","locations":[{"start":{"line":24,"column":4},"end":{"line":24,"column":80}},{"start":{},"end":{}}],"line":24},"8":{"loc":{"start":{"line":25,"column":4},"end":{"line":28,"column":5}},"type":"if","locations":[{"start":{"line":25,"column":4},"end":{"line":28,"column":5}},{"start":{},"end":{}}],"line":25},"9":{"loc":{"start":{"line":86,"column":9},"end":{"line":86,"column":62}},"type":"cond-expr","locations":[{"start":{"line":86,"column":26},"end":{"line":86,"column":55}},{"start":{"line":86,"column":58},"end":{"line":86,"column":62}}],"line":86},"10":{"loc":{"start":{"line":92,"column":4},"end":{"line":92,"column":77}},"type":"if","locations":[{"start":{"line":92,"column":4},"end":{"line":92,"column":77}},{"start":{},"end":{}}],"line":92},"11":{"loc":{"start":{"line":100,"column":2},"end":{"line":100,"column":22}},"type":"if","locations":[{"start":{"line":100,"column":2},"end":{"line":100,"column":22}},{"start":{},"end":{}}],"line":100},"12":{"loc":{"start":{"line":101,"column":2},"end":{"line":101,"column":53}},"type":"if","locations":[{"start":{"line":101,"column":2},"end":{"line":101,"column":53}},{"start":{},"end":{}}],"line":101},"13":{"loc":{"start":{"line":107,"column":32},"end":{"line":107,"column":51}},"type":"default-arg","locations":[{"start":{"line":107,"column":43},"end":{"line":107,"column":51}}],"line":107},"14":{"loc":{"start":{"line":107,"column":107},"end":{"line":107,"column":118}},"type":"default-arg","locations":[{"start":{"line":107,"column":116},"end":{"line":107,"column":118}}],"line":107},"15":{"loc":{"start":{"line":107,"column":120},"end":{"line":107,"column":139}},"type":"default-arg","locations":[{"start":{"line":107,"column":134},"end":{"line":107,"column":139}}],"line":107},"16":{"loc":{"start":{"line":107,"column":141},"end":{"line":107,"column":158}},"type":"default-arg","locations":[{"start":{"line":107,"column":154},"end":{"line":107,"column":158}}],"line":107},"17":{"loc":{"start":{"line":109,"column":23},"end":{"line":109,"column":47}},"type":"binary-expr","locations":[{"start":{"line":109,"column":23},"end":{"line":109,"column":39}},{"start":{"line":109,"column":43},"end":{"line":109,"column":47}}],"line":109},"18":{"loc":{"start":{"line":116,"column":28},"end":{"line":116,"column":43}},"type":"binary-expr","locations":[{"start":{"line":116,"column":28},"end":{"line":116,"column":35}},{"start":{"line":116,"column":39},"end":{"line":116,"column":43}}],"line":116},"19":{"loc":{"start":{"line":116,"column":52},"end":{"line":116,"column":71}},"type":"binary-expr","locations":[{"start":{"line":116,"column":52},"end":{"line":116,"column":63}},{"start":{"line":116,"column":67},"end":{"line":116,"column":71}}],"line":116},"20":{"loc":{"start":{"line":116,"column":95},"end":{"line":116,"column":110}},"type":"binary-expr","locations":[{"start":{"line":116,"column":95},"end":{"line":116,"column":102}},{"start":{"line":116,"column":106},"end":{"line":116,"column":110}}],"line":116},"21":{"loc":{"start":{"line":116,"column":112},"end":{"line":116,"column":127}},"type":"binary-expr","locations":[{"start":{"line":116,"column":112},"end":{"line":116,"column":119}},{"start":{"line":116,"column":123},"end":{"line":116,"column":127}}],"line":116},"22":{"loc":{"start":{"line":116,"column":142},"end":{"line":116,"column":188}},"type":"cond-expr","locations":[{"start":{"line":116,"column":155},"end":{"line":116,"column":181}},{"start":{"line":116,"column":184},"end":{"line":116,"column":188}}],"line":116},"23":{"loc":{"start":{"line":120,"column":4},"end":{"line":124,"column":5}},"type":"if","locations":[{"start":{"line":120,"column":4},"end":{"line":124,"column":5}},{"start":{},"end":{}}],"line":120},"24":{"loc":{"start":{"line":129,"column":4},"end":{"line":147,"column":5}},"type":"if","locations":[{"start":{"line":129,"column":4},"end":{"line":147,"column":5}},{"start":{},"end":{}}],"line":129},"25":{"loc":{"start":{"line":131,"column":24},"end":{"line":131,"column":56}},"type":"binary-expr","locations":[{"start":{"line":131,"column":24},"end":{"line":131,"column":43}},{"start":{"line":131,"column":47},"end":{"line":131,"column":56}}],"line":131},"26":{"loc":{"start":{"line":162,"column":4},"end":{"line":162,"column":88}},"type":"if","locations":[{"start":{"line":162,"column":4},"end":{"line":162,"column":88}},{"start":{},"end":{}}],"line":162},"27":{"loc":{"start":{"line":166,"column":26},"end":{"line":166,"column":97}},"type":"cond-expr","locations":[{"start":{"line":166,"column":56},"end":{"line":166,"column":90}},{"start":{"line":166,"column":93},"end":{"line":166,"column":97}}],"line":166},"28":{"loc":{"start":{"line":167,"column":23},"end":{"line":167,"column":86}},"type":"cond-expr","locations":[{"start":{"line":167,"column":49},"end":{"line":167,"column":73}},{"start":{"line":167,"column":77},"end":{"line":167,"column":86}}],"line":167},"29":{"loc":{"start":{"line":167,"column":49},"end":{"line":167,"column":73}},"type":"binary-expr","locations":[{"start":{"line":167,"column":49},"end":{"line":167,"column":65}},{"start":{"line":167,"column":69},"end":{"line":167,"column":73}}],"line":167},"30":{"loc":{"start":{"line":170,"column":27},"end":{"line":170,"column":114}},"type":"binary-expr","locations":[{"start":{"line":170,"column":27},"end":{"line":170,"column":48}},{"start":{"line":170,"column":52},"end":{"line":170,"column":114}}],"line":170},"31":{"loc":{"start":{"line":170,"column":65},"end":{"line":170,"column":113}},"type":"binary-expr","locations":[{"start":{"line":170,"column":65},"end":{"line":170,"column":105}},{"start":{"line":170,"column":109},"end":{"line":170,"column":113}}],"line":170},"32":{"loc":{"start":{"line":171,"column":27},"end":{"line":171,"column":86}},"type":"binary-expr","locations":[{"start":{"line":171,"column":27},"end":{"line":171,"column":48}},{"start":{"line":171,"column":52},"end":{"line":171,"column":86}}],"line":171},"33":{"loc":{"start":{"line":171,"column":53},"end":{"line":171,"column":68}},"type":"binary-expr","locations":[{"start":{"line":171,"column":53},"end":{"line":171,"column":60}},{"start":{"line":171,"column":64},"end":{"line":171,"column":68}}],"line":171},"34":{"loc":{"start":{"line":172,"column":28},"end":{"line":172,"column":100}},"type":"binary-expr","locations":[{"start":{"line":172,"column":28},"end":{"line":172,"column":50}},{"start":{"line":172,"column":54},"end":{"line":172,"column":100}}],"line":172},"35":{"loc":{"start":{"line":172,"column":55},"end":{"line":172,"column":79}},"type":"binary-expr","locations":[{"start":{"line":172,"column":55},"end":{"line":172,"column":71}},{"start":{"line":172,"column":75},"end":{"line":172,"column":79}}],"line":172},"36":{"loc":{"start":{"line":173,"column":26},"end":{"line":173,"column":77}},"type":"binary-expr","locations":[{"start":{"line":173,"column":26},"end":{"line":173,"column":40}},{"start":{"line":173,"column":44},"end":{"line":173,"column":58}},{"start":{"line":173,"column":62},"end":{"line":173,"column":77}}],"line":173},"37":{"loc":{"start":{"line":188,"column":45},"end":{"line":188,"column":74}},"type":"binary-expr","locations":[{"start":{"line":188,"column":45},"end":{"line":188,"column":55}},{"start":{"line":188,"column":59},"end":{"line":188,"column":74}}],"line":188},"38":{"loc":{"start":{"line":188,"column":76},"end":{"line":188,"column":99}},"type":"binary-expr","locations":[{"start":{"line":188,"column":76},"end":{"line":188,"column":83}},{"start":{"line":188,"column":87},"end":{"line":188,"column":99}}],"line":188},"39":{"loc":{"start":{"line":188,"column":101},"end":{"line":188,"column":157}},"type":"cond-expr","locations":[{"start":{"line":188,"column":126},"end":{"line":188,"column":141}},{"start":{"line":188,"column":145},"end":{"line":188,"column":157}}],"line":188},"40":{"loc":{"start":{"line":188,"column":126},"end":{"line":188,"column":141}},"type":"binary-expr","locations":[{"start":{"line":188,"column":126},"end":{"line":188,"column":133}},{"start":{"line":188,"column":137},"end":{"line":188,"column":141}}],"line":188},"41":{"loc":{"start":{"line":188,"column":159},"end":{"line":188,"column":182}},"type":"binary-expr","locations":[{"start":{"line":188,"column":159},"end":{"line":188,"column":166}},{"start":{"line":188,"column":170},"end":{"line":188,"column":182}}],"line":188},"42":{"loc":{"start":{"line":192,"column":4},"end":{"line":197,"column":5}},"type":"if","locations":[{"start":{"line":192,"column":4},"end":{"line":197,"column":5}},{"start":{},"end":{}}],"line":192},"43":{"loc":{"start":{"line":200,"column":4},"end":{"line":200,"column":85}},"type":"if","locations":[{"start":{"line":200,"column":4},"end":{"line":200,"column":85}},{"start":{},"end":{}}],"line":200},"44":{"loc":{"start":{"line":200,"column":8},"end":{"line":200,"column":36}},"type":"binary-expr","locations":[{"start":{"line":200,"column":8},"end":{"line":200,"column":13}},{"start":{"line":200,"column":17},"end":{"line":200,"column":36}}],"line":200},"45":{"loc":{"start":{"line":201,"column":4},"end":{"line":201,"column":91}},"type":"if","locations":[{"start":{"line":201,"column":4},"end":{"line":201,"column":91}},{"start":{},"end":{}}],"line":201},"46":{"loc":{"start":{"line":201,"column":8},"end":{"line":201,"column":39}},"type":"binary-expr","locations":[{"start":{"line":201,"column":8},"end":{"line":201,"column":14}},{"start":{"line":201,"column":18},"end":{"line":201,"column":39}}],"line":201},"47":{"loc":{"start":{"line":202,"column":4},"end":{"line":202,"column":103}},"type":"if","locations":[{"start":{"line":202,"column":4},"end":{"line":202,"column":103}},{"start":{},"end":{}}],"line":202},"48":{"loc":{"start":{"line":202,"column":8},"end":{"line":202,"column":45}},"type":"binary-expr","locations":[{"start":{"line":202,"column":8},"end":{"line":202,"column":16}},{"start":{"line":202,"column":20},"end":{"line":202,"column":45}}],"line":202},"49":{"loc":{"start":{"line":203,"column":4},"end":{"line":225,"column":5}},"type":"if","locations":[{"sta
[...]
,"C:\\Users\\julli\\OneDrive\\Documents\\Proyectos\\Personales\\GestionContable\\backend\\src\\routes\\tasks.js": {"path":"C:\\Users\\julli\\OneDrive\\Documents\\Proyectos\\Personales\\GestionContable\\backend\\src\\routes\\tasks.js","statementMap":{"0":{"start":{"line":1,"column":19},"end":{"line":1,"column":37}},"1":{"start":{"line":2,"column":24},"end":{"line":2,"column":52}},"2":{"start":{"line":8,"column":4},"end":{"line":8,"column":44}},"3":{"start":{"line":9,"column":52},"end":{"line":9,"column":81}},"4":{"start":{"line":10,"column":21},"end":{"line":10,"column":56}},"5":{"start":{"line":11,"column":50},"end":{"line":11,"column":83}},"6":{"start":{"line":13,"column":15},"end":{"line":13,"column":23}},"7":{"start":{"line":15,"column":0},"end":{"line":15,"column":27}},"8":{"start":{"line":37,"column":0},"end":{"line":37,"column":46}},"9":{"start":{"line":54,"column":0},"end":{"line":54,"column":35}},"10":{"start":{"line":55,"column":0},"end":{"line":55,"column":74}},"11":{"start":{"line":73,"column":0},"end":{"line":73,"column":53}},"12":{"start":{"line":84,"column":0},"end":{"line":84,"column":68}},"13":{"start":{"line":104,"column":0},"end":{"line":117,"column":2}},"14":{"start":{"line":108,"column":19},"end":{"line":108,"column":84}},"15":{"start":{"line":109,"column":16},"end":{"line":109,"column":61}},"16":{"start":{"line":110,"column":4},"end":{"line":110,"column":101}},"17":{"start":{"line":110,"column":25},"end":{"line":110,"column":40}},"18":{"start":{"line":110,"column":43},"end":{"line":110,"column":101}},"19":{"start":{"line":111,"column":4},"end":{"line":111,"column":16}},"20":{"start":{"line":128,"column":0},"end":{"line":136,"column":2}},"21":{"start":{"line":147,"column":0},"end":{"line":147,"column":94}},"22":{"start":{"line":150,"column":0},"end":{"line":150,"column":75}},"23":{"start":{"line":151,"column":0},"end":{"line":151,"column":120}},"24":{"start":{"line":152,"column":0},"end":{"line":152,"column":123}},"25":{"start":{"line":155,"column":0},"end":{"line":155,"column":75}},"26":{"start":{"line":156,"column":0},"end":{"line":156,"column":120}},"27":{"start":{"line":157,"column":0},"end":{"line":157,"column":123}},"28":{"start":{"line":159,"column":0},"end":{"line":159,"column":24}}},"fnMap":{"0":{"name":"(anonymous_0)","decl":{"start":{"line":107,"column":39},"end":{"line":107,"column":40}},"loc":{"start":{"line":107,"column":48},"end":{"line":112,"column":3}},"line":107},"1":{"name":"(anonymous_1)","decl":{"start":{"line":110,"column":19},"end":{"line":110,"column":20}},"loc":{"start":{"line":110,"column":25},"end":{"line":110,"column":40}},"line":110}},"branchMap":{"0":{"loc":{"start":{"line":109,"column":16},"end":{"line":109,"column":61}},"type":"cond-expr","locations":[{"start":{"line":109,"column":37},"end":{"line":109,"column":40}},{"start":{"line":109,"column":44},"end":{"line":109,"column":60}}],"line":109},"1":{"loc":{"start":{"line":109,"column":44},"end":{"line":109,"column":60}},"type":"cond-expr","locations":[{"start":{"line":109,"column":50},"end":{"line":109,"column":55}},{"start":{"line":109,"column":58},"end":{"line":109,"column":60}}],"line":109},"2":{"loc":{"start":{"line":110,"column":4},"end":{"line":110,"column":101}},"type":"if","locations":[{"start":{"line":110,"column":4},"end":{"line":110,"column":101}},{"start":{},"end":{}}],"line":110}},"s":{"0":1,"1":1,"2":1,"3":1,"4":1,"5":1,"6":1,"7":1,"8":1,"9":1,"10":1,"11":1,"12":1,"13":1,"14":0,"15":0,"16":0,"17":0,"18":0,"19":0,"20":1,"21":1,"22":1,"23":1,"24":1,"25":1,"26":1,"27":1,"28":1},"f":{"0":0,"1":0},"b":{"0":[0,0],"1":[0,0],"2":[0,0]},"_coverageSchema":"1a1c01bbd47fc00a2c39e90264f33305004495a9","hash":"45a4bacd9d7cbf91515ce522fc98cb10ae8e31bf"}
,"C:\\Users\\julli\\OneDrive\\Documents\\Proyectos\\Personales\\GestionContable\\backend\\src\\services\\emailService.js": {"path":"C:\\Users\\julli\\OneDrive\\Documents\\Proyectos\\Personales\\GestionContable\\backend\\src\\services\\emailService.js","statementMap":{"0":{"start":{"line":1,"column":15},"end":{"line":1,"column":41}},"1":{"start":{"line":2,"column":12},"end":{"line":2,"column":36}},"2":{"start":{"line":6,"column":2},"end":{"line":9,"column":3}},"3":{"start":{"line":7,"column":4},"end":{"line":7,"column":78}},"4":{"start":{"line":8,"column":4},"end":{"line":8,"column":11}},"5":{"start":{"line":10,"column":2},"end":{"line":31,"column":3}},"6":{"start":{"line":11,"column":16},"end":{"line":26,"column":6}},"7":{"start":{"line":27,"column":4},"end":{"line":27,"column":66}},"8":{"start":{"line":27,"column":17},"end":{"line":27,"column":66}},"9":{"start":{"line":28,"column":4},"end":{"line":28,"column":47}},"10":{"start":{"line":30,"column":4},"end":{"line":30,"column":55}},"11":{"start":{"line":34,"column":21},"end":{"line":63,"column":1}},"12":{"start":{"line":36,"column":4},"end":{"line":41,"column":6}},"13":{"start":{"line":44,"column":4},"end":{"line":48,"column":6}},"14":{"start":{"line":51,"column":4},"end":{"line":55,"column":6}},"15":{"start":{"line":58,"column":4},"end":{"line":62,"column":6}},"16":{"start":{"line":65,"column":0},"end":{"line":65,"column":30}}},"fnMap":{"0":{"name":"sendEmail","decl":{"start":{"line":5,"column":15},"end":{"line":5,"column":24}},"loc":{"start":{"line":5,"column":54},"end":{"line":32,"column":1}},"line":5},"1":{"name":"(anonymous_1)","decl":{"start":{"line":35,"column":16},"end":{"line":35,"column":17}},"loc":{"start":{"line":36,"column":4},"end":{"line":41,"column":6}},"line":36},"2":{"name":"(anonymous_2)","decl":{"start":{"line":43,"column":17},"end":{"line":43,"column":18}},"loc":{"start":{"line":44,"column":4},"end":{"line":48,"column":6}},"line":44},"3":{"name":"(anonymous_3)","decl":{"start":{"line":50,"column":16},"end":{"line":50,"column":17}},"loc":{"start":{"line":51,"column":4},"end":{"line":55,"column":6}},"line":51},"4":{"name":"(anonymous_4)","decl":{"start":{"line":57,"column":15},"end":{"line":57,"column":16}},"loc":{"start":{"line":58,"column":4},"end":{"line":62,"column":6}},"line":58}},"branchMap":{"0":{"loc":{"start":{"line":6,"column":2},"end":{"line":9,"column":3}},"type":"if","locations":[{"start":{"line":6,"column":2},"end":{"line":9,"column":3}},{"start":{},"end":{}}],"line":6},"1":{"loc":{"start":{"line":22,"column":39},"end":{"line":22,"column":54}},"type":"binary-expr","locations":[{"start":{"line":22,"column":39},"end":{"line":22,"column":43}},{"start":{"line":22,"column":47},"end":{"line":22,"column":54}}],"line":22},"2":{"loc":{"start":{"line":23,"column":14},"end":{"line":23,"column":62}},"type":"cond-expr","locations":[{"start":{"line":23,"column":21},"end":{"line":23,"column":57}},{"start":{"line":23,"column":60},"end":{"line":23,"column":62}}],"line":23},"3":{"loc":{"start":{"line":27,"column":4},"end":{"line":27,"column":66}},"type":"if","locations":[{"start":{"line":27,"column":4},"end":{"line":27,"column":66}},{"start":{},"end":{}}],"line":27}},"s":{"0":1,"1":1,"2":4,"3":4,"4":4,"5":0,"6":0,"7":0,"8":0,"9":0,"10":0,"11":1,"12":1,"13":1,"14":1,"15":1,"16":1},"f":{"0":4,"1":1,"2":1,"3":1,"4":1},"b":{"0":[4,0],"1":[0,0],"2":[0,0],"3":[0,0]},"_coverageSchema":"1a1c01bbd47fc00a2c39e90264f33305004495a9","hash":"ea05d284a5b057b38e0e3c2c20fd82c24a99fb39"}
,"C:\\Users\\julli\\OneDrive\\Documents\\Proyectos\\Personales\\GestionContable\\backend\\src\\socket\\events.js": {"path":"C:\\Users\\julli\\OneDrive\\Documents\\Proyectos\\Personales\\GestionContable\\backend\\src\\socket\\events.js","statementMap":{"0":{"start":{"line":1,"column":19},"end":{"line":1,"column":42}},"1":{"start":{"line":2,"column":15},"end":{"line":2,"column":41}},"2":{"start":{"line":4,"column":20},"end":{"line":50,"column":1}},"3":{"start":{"line":6,"column":2},"end":{"line":16,"column":5}},"4":{"start":{"line":7,"column":18},"end":{"line":7,"column":46}},"5":{"start":{"line":8,"column":4},"end":{"line":8,"column":58}},"6":{"start":{"line":8,"column":16},"end":{"line":8,"column":58}},"7":{"start":{"line":9,"column":4},"end":{"line":15,"column":5}},"8":{"start":{"line":10,"column":22},"end":{"line":10,"column":35}},"9":{"start":{"line":11,"column":6},"end":{"line":11,"column":28}},"10":{"start":{"line":12,"column":6},"end":{"line":12,"column":13}},"11":{"start":{"line":14,"column":6},"end":{"line":14,"column":40}},"12":{"start":{"line":18,"column":22},"end":{"line":18,"column":31}},"13":{"start":{"line":20,"column":2},"end":{"line":47,"column":5}},"14":{"start":{"line":21,"column":30},"end":{"line":21,"column":41}},"15":{"start":{"line":22,"column":4},"end":{"line":22,"column":48}},"16":{"start":{"line":24,"column":4},"end":{"line":24,"column":34}},"17":{"start":{"line":25,"column":4},"end":{"line":25,"column":60}},"18":{"start":{"line":26,"column":4},"end":{"line":26,"column":46}},"19":{"start":{"line":28,"column":4},"end":{"line":28,"column":70}},"20":{"start":{"line":28,"column":39},"end":{"line":28,"column":68}},"21":{"start":{"line":29,"column":4},"end":{"line":29,"column":72}},"22":{"start":{"line":29,"column":40},"end":{"line":29,"column":70}},"23":{"start":{"line":30,"column":4},"end":{"line":30,"column":74}},"24":{"start":{"line":30,"column":41},"end":{"line":30,"column":72}},"25":{"start":{"line":31,"column":4},"end":{"line":31,"column":76}},"26":{"start":{"line":31,"column":42},"end":{"line":31,"column":74}},"27":{"start":{"line":33,"column":4},"end":{"line":40,"column":7}},"28":{"start":{"line":34,"column":6},"end":{"line":39,"column":7}},"29":{"start":{"line":35,"column":19},"end":{"line":35,"column":48}},"30":{"start":{"line":36,"column":8},"end":{"line":36,"column":113}},"31":{"start":{"line":38,"column":8},"end":{"line":38,"column":50}},"32":{"start":{"line":42,"column":4},"end":{"line":46,"column":7}},"33":{"start":{"line":43,"column":6},"end":{"line":43,"column":33}},"34":{"start":{"line":44,"column":6},"end":{"line":44,"column":42}},"35":{"start":{"line":45,"column":6},"end":{"line":45,"column":53}},"36":{"start":{"line":49,"column":2},"end":{"line":49,"column":12}},"37":{"start":{"line":52,"column":0},"end":{"line":52,"column":33}}},"fnMap":{"0":{"name":"(anonymous_0)","decl":{"start":{"line":4,"column":20},"end":{"line":4,"column":21}},"loc":{"start":{"line":4,"column":28},"end":{"line":50,"column":1}},"line":4},"1":{"name":"(anonymous_1)","decl":{"start":{"line":6,"column":9},"end":{"line":6,"column":10}},"loc":{"start":{"line":6,"column":27},"end":{"line":16,"column":3}},"line":6},"2":{"name":"(anonymous_2)","decl":{"start":{"line":20,"column":22},"end":{"line":20,"column":23}},"loc":{"start":{"line":20,"column":34},"end":{"line":47,"column":3}},"line":20},"3":{"name":"(anonymous_3)","decl":{"start":{"line":28,"column":27},"end":{"line":28,"column":28}},"loc":{"start":{"line":28,"column":39},"end":{"line":28,"column":68}},"line":28},"4":{"name":"(anonymous_4)","decl":{"start":{"line":29,"column":28},"end":{"line":29,"column":29}},"loc":{"start":{"line":29,"column":40},"end":{"line":29,"column":70}},"line":29},"5":{"name":"(anonymous_5)","decl":{"start":{"line":30,"column":28},"end":{"line":30,"column":29}},"loc":{"start":{"line":30,"column":41},"end":{"line":30,"column":72}},"line":30},"6":{"name":"(anonymous_6)","decl":{"start":{"line":31,"column":29},"end":{"line":31,"column":30}},"loc":{"start":{"line":31,"column":42},"end":{"line":31,"column":74}},"line":31},"7":{"name":"(anonymous_7)","decl":{"start":{"line":33,"column":27},"end":{"line":33,"column":28}},"loc":{"start":{"line":33,"column":46},"end":{"line":40,"column":5}},"line":33},"8":{"name":"(anonymous_8)","decl":{"start":{"line":42,"column":28},"end":{"line":42,"column":29}},"loc":{"start":{"line":42,"column":34},"end":{"line":46,"column":5}},"line":42}},"branchMap":{"0":{"loc":{"start":{"line":8,"column":4},"end":{"line":8,"column":58}},"type":"if","locations":[{"start":{"line":8,"column":4},"end":{"line":8,"column":58}},{"start":{},"end":{}}],"line":8}},"s":{"0":1,"1":1,"2":1,"3":5,"4":3,"5":3,"6":1,"7":2,"8":2,"9":1,"10":1,"11":1,"12":5,"13":5,"14":1,"15":1,"16":1,"17":1,"18":1,"19":1,"20":1,"21":1,"22":1,"23":1,"24":1,"25":1,"26":1,"27":1,"28":1,"29":1,"30":1,"31":0,"32":1,"33":1,"34":1,"35":1,"36":5,"37":1},"f":{"0":5,"1":3,"2":1,"3":1,"4":1,"5":1,"6":1,"7":1,"8":1},"b":{"0":[1,2]},"_coverageSchema":"1a1c01bbd47fc00a2c39e90264f33305004495a9","hash":"77dc617372feddb60781b96f8ebc288d0366fc04"}
,"C:\\Users\\julli\\OneDrive\\Documents\\Proyectos\\Personales\\GestionContable\\backend\\src\\utils\\auditLog.js": {"path":"C:\\Users\\julli\\OneDrive\\Documents\\Proyectos\\Personales\\GestionContable\\backend\\src\\utils\\auditLog.js","statementMap":{"0":{"start":{"line":1,"column":23},"end":{"line":1,"column":38}},"1":{"start":{"line":2,"column":11},"end":{"line":2,"column":40}},"2":{"start":{"line":3,"column":15},"end":{"line":3,"column":34}},"3":{"start":{"line":5,"column":17},"end":{"line":14,"column":1}},"4":{"start":{"line":6,"column":2},"end":{"line":13,"column":3}},"5":{"start":{"line":7,"column":4},"end":{"line":10,"column":6}},"6":{"start":{"line":12,"column":4},"end":{"line":12,"column":46}},"7":{"start":{"line":16,"column":0},"end":{"line":16,"column":26}}},"fnMap":{"0":{"name":"(anonymous_0)","decl":{"start":{"line":5,"column":17},"end":{"line":5,"column":18}},"loc":{"start":{"line":5,"column":78},"end":{"line":14,"column":1}},"line":5}},"branchMap":{"0":{"loc":{"start":{"line":5,"column":61},"end":{"line":5,"column":73}},"type":"default-arg","locations":[{"start":{"line":5,"column":71},"end":{"line":5,"column":73}}],"line":5}},"s":{"0":2,"1":2,"2":2,"3":2,"4":8,"5":8,"6":0,"7":2},"f":{"0":8},"b":{"0":[0]},"_coverageSchema":"1a1c01bbd47fc00a2c39e90264f33305004495a9","hash":"dff5d9d588abede2652631b0f5d5820d0b9b97fb"}
,"C:\\Users\\julli\\OneDrive\\Documents\\Proyectos\\Personales\\GestionContable\\backend\\src\\utils\\email.js": {"path":"C:\\Users\\julli\\OneDrive\\Documents\\Proyectos\\Personales\\GestionContable\\backend\\src\\utils\\email.js","statementMap":{"0":{"start":{"line":1,"column":19},"end":{"line":1,"column":40}},"1":{"start":{"line":2,"column":12},"end":{"line":2,"column":36}},"2":{"start":{"line":3,"column":15},"end":{"line":3,"column":34}},"3":{"start":{"line":5,"column":18},"end":{"line":5,"column":22}},"4":{"start":{"line":8,"column":2},"end":{"line":8,"column":34}},"5":{"start":{"line":8,"column":22},"end":{"line":8,"column":34}},"6":{"start":{"line":9,"column":2},"end":{"line":16,"column":3}},"7":{"start":{"line":10,"column":4},"end":{"line":15,"column":7}},"8":{"start":{"line":17,"column":2},"end":{"line":17,"column":21}},"9":{"start":{"line":20,"column":31},"end":{"line":38,"column":1}},"10":{"start":{"line":21,"column":19},"end":{"line":21,"column":68}},"11":{"start":{"line":22,"column":13},"end":{"line":22,"column":29}},"12":{"start":{"line":23,"column":2},"end":{"line":26,"column":3}},"13":{"start":{"line":24,"column":4},"end":{"line":24,"column":95}},"14":{"start":{"line":25,"column":4},"end":{"line":25,"column":11}},"15":{"start":{"line":27,"column":2},"end":{"line":36,"column":5}},"16":{"start":{"line":37,"column":2},"end":{"line":37,"column":55}},"17":{"start":{"line":40,"column":0},"end":{"line":40,"column":44}}},"fnMap":{"0":{"name":"getTransporter","decl":{"start":{"line":7,"column":9},"end":{"line":7,"column":23}},"loc":{"start":{"line":7,"column":26},"end":{"line":18,"column":1}},"line":7},"1":{"name":"(anonymous_1)","decl":{"start":{"line":20,"column":31},"end":{"line":20,"column":32}},"loc":{"start":{"line":20,"column":52},"end":{"line":38,"column":1}},"line":20}},"branchMap":{"0":{"loc":{"start":{"line":8,"column":2},"end":{"line":8,"column":34}},"type":"if","locations":[{"start":{"line":8,"column":2},"end":{"line":8,"column":34}},{"start":{},"end":{}}],"line":8},"1":{"loc":{"start":{"line":9,"column":2},"end":{"line":16,"column":3}},"type":"if","locations":[{"start":{"line":9,"column":2},"end":{"line":16,"column":3}},{"start":{},"end":{}}],"line":9},"2":{"loc":{"start":{"line":14,"column":12},"end":{"line":14,"column":84}},"type":"cond-expr","locations":[{"start":{"line":14,"column":28},"end":{"line":14,"column":72}},{"start":{"line":14,"column":75},"end":{"line":14,"column":84}}],"line":14},"3":{"loc":{"start":{"line":23,"column":2},"end":{"line":26,"column":3}},"type":"if","locations":[{"start":{"line":23,"column":2},"end":{"line":26,"column":3}},{"start":{},"end":{}}],"line":23}},"s":{"0":0,"1":0,"2":0,"3":0,"4":0,"5":0,"6":0,"7":0,"8":0,"9":0,"10":0,"11":0,"12":0,"13":0,"14":0,"15":0,"16":0,"17":0},"f":{"0":0,"1":0},"b":{"0":[0,0],"1":[0,0],"2":[0,0],"3":[0,0]}}
,"C:\\Users\\julli\\OneDrive\\Documents\\Proyectos\\Personales\\GestionContable\\backend\\src\\utils\\jwt.js": {"path":"C:\\Users\\julli\\OneDrive\\Documents\\Proyectos\\Personales\\GestionContable\\backend\\src\\utils\\jwt.js","statementMap":{"0":{"start":{"line":1,"column":12},"end":{"line":1,"column":35}},"1":{"start":{"line":2,"column":12},"end":{"line":2,"column":36}},"2":{"start":{"line":4,"column":13},"end":{"line":5,"column":70}},"3":{"start":{"line":5,"column":2},"end":{"line":5,"column":70}},"4":{"start":{"line":7,"column":20},"end":{"line":8,"column":86}},"5":{"start":{"line":8,"column":2},"end":{"line":8,"column":86}},"6":{"start":{"line":10,"column":15},"end":{"line":11,"column":35}},"7":{"start":{"line":11,"column":2},"end":{"line":11,"column":35}},"8":{"start":{"line":13,"column":22},"end":{"line":14,"column":43}},"9":{"start":{"line":14,"column":2},"end":{"line":14,"column":43}},"10":{"start":{"line":16,"column":0},"end":{"line":16,"column":62}}},"fnMap":{"0":{"name":"(anonymous_0)","decl":{"start":{"line":4,"column":13},"end":{"line":4,"column":14}},"loc":{"start":{"line":5,"column":2},"end":{"line":5,"column":70}},"line":5},"1":{"name":"(anonymous_1)","decl":{"start":{"line":7,"column":20},"end":{"line":7,"column":21}},"loc":{"start":{"line":8,"column":2},"end":{"line":8,"column":86}},"line":8},"2":{"name":"(anonymous_2)","decl":{"start":{"line":10,"column":15},"end":{"line":10,"column":16}},"loc":{"start":{"line":11,"column":2},"end":{"line":11,"column":35}},"line":11},"3":{"name":"(anonymous_3)","decl":{"start":{"line":13,"column":22},"end":{"line":13,"column":23}},"loc":{"start":{"line":14,"column":2},"end":{"line":14,"column":43}},"line":14}},"branchMap":{},"s":{"0":4,"1":4,"2":4,"3":4,"4":4,"5":2,"6":4,"7":3,"8":4,"9":2,"10":4},"f":{"0":4,"1":2,"2":3,"3":2},"b":{},"_coverageSchema":"1a1c01bbd47fc00a2c39e90264f33305004495a9","hash":"ed20ef4fd63339e29431b41822cbfed1e7689f54"}
,"C:\\Users\\julli\\OneDrive\\Documents\\Proyectos\\Personales\\GestionContable\\backend\\src\\utils\\logger.js": {"path":"C:\\Users\\julli\\OneDrive\\Documents\\Proyectos\\Personales\\GestionContable\\backend\\src\\utils\\logger.js","statementMap":{"0":{"start":{"line":1,"column":13},"end":{"line":1,"column":28}},"1":{"start":{"line":3,"column":15},"end":{"line":8,"column":2}},"2":{"start":{"line":10,"column":0},"end":{"line":10,"column":24}}},"fnMap":{},"branchMap":{"0":{"loc":{"start":{"line":4,"column":9},"end":{"line":4,"column":92}},"type":"binary-expr","locations":[{"start":{"line":4,"column":9},"end":{"line":4,"column":30}},{"start":{"line":4,"column":35},"end":{"line":4,"column":91}}],"line":4},"1":{"loc":{"start":{"line":4,"column":35},"end":{"line":4,"column":91}},"type":"cond-expr","locations":[{"start":{"line":4,"column":75},"end":{"line":4,"column":81}},{"start":{"line":4,"column":84},"end":{"line":4,"column":91}}],"line":4},"2":{"loc":{"start":{"line":5,"column":13},"end":{"line":7,"column":15}},"type":"cond-expr","locations":[{"start":{"line":6,"column":6},"end":{"line":6,"column":115}},{"start":{"line":7,"column":6},"end":{"line":7,"column":15}}],"line":5}},"s":{"0":0,"1":0,"2":0},"f":{},"b":{"0":[0,0],"1":[0,0],"2":[0,0]}}
}
