TN:
SF:src\config\database.js
FN:16,(anonymous_0)
FN:22,(anonymous_1)
FN:23,(anonymous_2)
FNF:3
FNH:0
FNDA:0,(anonymous_0)
FNDA:0,(anonymous_1)
FNDA:0,(anonymous_2)
DA:1,6
DA:2,6
DA:4,6
DA:14,6
DA:16,6
DA:17,0
DA:18,0
DA:21,6
DA:22,0
DA:23,0
DA:27,6
LF:11
LH:7
BRDA:4,0,0,0
BRDA:4,0,1,6
BRDA:5,1,0,0
BRDA:5,1,1,0
BRDA:9,2,0,5
BRDA:9,2,1,1
BRF:6
BRH:3
end_of_record
TN:
SF:src\config\env.js
FNF:0
FNH:0
DA:1,9
DA:3,9
LF:2
LH:2
BRDA:4,0,0,9
BRDA:4,0,1,0
BRDA:5,1,0,9
BRDA:5,1,1,0
BRDA:6,2,0,9
BRDA:6,2,1,0
BRDA:8,3,0,9
BRDA:8,3,1,9
BRDA:9,4,0,9
BRDA:9,4,1,0
BRDA:10,5,0,9
BRDA:10,5,1,0
BRDA:11,6,0,9
BRDA:11,6,1,0
BRDA:12,7,0,9
BRDA:12,7,1,0
BRDA:13,8,0,9
BRDA:13,8,1,0
BRDA:14,9,0,9
BRDA:14,9,1,0
BRDA:16,10,0,9
BRDA:16,10,1,0
BRDA:17,11,0,9
BRDA:17,11,1,0
BRDA:18,12,0,9
BRDA:18,12,1,0
BRDA:19,13,0,9
BRDA:19,13,1,0
BRDA:21,14,0,9
BRDA:21,14,1,9
BRDA:22,15,0,9
BRDA:22,15,1,0
BRDA:23,16,0,9
BRDA:23,16,1,9
BRDA:25,17,0,9
BRDA:25,17,1,0
BRDA:26,18,0,9
BRDA:26,18,1,0
BRDA:28,19,0,9
BRDA:28,19,1,9
BRDA:29,20,0,9
BRDA:29,20,1,9
BRDA:33,21,0,9
BRDA:33,21,1,0
BRDA:34,22,0,9
BRDA:34,22,1,0
BRDA:35,23,0,9
BRDA:35,23,1,0
BRF:48
BRH:29
end_of_record
TN:
SF:src\controllers\authController.js
FN:10,(anonymous_0)
FN:12,(anonymous_1)
FN:50,(anonymous_2)
FN:61,(anonymous_3)
FN:83,(anonymous_4)
FN:137,(anonymous_5)
FN:174,(anonymous_6)
FN:193,(anonymous_7)
FN:206,(anonymous_8)
FN:252,(anonymous_9)
FN:283,(anonymous_10)
FNF:11
FNH:11
FNDA:3,(anonymous_0)
FNDA:3,(anonymous_1)
FNDA:3,(anonymous_2)
FNDA:5,(anonymous_3)
FNDA:5,(anonymous_4)
FNDA:4,(anonymous_5)
FNDA:3,(anonymous_6)
FNDA:2,(anonymous_7)
FNDA:6,(anonymous_8)
FNDA:3,(anonymous_9)
FNDA:2,(anonymous_10)
DA:1,2
DA:2,2
DA:3,2
DA:4,2
DA:5,2
DA:6,2
DA:7,2
DA:8,2
DA:10,3
DA:12,2
DA:13,3
DA:14,3
DA:16,3
DA:17,2
DA:18,1
DA:21,1
DA:22,1
DA:24,1
DA:30,1
DA:32,1
DA:33,1
DA:35,1
DA:40,1
DA:41,1
DA:43,1
DA:47,2
DA:48,2
DA:50,2
DA:51,3
DA:52,3
DA:61,2
DA:62,5
DA:65,5
DA:69,4
DA:72,3
DA:73,0
DA:77,0
DA:80,3
DA:83,2
DA:84,5
DA:85,5
DA:86,5
DA:87,5
DA:90,5
DA:91,1
DA:92,1
DA:95,3
DA:99,3
DA:101,3
DA:102,1
DA:103,1
DA:104,1
DA:107,2
DA:108,0
DA:109,0
DA:112,2
DA:113,2
DA:114,1
DA:115,1
DA:116,1
DA:119,1
DA:121,1
DA:122,1
DA:124,1
DA:129,1
DA:130,1
DA:131,1
DA:133,1
DA:137,2
DA:138,4
DA:139,4
DA:140,4
DA:142,3
DA:146,3
DA:147,1
DA:150,2
DA:151,2
DA:155,2
DA:156,2
DA:158,1
DA:160,1
DA:161,1
DA:163,1
DA:168,1
DA:170,0
DA:174,2
DA:175,3
DA:176,3
DA:178,3
DA:182,2
DA:183,1
DA:186,2
DA:187,2
DA:189,1
DA:193,2
DA:194,2
DA:195,2
DA:199,2
DA:200,1
DA:202,0
DA:206,2
DA:207,6
DA:208,6
DA:209,6
DA:211,6
DA:212,6
DA:213,6
DA:215,5
DA:216,1
DA:217,1
DA:218,1
DA:223,4
DA:224,3
DA:225,1
DA:227,2
DA:228,2
DA:229,1
DA:231,1
DA:234,2
DA:245,2
DA:246,2
DA:248,0
DA:252,2
DA:253,3
DA:254,3
DA:256,3
DA:257,2
DA:261,2
DA:262,1
DA:263,1
DA:265,1
DA:270,1
DA:271,1
DA:274,1
DA:277,2
DA:279,1
DA:283,2
DA:284,2
DA:285,2
DA:286,2
DA:288,2
DA:292,2
DA:293,2
DA:294,1
DA:297,1
DA:299,1
DA:300,1
DA:301,1
DA:303,1
DA:304,1
DA:306,0
DA:310,2
LF:152
LH:144
BRDA:17,0,0,1
BRDA:17,0,1,1
BRDA:54,1,0,3
BRDA:54,1,1,3
BRDA:69,2,0,1
BRDA:69,2,1,3
BRDA:72,3,0,0
BRDA:72,3,1,3
BRDA:77,4,0,0
BRDA:77,4,1,0
BRDA:84,5,0,5
BRDA:84,5,1,5
BRDA:90,6,0,1
BRDA:90,6,1,3
BRDA:101,7,0,1
BRDA:101,7,1,2
BRDA:107,8,0,0
BRDA:107,8,1,2
BRDA:113,9,0,1
BRDA:113,9,1,1
BRDA:140,10,0,1
BRDA:140,10,1,3
BRDA:146,11,0,1
BRDA:146,11,1,2
BRDA:156,12,0,1
BRDA:156,12,1,1
BRDA:182,13,0,1
BRDA:182,13,1,1
BRDA:199,14,0,1
BRDA:199,14,1,1
BRDA:213,15,0,1
BRDA:213,15,1,5
BRDA:215,16,0,1
BRDA:215,16,1,4
BRDA:215,17,0,5
BRDA:215,17,1,1
BRDA:217,18,0,1
BRDA:217,18,1,0
BRDA:223,19,0,3
BRDA:223,19,1,1
BRDA:224,20,0,1
BRDA:224,20,1,2
BRDA:228,21,0,1
BRDA:228,21,1,1
BRDA:242,22,0,2
BRDA:242,22,1,1
BRDA:242,23,0,2
BRDA:242,23,1,2
BRDA:242,24,0,2
BRDA:242,24,1,1
BRDA:261,25,0,1
BRDA:261,25,1,1
BRDA:274,26,0,0
BRDA:274,26,1,1
BRDA:277,27,0,0
BRDA:277,27,1,2
BRDA:293,28,0,1
BRDA:293,28,1,1
BRF:58
BRH:51
end_of_record
TN:
SF:src\controllers\groupController.js
FN:4,(anonymous_0)
FN:21,(anonymous_1)
FN:34,(anonymous_2)
FN:34,(anonymous_3)
FN:46,(anonymous_4)
FN:69,(anonymous_5)
FN:80,(anonymous_6)
FN:94,(anonymous_7)
FNF:8
FNH:8
FNDA:2,(anonymous_0)
FNDA:3,(anonymous_1)
FNDA:1,(anonymous_2)
FNDA:1,(anonymous_3)
FNDA:3,(anonymous_4)
FNDA:2,(anonymous_5)
FNDA:2,(anonymous_6)
FNDA:2,(anonymous_7)
DA:1,2
DA:2,2
DA:4,2
DA:5,2
DA:6,2
DA:15,1
DA:17,1
DA:21,2
DA:22,3
DA:23,3
DA:24,3
DA:26,3
DA:30,2
DA:32,2
DA:33,2
DA:34,1
DA:35,1
DA:39,2
DA:40,2
DA:42,1
DA:46,2
DA:47,3
DA:48,3
DA:49,3
DA:51,3
DA:60,2
DA:62,1
DA:63,1
DA:65,1
DA:69,2
DA:70,2
DA:71,2
DA:72,2
DA:73,1
DA:74,1
DA:76,1
DA:80,2
DA:81,2
DA:82,2
DA:83,2
DA:84,2
DA:88,1
DA:90,1
DA:94,2
DA:95,2
DA:96,2
DA:97,2
DA:98,1
DA:100,1
DA:104,2
LF:50
LH:50
BRDA:23,0,0,2
BRDA:28,1,0,3
BRDA:28,1,1,2
BRDA:28,2,0,3
BRDA:28,2,1,3
BRDA:60,3,0,1
BRDA:60,3,1,1
BRF:7
BRH:7
end_of_record
TN:
SF:src\controllers\statsController.js
FN:3,(anonymous_0)
FN:45,(anonymous_1)
FNF:2
FNH:2
FNDA:2,(anonymous_0)
FNDA:3,(anonymous_1)
DA:1,2
DA:3,2
DA:4,2
DA:5,2
DA:34,1
DA:41,1
DA:45,2
DA:46,3
DA:47,3
DA:48,3
DA:49,3
DA:50,3
DA:51,3
DA:53,3
DA:54,3
DA:55,3
DA:57,3
DA:67,2
DA:69,1
DA:73,2
LF:20
LH:20
BRDA:47,0,0,2
BRDA:47,1,0,2
BRDA:53,2,0,1
BRDA:53,2,1,2
BRDA:54,3,0,1
BRDA:54,3,1,2
BRDA:55,4,0,1
BRDA:55,4,1,2
BRF:8
BRH:8
end_of_record
TN:
SF:src\controllers\taskController.js
FN:7,(anonymous_0)
FN:13,(anonymous_1)
FN:84,(anonymous_2)
FN:89,(anonymous_3)
FN:99,(anonymous_4)
FN:105,(anonymous_5)
FN:121,(anonymous_6)
FN:128,(anonymous_7)
FN:134,(anonymous_8)
FN:139,(anonymous_9)
FN:158,(anonymous_10)
FN:194,(anonymous_11)
FN:205,(anonymous_12)
FN:211,(anonymous_13)
FN:216,(anonymous_14)
FN:232,(anonymous_15)
FN:237,(anonymous_16)
FN:302,(anonymous_17)
FN:319,(anonymous_18)
FN:335,(anonymous_19)
FN:356,normalizeTask
FN:369,(anonymous_21)
FN:375,(anonymous_22)
FN:396,(anonymous_23)
FN:417,(anonymous_24)
FN:445,(anonymous_25)
FN:464,(anonymous_26)
FN:490,(anonymous_27)
FN:494,(anonymous_28)
FN:498,(anonymous_29)
FN:515,(anonymous_30)
FN:535,(anonymous_31)
FN:552,(anonymous_32)
FN:566,(anonymous_33)
FNF:34
FNH:30
FNDA:13,(anonymous_0)
FNDA:3,(anonymous_1)
FNDA:14,(anonymous_2)
FNDA:3,(anonymous_3)
FNDA:5,(anonymous_4)
FNDA:4,(anonymous_5)
FNDA:1,(anonymous_6)
FNDA:1,(anonymous_7)
FNDA:1,(anonymous_8)
FNDA:1,(anonymous_9)
FNDA:6,(anonymous_10)
FNDA:1,(anonymous_11)
FNDA:1,(anonymous_12)
FNDA:1,(anonymous_13)
FNDA:1,(anonymous_14)
FNDA:1,(anonymous_15)
FNDA:1,(anonymous_16)
FNDA:3,(anonymous_17)
FNDA:2,(anonymous_18)
FNDA:3,(anonymous_19)
FNDA:15,normalizeTask
FNDA:0,(anonymous_21)
FNDA:0,(anonymous_22)
FNDA:4,(anonymous_23)
FNDA:3,(anonymous_24)
FNDA:2,(anonymous_25)
FNDA:4,(anonymous_26)
FNDA:1,(anonymous_27)
FNDA:2,(anonymous_28)
FNDA:2,(anonymous_29)
FNDA:3,(anonymous_30)
FNDA:3,(anonymous_31)
FNDA:0,(anonymous_32)
FNDA:0,(anonymous_33)
DA:1,2
DA:2,2
DA:3,2
DA:4,2
DA:5,2
DA:7,2
DA:8,13
DA:9,0
DA:10,0
DA:13,2
DA:14,3
DA:15,3
DA:16,3
DA:17,3
DA:18,3
DA:19,3
DA:21,3
DA:22,3
DA:23,3
DA:24,3
DA:25,3
DA:26,1
DA:27,1
DA:30,3
DA:32,3
DA:49,3
DA:51,3
DA:52,3
DA:57,2
DA:64,1
DA:68,2
DA:84,2
DA:85,14
DA:86,13
DA:89,2
DA:90,3
DA:91,3
DA:92,2
DA:93,1
DA:95,1
DA:99,2
DA:100,5
DA:101,2
DA:102,2
DA:105,2
DA:106,4
DA:107,4
DA:108,4
DA:109,4
DA:110,4
DA:112,4
DA:118,3
DA:120,3
DA:121,1
DA:122,1
DA:126,3
DA:128,3
DA:129,3
DA:130,1
DA:131,1
DA:132,1
DA:133,1
DA:134,1
DA:135,1
DA:136,1
DA:140,1
DA:144,1
DA:149,3
DA:150,3
DA:151,3
DA:152,3
DA:154,1
DA:158,2
DA:159,6
DA:160,6
DA:161,6
DA:162,5
DA:164,4
DA:165,4
DA:166,4
DA:167,4
DA:170,4
DA:171,4
DA:172,4
DA:173,4
DA:175,4
DA:190,4
DA:192,4
DA:193,1
DA:194,1
DA:195,1
DA:199,4
DA:200,4
DA:201,4
DA:202,4
DA:203,4
DA:204,1
DA:205,1
DA:206,1
DA:207,1
DA:208,1
DA:209,1
DA:210,1
DA:211,1
DA:212,1
DA:213,1
DA:217,1
DA:221,1
DA:227,4
DA:228,1
DA:229,1
DA:230,1
DA:231,1
DA:232,1
DA:233,1
DA:234,1
DA:235,1
DA:238,1
DA:242,1
DA:247,1
DA:248,1
DA:252,1
DA:253,0
DA:254,0
DA:255,0
DA:256,0
DA:257,0
DA:258,0
DA:264,0
DA:265,0
DA:266,0
DA:272,0
DA:276,0
DA:277,0
DA:283,0
DA:288,0
DA:292,4
DA:294,4
DA:295,4
DA:296,4
DA:298,1
DA:302,2
DA:303,3
DA:304,3
DA:305,3
DA:306,2
DA:308,1
DA:309,1
DA:311,1
DA:312,1
DA:313,1
DA:315,1
DA:319,2
DA:320,2
DA:321,2
DA:329,1
DA:331,1
DA:335,2
DA:336,3
DA:337,3
DA:338,3
DA:340,2
DA:341,2
DA:350,1
DA:352,1
DA:357,15
DA:369,0
DA:375,0
DA:396,2
DA:397,4
DA:398,4
DA:399,4
DA:400,4
DA:402,3
DA:403,3
DA:408,2
DA:409,2
DA:410,1
DA:411,1
DA:413,1
DA:417,2
DA:418,3
DA:419,3
DA:420,3
DA:422,3
DA:423,3
DA:424,3
DA:425,3
DA:426,3
DA:427,3
DA:429,2
DA:430,2
DA:431,2
DA:435,2
DA:437,1
DA:438,1
DA:439,1
DA:441,0
DA:445,2
DA:446,2
DA:447,2
DA:448,2
DA:452,2
DA:454,1
DA:455,1
DA:456,1
DA:458,0
DA:464,2
DA:465,4
DA:466,4
DA:467,4
DA:468,4
DA:470,3
DA:471,2
DA:472,1
DA:474,1
DA:475,1
DA:481,1
DA:482,1
DA:483,1
DA:484,1
DA:486,1
DA:490,1
DA:491,1
DA:493,1
DA:494,1
DA:495,2
DA:499,2
DA:500,2
DA:503,2
DA:507,1
DA:508,1
DA:509,1
DA:511,1
DA:515,2
DA:516,3
DA:517,3
DA:518,3
DA:519,3
DA:521,2
DA:525,2
DA:527,1
DA:528,1
DA:529,1
DA:531,0
DA:535,2
DA:536,3
DA:537,3
DA:538,3
DA:542,2
DA:544,1
DA:545,1
DA:546,1
DA:548,1
DA:552,2
DA:553,0
DA:554,0
DA:566,0
DA:573,0
DA:577,2
LF:260
LH:235
BRDA:8,0,0,13
BRDA:8,0,1,0
BRDA:10,1,0,0
BRDA:10,1,1,0
BRDA:15,2,0,3
BRDA:15,3,0,3
BRDA:21,4,0,1
BRDA:21,4,1,2
BRDA:22,5,0,1
BRDA:22,5,1,2
BRDA:23,6,0,1
BRDA:23,6,1,2
BRDA:24,7,0,1
BRDA:24,7,1,2
BRDA:25,8,0,1
BRDA:25,8,1,2
BRDA:86,9,0,11
BRDA:86,9,1,2
BRDA:92,10,0,1
BRDA:92,10,1,1
BRDA:100,11,0,3
BRDA:100,11,1,2
BRDA:101,12,0,0
BRDA:101,12,1,2
BRDA:107,13,0,3
BRDA:107,14,0,3
BRDA:107,15,0,4
BRDA:107,16,0,4
BRDA:109,17,0,4
BRDA:109,17,1,3
BRDA:116,18,0,4
BRDA:116,18,1,4
BRDA:116,19,0,4
BRDA:116,19,1,4
BRDA:116,20,0,4
BRDA:116,20,1,4
BRDA:116,21,0,4
BRDA:116,21,1,4
BRDA:116,22,0,0
BRDA:116,22,1,4
BRDA:120,23,0,1
BRDA:120,23,1,2
BRDA:129,24,0,1
BRDA:129,24,1,2
BRDA:131,25,0,1
BRDA:131,25,1,0
BRDA:162,26,0,1
BRDA:162,26,1,4
BRDA:166,27,0,1
BRDA:166,27,1,3
BRDA:167,28,0,1
BRDA:167,28,1,3
BRDA:167,29,0,1
BRDA:167,29,1,0
BRDA:170,30,0,4
BRDA:170,30,1,0
BRDA:170,31,0,0
BRDA:170,31,1,0
BRDA:171,32,0,4
BRDA:171,32,1,0
BRDA:171,33,0,0
BRDA:171,33,1,0
BRDA:172,34,0,4
BRDA:172,34,1,1
BRDA:172,35,0,1
BRDA:172,35,1,0
BRDA:173,36,0,4
BRDA:173,36,1,4
BRDA:173,36,2,4
BRDA:188,37,0,4
BRDA:188,37,1,3
BRDA:188,38,0,4
BRDA:188,38,1,4
BRDA:188,39,0,0
BRDA:188,39,1,4
BRDA:188,40,0,0
BRDA:188,40,1,0
BRDA:188,41,0,4
BRDA:188,41,1,4
BRDA:192,42,0,1
BRDA:192,42,1,3
BRDA:200,43,0,0
BRDA:200,43,1,4
BRDA:200,44,0,4
BRDA:200,44,1,0
BRDA:201,45,0,2
BRDA:201,45,1,2
BRDA:201,46,0,4
BRDA:201,46,1,2
BRDA:202,47,0,0
BRDA:202,47,1,4
BRDA:202,48,0,4
BRDA:202,48,1,0
BRDA:203,49,0,1
BRDA:203,49,1,3
BRDA:203,50,0,4
BRDA:203,50,1,1
BRDA:206,51,0,1
BRDA:206,51,1,0
BRDA:208,52,0,1
BRDA:208,52,1,1
BRDA:227,53,0,1
BRDA:227,53,1,3
BRDA:227,54,0,4
BRDA:227,54,1,1
BRDA:229,55,0,1
BRDA:229,55,1,1
BRDA:252,56,0,0
BRDA:252,56,1,1
BRDA:254,57,0,0
BRDA:254,57,1,0
BRDA:265,58,0,0
BRDA:265,58,1,0
BRDA:306,59,0,1
BRDA:306,59,1,1
BRDA:337,60,0,3
BRDA:338,61,0,1
BRDA:338,61,1,2
BRDA:360,62,0,15
BRDA:360,62,1,0
BRDA:363,63,0,15
BRDA:363,63,1,14
BRDA:364,64,0,15
BRDA:364,64,1,15
BRDA:365,65,0,0
BRDA:365,65,1,15
BRDA:366,66,0,15
BRDA:366,66,1,15
BRDA:367,67,0,15
BRDA:367,67,1,15
BRDA:368,68,0,15
BRDA:368,68,1,15
BRDA:369,69,0,15
BRDA:369,69,1,0
BRDA:375,70,0,15
BRDA:375,70,1,0
BRDA:383,71,0,15
BRDA:383,71,1,0
BRDA:384,72,0,15
BRDA:384,72,1,15
BRDA:385,73,0,15
BRDA:385,73,1,15
BRDA:386,74,0,15
BRDA:386,74,1,15
BRDA:387,75,0,15
BRDA:387,75,1,15
BRDA:388,76,0,15
BRDA:388,76,1,15
BRDA:400,77,0,1
BRDA:400,77,1,3
BRDA:400,78,0,4
BRDA:400,78,1,3
BRDA:409,79,0,1
BRDA:409,79,1,1
BRDA:425,80,0,1
BRDA:425,80,1,2
BRDA:426,81,0,1
BRDA:426,81,1,2
BRDA:427,82,0,1
BRDA:427,82,1,2
BRDA:435,83,0,1
BRDA:435,83,1,1
BRDA:452,84,0,1
BRDA:452,84,1,1
BRDA:468,85,0,1
BRDA:468,85,1,3
BRDA:468,86,0,4
BRDA:468,86,1,3
BRDA:471,87,0,1
BRDA:471,87,1,1
BRDA:482,88,0,1
BRDA:482,88,1,0
BRDA:483,89,0,0
BRDA:483,89,1,1
BRDA:491,90,0,1
BRDA:491,90,1,0
BRDA:491,91,0,1
BRDA:491,91,1,1
BRDA:519,92,0,1
BRDA:519,92,1,2
BRDA:519,93,0,3
BRDA:519,93,1,2
BRDA:525,94,0,1
BRDA:525,94,1,1
BRDA:542,95,0,1
BRDA:542,95,1,1
BRF:186
BRH:151
end_of_record
TN:
SF:src\middleware\auth.js
FN:5,(anonymous_0)
FN:28,(anonymous_1)
FN:28,(anonymous_2)
FN:40,(anonymous_3)
FNF:4
FNH:4
FNDA:5,(anonymous_0)
FNDA:16,(anonymous_1)
FNDA:3,(anonymous_2)
FNDA:3,(anonymous_3)
DA:1,2
DA:2,2
DA:3,2
DA:5,2
DA:6,5
DA:7,5
DA:8,2
DA:10,3
DA:11,3
DA:12,3
DA:16,3
DA:17,1
DA:19,2
DA:20,1
DA:21,1
DA:22,1
DA:24,1
DA:28,16
DA:29,3
DA:30,2
DA:31,1
DA:35,1
DA:37,1
DA:40,2
DA:41,3
DA:42,2
DA:43,1
DA:47,1
DA:49,1
DA:52,2
LF:30
LH:30
BRDA:7,0,0,2
BRDA:7,0,1,3
BRDA:16,1,0,1
BRDA:16,1,1,2
BRDA:29,2,0,1
BRDA:29,2,1,2
BRDA:30,3,0,1
BRDA:30,3,1,1
BRDA:41,4,0,1
BRDA:41,4,1,2
BRDA:42,5,0,1
BRDA:42,5,1,1
BRF:12
BRH:12
end_of_record
TN:
SF:src\middleware\errorHandler.js
FN:3,(anonymous_0)
FN:24,(anonymous_1)
FNF:2
FNH:2
FNDA:6,(anonymous_0)
FNDA:1,(anonymous_1)
DA:1,1
DA:3,1
DA:4,6
DA:6,6
DA:7,1
DA:9,5
DA:10,1
DA:12,4
DA:13,1
DA:15,3
DA:16,1
DA:19,2
DA:20,2
DA:21,2
DA:24,1
DA:25,1
DA:28,1
LF:17
LH:17
BRDA:6,0,0,1
BRDA:6,0,1,5
BRDA:9,1,0,1
BRDA:9,1,1,4
BRDA:12,2,0,1
BRDA:12,2,1,3
BRDA:15,3,0,1
BRDA:15,3,1,2
BRDA:19,4,0,2
BRDA:19,4,1,1
BRDA:20,5,0,0
BRDA:20,5,1,2
BRF:12
BRH:11
end_of_record
TN:
SF:src\middleware\security.js
FN:8,(anonymous_0)
FN:23,(anonymous_1)
FN:23,(anonymous_2)
FN:38,(anonymous_3)
FNF:4
FNH:1
FNDA:22,(anonymous_0)
FNDA:0,(anonymous_1)
FNDA:0,(anonymous_2)
FNDA:0,(anonymous_3)
DA:1,1
DA:2,1
DA:3,1
DA:4,1
DA:6,1
DA:8,22
DA:16,1
DA:23,1
DA:24,0
DA:25,0
DA:26,0
DA:27,0
DA:31,0
DA:33,0
DA:38,1
DA:39,0
DA:41,0
DA:48,0
DA:49,0
DA:50,0
DA:52,0
DA:53,0
DA:54,0
DA:56,0
DA:57,0
DA:58,0
DA:62,1
LF:27
LH:10
BRDA:8,0,0,0
BRDA:26,1,0,0
BRDA:26,1,1,0
BRDA:26,2,0,0
BRDA:26,2,1,0
BRDA:39,3,0,0
BRDA:39,3,1,0
BRDA:48,4,0,0
BRDA:48,4,1,0
BRDA:52,5,0,0
BRDA:52,5,1,0
BRDA:56,6,0,0
BRDA:56,6,1,0
BRF:13
BRH:0
end_of_record
TN:
SF:src\middleware\validation.js
FN:3,(anonymous_0)
FNF:1
FNH:1
FNDA:1,(anonymous_0)
DA:1,2
DA:3,2
DA:4,1
DA:5,1
DA:6,0
DA:8,1
DA:11,2
LF:7
LH:6
BRDA:5,0,0,0
BRDA:5,0,1,1
BRF:2
BRH:1
end_of_record
TN:
SF:src\routes\auth.js
FNF:0
FNH:0
DA:1,1
DA:2,1
DA:3,1
DA:4,1
DA:5,1
DA:7,1
DA:32,1
DA:65,1
DA:91,1
DA:105,1
DA:119,1
DA:150,1
DA:179,1
DA:207,1
DA:217,1
LF:15
LH:15
BRF:0
BRH:0
end_of_record
TN:
SF:src\routes\employees.js
FN:22,(anonymous_0)
FN:33,(anonymous_1)
FN:62,(anonymous_2)
FN:90,(anonymous_3)
FN:138,(anonymous_4)
FNF:5
FNH:0
FNDA:0,(anonymous_0)
FNDA:0,(anonymous_1)
FNDA:0,(anonymous_2)
FNDA:0,(anonymous_3)
FNDA:0,(anonymous_4)
DA:1,1
DA:2,1
DA:3,1
DA:4,1
DA:5,1
DA:6,1
DA:7,1
DA:8,1
DA:10,1
DA:11,1
DA:22,1
DA:23,0
DA:24,0
DA:27,0
DA:29,0
DA:33,1
DA:34,0
DA:35,0
DA:39,0
DA:40,0
DA:42,0
DA:55,1
DA:63,0
DA:64,0
DA:65,0
DA:66,0
DA:68,0
DA:69,0
DA:70,0
DA:74,0
DA:76,0
DA:81,1
DA:91,0
DA:92,0
DA:94,0
DA:95,0
DA:99,0
DA:102,0
DA:104,0
DA:105,0
DA:106,0
DA:118,0
DA:130,0
DA:131,0
DA:133,0
DA:138,1
DA:139,0
DA:140,0
DA:141,0
DA:143,0
DA:144,0
DA:146,0
DA:150,1
LF:53
LH:16
BRDA:39,0,0,0
BRDA:39,0,1,0
BRDA:66,1,0,0
BRDA:66,1,1,0
BRDA:94,2,0,0
BRDA:94,2,1,0
BRDA:99,3,0,0
BRDA:99,3,1,0
BRDA:102,4,0,0
BRDA:102,4,1,0
BRDA:104,5,0,0
BRDA:104,5,1,0
BRDA:130,6,0,0
BRDA:130,6,1,0
BRDA:140,7,0,0
BRDA:140,7,1,0
BRF:16
BRH:0
end_of_record
TN:
SF:src\routes\groups.js
FNF:0
FNH:0
DA:1,1
DA:2,1
DA:3,1
DA:4,1
DA:5,1
DA:6,1
DA:8,1
DA:9,1
DA:20,1
DA:22,1
DA:30,1
DA:38,1
DA:40,1
DA:48,1
DA:55,1
LF:15
LH:15
BRF:0
BRH:0
end_of_record
TN:
SF:src\routes\notifications.js
FN:9,normalizeNotif
FN:30,(anonymous_1)
FN:40,(anonymous_2)
FN:50,(anonymous_3)
FN:57,(anonymous_4)
FN:65,(anonymous_5)
FN:70,(anonymous_6)
FN:87,(anonymous_7)
FNF:8
FNH:0
FNDA:0,normalizeNotif
FNDA:0,(anonymous_1)
FNDA:0,(anonymous_2)
FNDA:0,(anonymous_3)
FNDA:0,(anonymous_4)
FNDA:0,(anonymous_5)
FNDA:0,(anonymous_6)
FNDA:0,(anonymous_7)
DA:1,1
DA:2,1
DA:3,1
DA:4,1
DA:6,1
DA:7,1
DA:10,0
DA:30,1
DA:31,0
DA:32,0
DA:36,0
DA:37,0
DA:40,1
DA:41,0
DA:42,0
DA:46,0
DA:47,0
DA:50,1
DA:51,0
DA:52,0
DA:53,0
DA:54,0
DA:57,1
DA:58,0
DA:59,0
DA:60,0
DA:61,0
DA:65,1
DA:66,0
DA:70,1
DA:71,0
DA:72,0
DA:73,0
DA:74,0
DA:76,0
DA:82,0
DA:83,0
DA:87,1
DA:88,0
DA:89,0
DA:90,0
DA:91,0
DA:96,0
DA:98,0
DA:99,0
DA:102,1
LF:46
LH:14
BRDA:14,0,0,0
BRDA:14,0,1,0
BRDA:16,1,0,0
BRDA:16,1,1,0
BRDA:66,2,0,0
BRDA:66,2,1,0
BRDA:73,3,0,0
BRDA:73,3,1,0
BRDA:73,4,0,0
BRDA:73,4,1,0
BRDA:73,4,2,0
BRDA:90,5,0,0
BRDA:90,5,1,0
BRF:13
BRH:0
end_of_record
TN:
SF:src\routes\stats.js
FNF:0
FNH:0
DA:1,1
DA:2,1
DA:3,1
DA:5,1
DA:6,1
DA:17,1
DA:34,1
DA:36,1
LF:8
LH:8
BRF:0
BRH:0
end_of_record
TN:
SF:src\routes\tags.js
FN:20,(anonymous_0)
FN:31,(anonymous_1)
FN:47,(anonymous_2)
FN:60,(anonymous_3)
FNF:4
FNH:0
FNDA:0,(anonymous_0)
FNDA:0,(anonymous_1)
FNDA:0,(anonymous_2)
FNDA:0,(anonymous_3)
DA:1,1
DA:2,1
DA:3,1
DA:4,1
DA:5,1
DA:6,1
DA:8,1
DA:9,1
DA:20,1
DA:21,0
DA:22,0
DA:23,0
DA:24,0
DA:27,1
DA:32,0
DA:33,0
DA:34,0
DA:38,0
DA:39,0
DA:43,1
DA:48,0
DA:49,0
DA:50,0
DA:54,0
DA:55,0
DA:56,0
DA:60,1
DA:61,0
DA:62,0
DA:63,0
DA:64,0
DA:67,1
LF:32
LH:13
BRDA:33,0,0,0
BRDA:54,1,0,0
BRDA:54,1,1,0
BRF:3
BRH:0
end_of_record
TN:
SF:src\routes\tasks.js
FN:107,(anonymous_0)
FN:110,(anonymous_1)
FNF:2
FNH:0
FNDA:0,(anonymous_0)
FNDA:0,(anonymous_1)
DA:1,1
DA:2,1
DA:8,1
DA:9,1
DA:10,1
DA:11,1
DA:13,1
DA:15,1
DA:37,1
DA:54,1
DA:55,1
DA:73,1
DA:84,1
DA:104,1
DA:108,0
DA:109,0
DA:110,0
DA:111,0
DA:128,1
DA:147,1
DA:150,1
DA:151,1
DA:152,1
DA:155,1
DA:156,1
DA:157,1
DA:159,1
LF:27
LH:23
BRDA:109,0,0,0
BRDA:109,0,1,0
BRDA:109,1,0,0
BRDA:109,1,1,0
BRDA:110,2,0,0
BRDA:110,2,1,0
BRF:6
BRH:0
end_of_record
TN:
SF:src\services\emailService.js
FN:5,sendEmail
FN:35,(anonymous_1)
FN:43,(anonymous_2)
FN:50,(anonymous_3)
FN:57,(anonymous_4)
FNF:5
FNH:5
FNDA:4,sendEmail
FNDA:1,(anonymous_1)
FNDA:1,(anonymous_2)
FNDA:1,(anonymous_3)
FNDA:1,(anonymous_4)
DA:1,1
DA:2,1
DA:6,4
DA:7,4
DA:8,4
DA:10,0
DA:11,0
DA:27,0
DA:28,0
DA:30,0
DA:34,1
DA:36,1
DA:44,1
DA:51,1
DA:58,1
DA:65,1
LF:16
LH:11
BRDA:6,0,0,4
BRDA:6,0,1,0
BRDA:22,1,0,0
BRDA:22,1,1,0
BRDA:23,2,0,0
BRDA:23,2,1,0
BRDA:27,3,0,0
BRDA:27,3,1,0
BRF:8
BRH:1
end_of_record
TN:
SF:src\socket\events.js
FN:4,(anonymous_0)
FN:6,(anonymous_1)
FN:20,(anonymous_2)
FN:28,(anonymous_3)
FN:29,(anonymous_4)
FN:30,(anonymous_5)
FN:31,(anonymous_6)
FN:33,(anonymous_7)
FN:42,(anonymous_8)
FNF:9
FNH:9
FNDA:5,(anonymous_0)
FNDA:3,(anonymous_1)
FNDA:1,(anonymous_2)
FNDA:1,(anonymous_3)
FNDA:1,(anonymous_4)
FNDA:1,(anonymous_5)
FNDA:1,(anonymous_6)
FNDA:1,(anonymous_7)
FNDA:1,(anonymous_8)
DA:1,1
DA:2,1
DA:4,1
DA:6,5
DA:7,3
DA:8,3
DA:9,2
DA:10,2
DA:11,1
DA:12,1
DA:14,1
DA:18,5
DA:20,5
DA:21,1
DA:22,1
DA:24,1
DA:25,1
DA:26,1
DA:28,1
DA:29,1
DA:30,1
DA:31,1
DA:33,1
DA:34,1
DA:35,1
DA:36,1
DA:38,0
DA:42,1
DA:43,1
DA:44,1
DA:45,1
DA:49,5
DA:52,1
LF:33
LH:32
BRDA:8,0,0,1
BRDA:8,0,1,2
BRF:2
BRH:2
end_of_record
TN:
SF:src\utils\auditLog.js
FN:5,(anonymous_0)
FNF:1
FNH:1
FNDA:8,(anonymous_0)
DA:1,2
DA:2,2
DA:3,2
DA:5,2
DA:6,8
DA:7,8
DA:12,0
DA:16,2
LF:8
LH:7
BRDA:5,0,0,0
BRF:1
BRH:0
end_of_record
TN:
SF:src\utils\email.js
FN:7,getTransporter
FN:20,(anonymous_1)
FNF:2
FNH:0
FNDA:0,getTransporter
FNDA:0,(anonymous_1)
DA:1,0
DA:2,0
DA:3,0
DA:5,0
DA:8,0
DA:9,0
DA:10,0
DA:17,0
DA:20,0
DA:21,0
DA:22,0
DA:23,0
DA:24,0
DA:25,0
DA:27,0
DA:37,0
DA:40,0
LF:17
LH:0
BRDA:8,0,0,0
BRDA:8,0,1,0
BRDA:9,1,0,0
BRDA:9,1,1,0
BRDA:14,2,0,0
BRDA:14,2,1,0
BRDA:23,3,0,0
BRDA:23,3,1,0
BRF:8
BRH:0
end_of_record
TN:
SF:src\utils\jwt.js
FN:4,(anonymous_0)
FN:7,(anonymous_1)
FN:10,(anonymous_2)
FN:13,(anonymous_3)
FNF:4
FNH:4
FNDA:4,(anonymous_0)
FNDA:2,(anonymous_1)
FNDA:3,(anonymous_2)
FNDA:2,(anonymous_3)
DA:1,4
DA:2,4
DA:4,4
DA:5,4
DA:7,4
DA:8,2
DA:10,4
DA:11,3
DA:13,4
DA:14,2
DA:16,4
LF:11
LH:11
BRF:0
BRH:0
end_of_record
TN:
SF:src\utils\logger.js
FNF:0
FNH:0
DA:1,0
DA:3,0
DA:10,0
LF:3
LH:0
BRDA:4,0,0,0
BRDA:4,0,1,0
BRDA:4,1,0,0
BRDA:4,1,1,0
BRDA:5,2,0,0
BRDA:5,2,1,0
BRF:6
BRH:0
end_of_record
