TN:
SF:src/config/database.js
FN:16,(anonymous_0)
FN:22,(anonymous_1)
FN:23,(anonymous_2)
FNF:3
FNH:0
FNDA:0,(anonymous_0)
FNDA:0,(anonymous_1)
FNDA:0,(anonymous_2)
DA:1,6
DA:2,6
DA:4,6
DA:14,6
DA:16,6
DA:17,0
DA:18,0
DA:21,6
DA:22,0
DA:23,0
DA:27,6
LF:11
LH:7
BRDA:4,0,0,0
BRDA:4,0,1,6
BRDA:5,1,0,0
BRDA:5,1,1,0
BRDA:9,2,0,5
BRDA:9,2,1,1
BRF:6
BRH:3
end_of_record
TN:
SF:src/config/env.js
FNF:0
FNH:0
DA:1,9
DA:3,9
LF:2
LH:2
BRDA:4,0,0,9
BRDA:4,0,1,0
BRDA:5,1,0,9
BRDA:5,1,1,0
BRDA:6,2,0,9
BRDA:6,2,1,0
BRDA:8,3,0,9
BRDA:8,3,1,9
BRDA:9,4,0,9
BRDA:9,4,1,0
BRDA:10,5,0,9
BRDA:10,5,1,0
BRDA:11,6,0,9
BRDA:11,6,1,0
BRDA:12,7,0,9
BRDA:12,7,1,0
BRDA:13,8,0,9
BRDA:13,8,1,0
BRDA:14,9,0,9
BRDA:14,9,1,0
BRDA:16,10,0,9
BRDA:16,10,1,0
BRDA:17,11,0,9
BRDA:17,11,1,0
BRDA:18,12,0,9
BRDA:18,12,1,0
BRDA:19,13,0,9
BRDA:19,13,1,0
BRDA:21,14,0,9
BRDA:21,14,1,9
BRDA:22,15,0,9
BRDA:22,15,1,0
BRDA:23,16,0,9
BRDA:23,16,1,9
BRDA:25,17,0,9
BRDA:25,17,1,0
BRDA:26,18,0,9
BRDA:26,18,1,0
BRDA:28,19,0,9
BRDA:28,19,1,9
BRDA:29,20,0,9
BRDA:29,20,1,9
BRF:42
BRH:26
end_of_record
TN:
SF:src/controllers/authController.js
FN:10,(anonymous_0)
FN:12,(anonymous_1)
FN:47,(anonymous_2)
FN:81,(anonymous_3)
FN:118,(anonymous_4)
FN:137,(anonymous_5)
FN:150,(anonymous_6)
FN:196,(anonymous_7)
FN:227,(anonymous_8)
FNF:9
FNH:9
FNDA:3,(anonymous_0)
FNDA:3,(anonymous_1)
FNDA:4,(anonymous_2)
FNDA:4,(anonymous_3)
FNDA:3,(anonymous_4)
FNDA:2,(anonymous_5)
FNDA:6,(anonymous_6)
FNDA:3,(anonymous_7)
FNDA:2,(anonymous_8)
DA:1,2
DA:2,2
DA:3,2
DA:4,2
DA:5,2
DA:6,2
DA:7,2
DA:8,2
DA:10,3
DA:12,2
DA:13,3
DA:14,3
DA:16,3
DA:17,2
DA:18,1
DA:21,1
DA:22,1
DA:24,1
DA:30,1
DA:32,1
DA:33,1
DA:35,1
DA:40,1
DA:41,1
DA:43,1
DA:47,2
DA:48,4
DA:49,4
DA:51,4
DA:55,3
DA:56,3
DA:57,1
DA:60,2
DA:61,2
DA:62,1
DA:65,1
DA:66,1
DA:68,1
DA:73,1
DA:74,1
DA:75,1
DA:77,1
DA:81,2
DA:82,4
DA:83,4
DA:84,4
DA:86,3
DA:90,3
DA:91,1
DA:94,2
DA:95,2
DA:99,2
DA:100,2
DA:102,1
DA:104,1
DA:105,1
DA:107,1
DA:112,1
DA:114,0
DA:118,2
DA:119,3
DA:120,3
DA:122,3
DA:126,2
DA:127,1
DA:130,2
DA:131,2
DA:133,1
DA:137,2
DA:138,2
DA:139,2
DA:143,2
DA:144,1
DA:146,0
DA:150,2
DA:151,6
DA:152,6
DA:153,6
DA:155,6
DA:156,6
DA:157,6
DA:159,5
DA:160,1
DA:161,1
DA:162,1
DA:167,4
DA:168,3
DA:169,1
DA:171,2
DA:172,2
DA:173,1
DA:175,1
DA:178,2
DA:189,2
DA:190,2
DA:192,0
DA:196,2
DA:197,3
DA:198,3
DA:200,3
DA:201,2
DA:205,2
DA:206,1
DA:207,1
DA:209,1
DA:214,1
DA:215,1
DA:218,1
DA:221,2
DA:223,1
DA:227,2
DA:228,2
DA:229,2
DA:230,2
DA:232,2
DA:236,2
DA:237,2
DA:238,1
DA:241,1
DA:243,1
DA:244,1
DA:245,1
DA:247,1
DA:248,1
DA:250,0
DA:254,2
LF:126
LH:122
BRDA:17,0,0,1
BRDA:17,0,1,1
BRDA:56,1,0,1
BRDA:56,1,1,2
BRDA:61,2,0,1
BRDA:61,2,1,1
BRDA:84,3,0,1
BRDA:84,3,1,3
BRDA:90,4,0,1
BRDA:90,4,1,2
BRDA:100,5,0,1
BRDA:100,5,1,1
BRDA:126,6,0,1
BRDA:126,6,1,1
BRDA:143,7,0,1
BRDA:143,7,1,1
BRDA:157,8,0,1
BRDA:157,8,1,5
BRDA:159,9,0,1
BRDA:159,9,1,4
BRDA:159,10,0,5
BRDA:159,10,1,1
BRDA:161,11,0,1
BRDA:161,11,1,0
BRDA:167,12,0,3
BRDA:167,12,1,1
BRDA:168,13,0,1
BRDA:168,13,1,2
BRDA:172,14,0,1
BRDA:172,14,1,1
BRDA:186,15,0,2
BRDA:186,15,1,1
BRDA:186,16,0,2
BRDA:186,16,1,2
BRDA:186,17,0,2
BRDA:186,17,1,1
BRDA:205,18,0,1
BRDA:205,18,1,1
BRDA:218,19,0,0
BRDA:218,19,1,1
BRDA:221,20,0,0
BRDA:221,20,1,2
BRDA:237,21,0,1
BRDA:237,21,1,1
BRF:44
BRH:41
end_of_record
TN:
SF:src/controllers/groupController.js
FN:4,(anonymous_0)
FN:21,(anonymous_1)
FN:34,(anonymous_2)
FN:34,(anonymous_3)
FN:46,(anonymous_4)
FN:69,(anonymous_5)
FN:80,(anonymous_6)
FN:94,(anonymous_7)
FNF:8
FNH:8
FNDA:2,(anonymous_0)
FNDA:3,(anonymous_1)
FNDA:1,(anonymous_2)
FNDA:1,(anonymous_3)
FNDA:3,(anonymous_4)
FNDA:2,(anonymous_5)
FNDA:2,(anonymous_6)
FNDA:2,(anonymous_7)
DA:1,2
DA:2,2
DA:4,2
DA:5,2
DA:6,2
DA:15,1
DA:17,1
DA:21,2
DA:22,3
DA:23,3
DA:24,3
DA:26,3
DA:30,2
DA:32,2
DA:33,2
DA:34,1
DA:35,1
DA:39,2
DA:40,2
DA:42,1
DA:46,2
DA:47,3
DA:48,3
DA:49,3
DA:51,3
DA:60,2
DA:62,1
DA:63,1
DA:65,1
DA:69,2
DA:70,2
DA:71,2
DA:72,2
DA:73,1
DA:74,1
DA:76,1
DA:80,2
DA:81,2
DA:82,2
DA:83,2
DA:84,2
DA:88,1
DA:90,1
DA:94,2
DA:95,2
DA:96,2
DA:97,2
DA:98,1
DA:100,1
DA:104,2
LF:50
LH:50
BRDA:23,0,0,2
BRDA:28,1,0,3
BRDA:28,1,1,2
BRDA:28,2,0,3
BRDA:28,2,1,3
BRDA:60,3,0,1
BRDA:60,3,1,1
BRF:7
BRH:7
end_of_record
TN:
SF:src/controllers/statsController.js
FN:3,(anonymous_0)
FN:45,(anonymous_1)
FNF:2
FNH:2
FNDA:2,(anonymous_0)
FNDA:3,(anonymous_1)
DA:1,2
DA:3,2
DA:4,2
DA:5,2
DA:34,1
DA:41,1
DA:45,2
DA:46,3
DA:47,3
DA:48,3
DA:49,3
DA:50,3
DA:51,3
DA:53,3
DA:54,3
DA:55,3
DA:57,3
DA:67,2
DA:69,1
DA:73,2
LF:20
LH:20
BRDA:47,0,0,2
BRDA:47,1,0,2
BRDA:53,2,0,1
BRDA:53,2,1,2
BRDA:54,3,0,1
BRDA:54,3,1,2
BRDA:55,4,0,1
BRDA:55,4,1,2
BRF:8
BRH:8
end_of_record
TN:
SF:src/controllers/taskController.js
FN:5,(anonymous_0)
FN:16,(anonymous_1)
FN:22,(anonymous_2)
FN:85,(anonymous_3)
FN:90,(anonymous_4)
FN:100,(anonymous_5)
FN:114,(anonymous_6)
FN:146,(anonymous_7)
FN:172,(anonymous_8)
FN:205,(anonymous_9)
FN:210,(anonymous_10)
FN:229,(anonymous_11)
FN:246,(anonymous_12)
FN:262,(anonymous_13)
FN:283,normalizeTask
FN:295,(anonymous_15)
FN:301,(anonymous_16)
FN:317,(anonymous_17)
FN:338,(anonymous_18)
FN:366,(anonymous_19)
FN:385,(anonymous_20)
FN:411,(anonymous_21)
FN:415,(anonymous_22)
FN:419,(anonymous_23)
FN:434,(anonymous_24)
FN:454,(anonymous_25)
FNF:26
FNH:24
FNDA:8,(anonymous_0)
FNDA:13,(anonymous_1)
FNDA:3,(anonymous_2)
FNDA:14,(anonymous_3)
FNDA:3,(anonymous_4)
FNDA:4,(anonymous_5)
FNDA:1,(anonymous_6)
FNDA:6,(anonymous_7)
FNDA:1,(anonymous_8)
FNDA:1,(anonymous_9)
FNDA:1,(anonymous_10)
FNDA:3,(anonymous_11)
FNDA:2,(anonymous_12)
FNDA:3,(anonymous_13)
FNDA:15,normalizeTask
FNDA:0,(anonymous_15)
FNDA:0,(anonymous_16)
FNDA:4,(anonymous_17)
FNDA:3,(anonymous_18)
FNDA:2,(anonymous_19)
FNDA:4,(anonymous_20)
FNDA:1,(anonymous_21)
FNDA:2,(anonymous_22)
FNDA:2,(anonymous_23)
FNDA:3,(anonymous_24)
FNDA:3,(anonymous_25)
DA:1,2
DA:2,2
DA:3,2
DA:5,2
DA:6,8
DA:7,8
DA:12,0
DA:16,2
DA:17,13
DA:18,0
DA:19,0
DA:22,2
DA:23,3
DA:24,3
DA:25,3
DA:26,3
DA:27,3
DA:28,3
DA:30,3
DA:31,3
DA:32,3
DA:33,3
DA:34,3
DA:35,1
DA:36,1
DA:39,3
DA:53,3
DA:55,3
DA:56,3
DA:61,2
DA:68,1
DA:72,2
DA:85,2
DA:86,14
DA:87,13
DA:90,2
DA:91,3
DA:92,3
DA:93,2
DA:94,1
DA:96,1
DA:100,2
DA:101,4
DA:102,4
DA:103,4
DA:105,4
DA:111,3
DA:113,3
DA:114,1
DA:115,1
DA:119,3
DA:121,3
DA:122,1
DA:123,1
DA:124,1
DA:125,1
DA:126,1
DA:127,1
DA:131,1
DA:137,3
DA:138,3
DA:139,3
DA:140,3
DA:142,1
DA:146,2
DA:147,6
DA:148,6
DA:149,6
DA:150,5
DA:152,4
DA:153,4
DA:155,4
DA:168,4
DA:170,4
DA:171,1
DA:172,1
DA:173,1
DA:177,4
DA:178,4
DA:179,4
DA:180,4
DA:181,4
DA:182,1
DA:183,1
DA:184,1
DA:185,1
DA:186,1
DA:187,1
DA:188,1
DA:189,1
DA:193,1
DA:200,4
DA:201,1
DA:202,1
DA:203,1
DA:204,1
DA:205,1
DA:206,1
DA:207,1
DA:208,1
DA:211,1
DA:219,4
DA:221,4
DA:222,4
DA:223,4
DA:225,1
DA:229,2
DA:230,3
DA:231,3
DA:232,3
DA:233,2
DA:235,1
DA:236,1
DA:238,1
DA:239,1
DA:240,1
DA:242,1
DA:246,2
DA:247,2
DA:248,2
DA:256,1
DA:258,1
DA:262,2
DA:263,3
DA:264,3
DA:265,3
DA:267,2
DA:268,2
DA:277,1
DA:279,1
DA:284,15
DA:295,0
DA:301,0
DA:317,2
DA:318,4
DA:319,4
DA:320,4
DA:321,4
DA:323,3
DA:324,3
DA:329,2
DA:330,2
DA:331,1
DA:332,1
DA:334,1
DA:338,2
DA:339,3
DA:340,3
DA:341,3
DA:343,3
DA:344,3
DA:345,3
DA:346,3
DA:347,3
DA:348,3
DA:350,2
DA:351,2
DA:352,2
DA:356,2
DA:358,1
DA:359,1
DA:360,1
DA:362,0
DA:366,2
DA:367,2
DA:368,2
DA:369,2
DA:373,2
DA:375,1
DA:376,1
DA:377,1
DA:379,0
DA:385,2
DA:386,4
DA:387,4
DA:388,4
DA:389,4
DA:391,3
DA:392,2
DA:393,1
DA:395,1
DA:396,1
DA:402,1
DA:403,1
DA:404,1
DA:405,1
DA:407,1
DA:411,1
DA:412,1
DA:414,1
DA:415,1
DA:416,2
DA:420,2
DA:426,1
DA:427,1
DA:428,1
DA:430,1
DA:434,2
DA:435,3
DA:436,3
DA:437,3
DA:438,3
DA:440,2
DA:444,2
DA:446,1
DA:447,1
DA:448,1
DA:450,0
DA:454,2
DA:455,3
DA:456,3
DA:457,3
DA:461,2
DA:463,1
DA:464,1
DA:465,1
DA:467,1
DA:471,2
LF:218
LH:210
BRDA:5,0,0,0
BRDA:17,1,0,13
BRDA:17,1,1,0
BRDA:19,2,0,0
BRDA:19,2,1,0
BRDA:24,3,0,3
BRDA:24,4,0,3
BRDA:30,5,0,1
BRDA:30,5,1,2
BRDA:31,6,0,1
BRDA:31,6,1,2
BRDA:32,7,0,1
BRDA:32,7,1,2
BRDA:33,8,0,1
BRDA:33,8,1,2
BRDA:34,9,0,1
BRDA:34,9,1,2
BRDA:87,10,0,11
BRDA:87,10,1,2
BRDA:93,11,0,1
BRDA:93,11,1,1
BRDA:102,12,0,3
BRDA:102,13,0,3
BRDA:109,14,0,4
BRDA:109,14,1,4
BRDA:109,15,0,4
BRDA:109,15,1,4
BRDA:109,16,0,4
BRDA:109,16,1,3
BRDA:109,17,0,4
BRDA:109,17,1,4
BRDA:113,18,0,1
BRDA:113,18,1,2
BRDA:121,19,0,1
BRDA:121,19,1,2
BRDA:121,20,0,3
BRDA:121,20,1,1
BRDA:123,21,0,1
BRDA:123,21,1,0
BRDA:150,22,0,1
BRDA:150,22,1,4
BRDA:166,23,0,4
BRDA:166,23,1,3
BRDA:166,24,0,4
BRDA:166,24,1,4
BRDA:166,25,0,4
BRDA:166,25,1,4
BRDA:170,26,0,1
BRDA:170,26,1,3
BRDA:178,27,0,0
BRDA:178,27,1,4
BRDA:178,28,0,4
BRDA:178,28,1,0
BRDA:179,29,0,2
BRDA:179,29,1,2
BRDA:179,30,0,4
BRDA:179,30,1,2
BRDA:180,31,0,0
BRDA:180,31,1,4
BRDA:180,32,0,4
BRDA:180,32,1,0
BRDA:181,33,0,1
BRDA:181,33,1,3
BRDA:181,34,0,4
BRDA:181,34,1,1
BRDA:183,35,0,1
BRDA:183,35,1,0
BRDA:183,36,0,1
BRDA:183,36,1,1
BRDA:185,37,0,1
BRDA:185,37,1,1
BRDA:200,38,0,1
BRDA:200,38,1,3
BRDA:200,39,0,4
BRDA:200,39,1,1
BRDA:202,40,0,1
BRDA:202,40,1,1
BRDA:233,41,0,1
BRDA:233,41,1,1
BRDA:264,42,0,3
BRDA:265,43,0,1
BRDA:265,43,1,2
BRDA:287,44,0,15
BRDA:287,44,1,0
BRDA:290,45,0,15
BRDA:290,45,1,14
BRDA:291,46,0,15
BRDA:291,46,1,15
BRDA:292,47,0,0
BRDA:292,47,1,15
BRDA:293,48,0,15
BRDA:293,48,1,15
BRDA:294,49,0,15
BRDA:294,49,1,15
BRDA:295,50,0,15
BRDA:295,50,1,0
BRDA:301,51,0,15
BRDA:301,51,1,0
BRDA:309,52,0,15
BRDA:309,52,1,0
BRDA:321,53,0,1
BRDA:321,53,1,3
BRDA:321,54,0,4
BRDA:321,54,1,3
BRDA:330,55,0,1
BRDA:330,55,1,1
BRDA:346,56,0,1
BRDA:346,56,1,2
BRDA:347,57,0,1
BRDA:347,57,1,2
BRDA:348,58,0,1
BRDA:348,58,1,2
BRDA:356,59,0,1
BRDA:356,59,1,1
BRDA:373,60,0,1
BRDA:373,60,1,1
BRDA:389,61,0,1
BRDA:389,61,1,3
BRDA:389,62,0,4
BRDA:389,62,1,3
BRDA:392,63,0,1
BRDA:392,63,1,1
BRDA:403,64,0,1
BRDA:403,64,1,0
BRDA:404,65,0,0
BRDA:404,65,1,1
BRDA:412,66,0,1
BRDA:412,66,1,0
BRDA:412,67,0,1
BRDA:412,67,1,1
BRDA:438,68,0,1
BRDA:438,68,1,2
BRDA:438,69,0,3
BRDA:438,69,1,2
BRDA:444,70,0,1
BRDA:444,70,1,1
BRDA:461,71,0,1
BRDA:461,71,1,1
BRF:138
BRH:120
end_of_record
TN:
SF:src/middleware/auth.js
FN:4,(anonymous_0)
FN:27,(anonymous_1)
FN:27,(anonymous_2)
FN:35,(anonymous_3)
FNF:4
FNH:4
FNDA:5,(anonymous_0)
FNDA:16,(anonymous_1)
FNDA:3,(anonymous_2)
FNDA:3,(anonymous_3)
DA:1,2
DA:2,2
DA:4,2
DA:5,5
DA:6,5
DA:7,2
DA:9,3
DA:10,3
DA:11,3
DA:15,3
DA:16,1
DA:18,2
DA:19,1
DA:20,1
DA:21,1
DA:23,1
DA:27,16
DA:28,3
DA:29,2
DA:30,1
DA:32,1
DA:35,2
DA:36,3
DA:37,2
DA:38,1
DA:40,1
DA:43,2
LF:27
LH:27
BRDA:6,0,0,2
BRDA:6,0,1,3
BRDA:15,1,0,1
BRDA:15,1,1,2
BRDA:28,2,0,1
BRDA:28,2,1,2
BRDA:29,3,0,1
BRDA:29,3,1,1
BRDA:36,4,0,1
BRDA:36,4,1,2
BRDA:37,5,0,1
BRDA:37,5,1,1
BRF:12
BRH:12
end_of_record
TN:
SF:src/middleware/errorHandler.js
FN:3,(anonymous_0)
FN:24,(anonymous_1)
FNF:2
FNH:2
FNDA:6,(anonymous_0)
FNDA:1,(anonymous_1)
DA:1,1
DA:3,1
DA:4,6
DA:6,6
DA:7,1
DA:9,5
DA:10,1
DA:12,4
DA:13,1
DA:15,3
DA:16,1
DA:19,2
DA:20,2
DA:21,2
DA:24,1
DA:25,1
DA:28,1
LF:17
LH:17
BRDA:6,0,0,1
BRDA:6,0,1,5
BRDA:9,1,0,1
BRDA:9,1,1,4
BRDA:12,2,0,1
BRDA:12,2,1,3
BRDA:15,3,0,1
BRDA:15,3,1,2
BRDA:19,4,0,2
BRDA:19,4,1,1
BRDA:20,5,0,0
BRDA:20,5,1,2
BRF:12
BRH:11
end_of_record
TN:
SF:src/middleware/validation.js
FN:3,(anonymous_0)
FNF:1
FNH:1
FNDA:1,(anonymous_0)
DA:1,2
DA:3,2
DA:4,1
DA:5,1
DA:6,0
DA:8,1
DA:11,2
LF:7
LH:6
BRDA:5,0,0,0
BRDA:5,0,1,1
BRF:2
BRH:1
end_of_record
TN:
SF:src/routes/auth.js
FNF:0
FNH:0
DA:1,1
DA:2,1
DA:3,1
DA:4,1
DA:5,1
DA:7,1
DA:32,1
DA:62,1
DA:88,1
DA:102,1
DA:116,1
DA:147,1
DA:176,1
DA:204,1
DA:211,1
LF:15
LH:15
BRF:0
BRH:0
end_of_record
TN:
SF:src/routes/employees.js
FN:21,(anonymous_0)
FN:32,(anonymous_1)
FN:61,(anonymous_2)
FN:87,(anonymous_3)
FN:124,(anonymous_4)
FNF:5
FNH:0
FNDA:0,(anonymous_0)
FNDA:0,(anonymous_1)
FNDA:0,(anonymous_2)
FNDA:0,(anonymous_3)
FNDA:0,(anonymous_4)
DA:1,1
DA:2,1
DA:3,1
DA:4,1
DA:5,1
DA:6,1
DA:7,1
DA:9,1
DA:10,1
DA:21,1
DA:22,0
DA:23,0
DA:26,0
DA:28,0
DA:32,1
DA:33,0
DA:34,0
DA:38,0
DA:39,0
DA:41,0
DA:54,1
DA:62,0
DA:63,0
DA:64,0
DA:65,0
DA:67,0
DA:68,0
DA:69,0
DA:73,0
DA:75,0
DA:80,1
DA:88,0
DA:89,0
DA:92,0
DA:93,0
DA:94,0
DA:105,0
DA:116,0
DA:117,0
DA:119,0
DA:124,1
DA:125,0
DA:126,0
DA:127,0
DA:129,0
DA:130,0
DA:132,0
DA:136,1
LF:48
LH:15
BRDA:38,0,0,0
BRDA:38,0,1,0
BRDA:65,1,0,0
BRDA:65,1,1,0
BRDA:92,2,0,0
BRDA:92,2,1,0
BRDA:102,3,0,0
BRDA:102,3,1,0
BRDA:112,4,0,0
BRDA:112,4,1,0
BRDA:116,5,0,0
BRDA:116,5,1,0
BRDA:126,6,0,0
BRDA:126,6,1,0
BRF:14
BRH:0
end_of_record
TN:
SF:src/routes/groups.js
FNF:0
FNH:0
DA:1,1
DA:2,1
DA:3,1
DA:4,1
DA:5,1
DA:7,1
DA:8,1
DA:19,1
DA:21,1
DA:29,1
DA:36,1
DA:38,1
DA:45,1
DA:47,1
LF:14
LH:14
BRF:0
BRH:0
end_of_record
TN:
SF:src/routes/notifications.js
FN:8,normalizeNotif
FN:29,(anonymous_1)
FN:39,(anonymous_2)
FN:49,(anonymous_3)
FN:56,(anonymous_4)
FNF:5
FNH:0
FNDA:0,normalizeNotif
FNDA:0,(anonymous_1)
FNDA:0,(anonymous_2)
FNDA:0,(anonymous_3)
FNDA:0,(anonymous_4)
DA:1,1
DA:2,1
DA:3,1
DA:5,1
DA:6,1
DA:9,0
DA:29,1
DA:30,0
DA:31,0
DA:35,0
DA:36,0
DA:39,1
DA:40,0
DA:41,0
DA:45,0
DA:46,0
DA:49,1
DA:50,0
DA:51,0
DA:52,0
DA:53,0
DA:56,1
DA:57,0
DA:58,0
DA:59,0
DA:60,0
DA:63,1
LF:27
LH:10
BRDA:13,0,0,0
BRDA:13,0,1,0
BRDA:15,1,0,0
BRDA:15,1,1,0
BRF:4
BRH:0
end_of_record
TN:
SF:src/routes/stats.js
FNF:0
FNH:0
DA:1,1
DA:2,1
DA:3,1
DA:5,1
DA:6,1
DA:17,1
DA:34,1
DA:36,1
LF:8
LH:8
BRF:0
BRH:0
end_of_record
TN:
SF:src/routes/tags.js
FN:20,(anonymous_0)
FN:32,(anonymous_1)
FN:48,(anonymous_2)
FN:61,(anonymous_3)
FNF:4
FNH:0
FNDA:0,(anonymous_0)
FNDA:0,(anonymous_1)
FNDA:0,(anonymous_2)
FNDA:0,(anonymous_3)
DA:1,1
DA:2,1
DA:3,1
DA:4,1
DA:5,1
DA:6,1
DA:8,1
DA:9,1
DA:20,1
DA:21,0
DA:22,0
DA:23,0
DA:24,0
DA:27,1
DA:33,0
DA:34,0
DA:35,0
DA:39,0
DA:40,0
DA:44,1
DA:49,0
DA:50,0
DA:51,0
DA:55,0
DA:56,0
DA:57,0
DA:61,1
DA:62,0
DA:63,0
DA:64,0
DA:65,0
DA:68,1
LF:32
LH:13
BRDA:34,0,0,0
BRDA:55,1,0,0
BRDA:55,1,1,0
BRF:3
BRH:0
end_of_record
TN:
SF:src/routes/tasks.js
FNF:0
FNH:0
DA:1,1
DA:2,1
DA:7,1
DA:8,1
DA:9,1
DA:11,1
DA:13,1
DA:35,1
DA:52,1
DA:70,1
DA:81,1
DA:101,1
DA:120,1
DA:138,1
DA:141,1
DA:142,1
DA:143,1
DA:146,1
DA:147,1
DA:148,1
DA:150,1
LF:21
LH:21
BRF:0
BRH:0
end_of_record
TN:
SF:src/services/emailService.js
FN:5,sendEmail
FN:35,(anonymous_1)
FN:43,(anonymous_2)
FN:50,(anonymous_3)
FN:57,(anonymous_4)
FNF:5
FNH:5
FNDA:4,sendEmail
FNDA:1,(anonymous_1)
FNDA:1,(anonymous_2)
FNDA:1,(anonymous_3)
FNDA:1,(anonymous_4)
DA:1,1
DA:2,1
DA:6,4
DA:7,4
DA:8,4
DA:10,0
DA:11,0
DA:27,0
DA:28,0
DA:30,0
DA:34,1
DA:36,1
DA:44,1
DA:51,1
DA:58,1
DA:65,1
LF:16
LH:11
BRDA:6,0,0,4
BRDA:6,0,1,0
BRDA:22,1,0,0
BRDA:22,1,1,0
BRDA:23,2,0,0
BRDA:23,2,1,0
BRDA:27,3,0,0
BRDA:27,3,1,0
BRF:8
BRH:1
end_of_record
TN:
SF:src/socket/events.js
FN:4,(anonymous_0)
FN:6,(anonymous_1)
FN:20,(anonymous_2)
FN:28,(anonymous_3)
FN:29,(anonymous_4)
FN:30,(anonymous_5)
FN:31,(anonymous_6)
FN:33,(anonymous_7)
FN:42,(anonymous_8)
FNF:9
FNH:9
FNDA:5,(anonymous_0)
FNDA:3,(anonymous_1)
FNDA:1,(anonymous_2)
FNDA:1,(anonymous_3)
FNDA:1,(anonymous_4)
FNDA:1,(anonymous_5)
FNDA:1,(anonymous_6)
FNDA:1,(anonymous_7)
FNDA:1,(anonymous_8)
DA:1,1
DA:2,1
DA:4,1
DA:6,5
DA:7,3
DA:8,3
DA:9,2
DA:10,2
DA:11,1
DA:12,1
DA:14,1
DA:18,5
DA:20,5
DA:21,1
DA:22,1
DA:24,1
DA:25,1
DA:26,1
DA:28,1
DA:29,1
DA:30,1
DA:31,1
DA:33,1
DA:34,1
DA:35,1
DA:36,1
DA:38,0
DA:42,1
DA:43,1
DA:44,1
DA:45,1
DA:49,5
DA:52,1
LF:33
LH:32
BRDA:8,0,0,1
BRDA:8,0,1,2
BRF:2
BRH:2
end_of_record
TN:
SF:src/utils/email.js
FN:7,getTransporter
FN:20,(anonymous_1)
FNF:2
FNH:0
FNDA:0,getTransporter
FNDA:0,(anonymous_1)
DA:1,0
DA:2,0
DA:3,0
DA:5,0
DA:8,0
DA:9,0
DA:10,0
DA:17,0
DA:20,0
DA:21,0
DA:22,0
DA:23,0
DA:24,0
DA:25,0
DA:27,0
DA:37,0
DA:40,0
LF:17
LH:0
BRDA:8,0,0,0
BRDA:8,0,1,0
BRDA:9,1,0,0
BRDA:9,1,1,0
BRDA:14,2,0,0
BRDA:14,2,1,0
BRDA:23,3,0,0
BRDA:23,3,1,0
BRF:8
BRH:0
end_of_record
TN:
SF:src/utils/jwt.js
FN:4,(anonymous_0)
FN:7,(anonymous_1)
FN:10,(anonymous_2)
FN:13,(anonymous_3)
FNF:4
FNH:4
FNDA:4,(anonymous_0)
FNDA:2,(anonymous_1)
FNDA:3,(anonymous_2)
FNDA:2,(anonymous_3)
DA:1,4
DA:2,4
DA:4,4
DA:5,4
DA:7,4
DA:8,2
DA:10,4
DA:11,3
DA:13,4
DA:14,2
DA:16,4
LF:11
LH:11
BRF:0
BRH:0
end_of_record
TN:
SF:src/utils/logger.js
FNF:0
FNH:0
DA:1,0
DA:3,0
DA:10,0
LF:3
LH:0
BRDA:4,0,0,0
BRDA:4,0,1,0
BRDA:4,1,0,0
BRDA:4,1,1,0
BRDA:5,2,0,0
BRDA:5,2,1,0
BRF:6
BRH:0
end_of_record
